{"total": {"lines":{"total":3560,"covered":3053,"skipped":0,"pct":85.75},"statements":{"total":3854,"covered":3277,"skipped":0,"pct":85.02},"functions":{"total":636,"covered":574,"skipped":0,"pct":90.25},"branches":{"total":1909,"covered":1482,"skipped":0,"pct":77.63},"branchesTrue":{"total":0,"covered":0,"skipped":0,"pct":100}}
,"/Users/isyahex/Desktop/prjct/practix/server/src/app.module.ts": {"lines":{"total":27,"covered":0,"skipped":0,"pct":0},"functions":{"total":1,"covered":0,"skipped":0,"pct":0},"statements":{"total":29,"covered":0,"skipped":0,"pct":0},"branches":{"total":0,"covered":0,"skipped":0,"pct":100}}
,"/Users/isyahex/Desktop/prjct/practix/server/src/main.ts": {"lines":{"total":37,"covered":0,"skipped":0,"pct":0},"functions":{"total":4,"covered":0,"skipped":0,"pct":0},"statements":{"total":38,"covered":0,"skipped":0,"pct":0},"branches":{"total":16,"covered":0,"skipped":0,"pct":0}}
,"/Users/isyahex/Desktop/prjct/practix/server/src/admin/admin.controller.ts": {"lines":{"total":19,"covered":19,"skipped":0,"pct":100},"functions":{"total":7,"covered":7,"skipped":0,"pct":100},"statements":{"total":21,"covered":21,"skipped":0,"pct":100},"branches":{"total":0,"covered":0,"skipped":0,"pct":100}}
,"/Users/isyahex/Desktop/prjct/practix/server/src/admin/admin.module.ts": {"lines":{"total":5,"covered":0,"skipped":0,"pct":0},"functions":{"total":0,"covered":0,"skipped":0,"pct":100},"statements":{"total":7,"covered":0,"skipped":0,"pct":0},"branches":{"total":0,"covered":0,"skipped":0,"pct":100}}
,"/Users/isyahex/Desktop/prjct/practix/server/src/admin/admin.service.ts": {"lines":{"total":95,"covered":95,"skipped":0,"pct":100},"functions":{"total":28,"covered":28,"skipped":0,"pct":100},"statements":{"total":103,"covered":103,"skipped":0,"pct":100},"branches":{"total":56,"covered":44,"skipped":0,"pct":78.57}}
,"/Users/isyahex/Desktop/prjct/practix/server/src/ai/ai.config.ts": {"lines":{"total":3,"covered":3,"skipped":0,"pct":100},"functions":{"total":0,"covered":0,"skipped":0,"pct":100},"statements":{"total":3,"covered":3,"skipped":0,"pct":100},"branches":{"total":0,"covered":0,"skipped":0,"pct":100}}
,"/Users/isyahex/Desktop/prjct/practix/server/src/ai/ai.controller.ts": {"lines":{"total":9,"covered":9,"skipped":0,"pct":100},"functions":{"total":2,"covered":2,"skipped":0,"pct":100},"statements":{"total":11,"covered":11,"skipped":0,"pct":100},"branches":{"total":2,"covered":2,"skipped":0,"pct":100}}
,"/Users/isyahex/Desktop/prjct/practix/server/src/ai/ai.module.ts": {"lines":{"total":6,"covered":0,"skipped":0,"pct":0},"functions":{"total":0,"covered":0,"skipped":0,"pct":100},"statements":{"total":8,"covered":0,"skipped":0,"pct":0},"branches":{"total":0,"covered":0,"skipped":0,"pct":100}}
,"/Users/isyahex/Desktop/prjct/practix/server/src/ai/ai.service.ts": {"lines":{"total":84,"covered":80,"skipped":0,"pct":95.23},"functions":{"total":7,"covered":7,"skipped":0,"pct":100},"statements":{"total":88,"covered":84,"skipped":0,"pct":95.45},"branches":{"total":55,"covered":47,"skipped":0,"pct":85.45}}
,"/Users/isyahex/Desktop/prjct/practix/server/src/ai/dto/ai.dto.ts": {"lines":{"total":8,"covered":8,"skipped":0,"pct":100},"functions":{"total":0,"covered":0,"skipped":0,"pct":100},"statements":{"total":8,"covered":8,"skipped":0,"pct":100},"branches":{"total":0,"covered":0,"skipped":0,"pct":100}}
,"/Users/isyahex/Desktop/prjct/practix/server/src/auth/auth.controller.ts": {"lines":{"total":20,"covered":20,"skipped":0,"pct":100},"functions":{"total":4,"covered":4,"skipped":0,"pct":100},"statements":{"total":22,"covered":22,"skipped":0,"pct":100},"branches":{"total":38,"covered":35,"skipped":0,"pct":92.1}}
,"/Users/isyahex/Desktop/prjct/practix/server/src/auth/auth.module.ts": {"lines":{"total":11,"covered":0,"skipped":0,"pct":0},"functions":{"total":1,"covered":0,"skipped":0,"pct":0},"statements":{"total":13,"covered":0,"skipped":0,"pct":0},"branches":{"total":2,"covered":0,"skipped":0,"pct":0}}
,"/Users/isyahex/Desktop/prjct/practix/server/src/auth/auth.service.ts": {"lines":{"total":46,"covered":46,"skipped":0,"pct":100},"functions":{"total":6,"covered":6,"skipped":0,"pct":100},"statements":{"total":49,"covered":49,"skipped":0,"pct":100},"branches":{"total":12,"covered":10,"skipped":0,"pct":83.33}}
,"/Users/isyahex/Desktop/prjct/practix/server/src/auth/dto/auth.dto.ts": {"lines":{"total":8,"covered":0,"skipped":0,"pct":0},"functions":{"total":0,"covered":0,"skipped":0,"pct":100},"statements":{"total":8,"covered":0,"skipped":0,"pct":0},"branches":{"total":0,"covered":0,"skipped":0,"pct":100}}
,"/Users/isyahex/Desktop/prjct/practix/server/src/auth/guards/admin.guard.ts": {"lines":{"total":12,"covered":12,"skipped":0,"pct":100},"functions":{"total":2,"covered":2,"skipped":0,"pct":100},"statements":{"total":14,"covered":14,"skipped":0,"pct":100},"branches":{"total":10,"covered":10,"skipped":0,"pct":100}}
,"/Users/isyahex/Desktop/prjct/practix/server/src/auth/guards/jwt-auth.guard.ts": {"lines":{"total":38,"covered":37,"skipped":0,"pct":97.36},"functions":{"total":5,"covered":5,"skipped":0,"pct":100},"statements":{"total":42,"covered":41,"skipped":0,"pct":97.61},"branches":{"total":21,"covered":15,"skipped":0,"pct":71.42}}
,"/Users/isyahex/Desktop/prjct/practix/server/src/auth/guards/optional-jwt.guard.ts": {"lines":{"total":4,"covered":4,"skipped":0,"pct":100},"functions":{"total":1,"covered":1,"skipped":0,"pct":100},"statements":{"total":6,"covered":6,"skipped":0,"pct":100},"branches":{"total":2,"covered":2,"skipped":0,"pct":100}}
,"/Users/isyahex/Desktop/prjct/practix/server/src/auth/strategies/jwt.strategy.ts": {"lines":{"total":14,"covered":14,"skipped":0,"pct":100},"functions":{"total":2,"covered":2,"skipped":0,"pct":100},"statements":{"total":16,"covered":16,"skipped":0,"pct":100},"branches":{"total":4,"covered":4,"skipped":0,"pct":100}}
,"/Users/isyahex/Desktop/prjct/practix/server/src/bugreports/bugreports.controller.ts": {"lines":{"total":17,"covered":17,"skipped":0,"pct":100},"functions":{"total":6,"covered":6,"skipped":0,"pct":100},"statements":{"total":19,"covered":19,"skipped":0,"pct":100},"branches":{"total":0,"covered":0,"skipped":0,"pct":100}}
,"/Users/isyahex/Desktop/prjct/practix/server/src/bugreports/bugreports.module.ts": {"lines":{"total":4,"covered":0,"skipped":0,"pct":0},"functions":{"total":0,"covered":0,"skipped":0,"pct":100},"statements":{"total":6,"covered":0,"skipped":0,"pct":0},"branches":{"total":0,"covered":0,"skipped":0,"pct":100}}
,"/Users/isyahex/Desktop/prjct/practix/server/src/bugreports/bugreports.service.ts": {"lines":{"total":22,"covered":22,"skipped":0,"pct":100},"functions":{"total":6,"covered":6,"skipped":0,"pct":100},"statements":{"total":27,"covered":27,"skipped":0,"pct":100},"branches":{"total":26,"covered":26,"skipped":0,"pct":100}}
,"/Users/isyahex/Desktop/prjct/practix/server/src/bugreports/dto/bugreports.dto.ts": {"lines":{"total":27,"covered":27,"skipped":0,"pct":100},"functions":{"total":4,"covered":3,"skipped":0,"pct":75},"statements":{"total":28,"covered":27,"skipped":0,"pct":96.42},"branches":{"total":6,"covered":6,"skipped":0,"pct":100}}
,"/Users/isyahex/Desktop/prjct/practix/server/src/cache/cache.module.ts": {"lines":{"total":4,"covered":0,"skipped":0,"pct":0},"functions":{"total":0,"covered":0,"skipped":0,"pct":100},"statements":{"total":6,"covered":0,"skipped":0,"pct":0},"branches":{"total":0,"covered":0,"skipped":0,"pct":100}}
,"/Users/isyahex/Desktop/prjct/practix/server/src/cache/cache.service.ts": {"lines":{"total":137,"covered":111,"skipped":0,"pct":81.02},"functions":{"total":21,"covered":17,"skipped":0,"pct":80.95},"statements":{"total":150,"covered":124,"skipped":0,"pct":82.66},"branches":{"total":67,"covered":48,"skipped":0,"pct":71.64}}
,"/Users/isyahex/Desktop/prjct/practix/server/src/common/index.ts": {"lines":{"total":2,"covered":0,"skipped":0,"pct":0},"functions":{"total":0,"covered":0,"skipped":0,"pct":100},"statements":{"total":2,"covered":0,"skipped":0,"pct":0},"branches":{"total":0,"covered":0,"skipped":0,"pct":100}}
,"/Users/isyahex/Desktop/prjct/practix/server/src/common/dto/index.ts": {"lines":{"total":22,"covered":22,"skipped":0,"pct":100},"functions":{"total":0,"covered":0,"skipped":0,"pct":100},"statements":{"total":22,"covered":22,"skipped":0,"pct":100},"branches":{"total":0,"covered":0,"skipped":0,"pct":100}}
,"/Users/isyahex/Desktop/prjct/practix/server/src/common/filters/http-exception.filter.ts": {"lines":{"total":30,"covered":30,"skipped":0,"pct":100},"functions":{"total":2,"covered":2,"skipped":0,"pct":100},"statements":{"total":32,"covered":32,"skipped":0,"pct":100},"branches":{"total":22,"covered":20,"skipped":0,"pct":90.9}}
,"/Users/isyahex/Desktop/prjct/practix/server/src/common/guards/ip-whitelist.guard.ts": {"lines":{"total":80,"covered":74,"skipped":0,"pct":92.5},"functions":{"total":10,"covered":10,"skipped":0,"pct":100},"statements":{"total":83,"covered":77,"skipped":0,"pct":92.77},"branches":{"total":63,"covered":48,"skipped":0,"pct":76.19}}
,"/Users/isyahex/Desktop/prjct/practix/server/src/common/guards/playground-throttler.guard.ts": {"lines":{"total":51,"covered":51,"skipped":0,"pct":100},"functions":{"total":5,"covered":5,"skipped":0,"pct":100},"statements":{"total":53,"covered":53,"skipped":0,"pct":100},"branches":{"total":29,"covered":27,"skipped":0,"pct":93.1}}
,"/Users/isyahex/Desktop/prjct/practix/server/src/common/logger/logger.module.ts": {"lines":{"total":7,"covered":0,"skipped":0,"pct":0},"functions":{"total":0,"covered":0,"skipped":0,"pct":100},"statements":{"total":9,"covered":0,"skipped":0,"pct":0},"branches":{"total":6,"covered":0,"skipped":0,"pct":0}}
,"/Users/isyahex/Desktop/prjct/practix/server/src/common/sentry/sentry.interceptor.ts": {"lines":{"total":24,"covered":24,"skipped":0,"pct":100},"functions":{"total":5,"covered":5,"skipped":0,"pct":100},"statements":{"total":28,"covered":28,"skipped":0,"pct":100},"branches":{"total":6,"covered":6,"skipped":0,"pct":100}}
,"/Users/isyahex/Desktop/prjct/practix/server/src/common/sentry/sentry.module.ts": {"lines":{"total":16,"covered":0,"skipped":0,"pct":0},"functions":{"total":3,"covered":0,"skipped":0,"pct":0},"statements":{"total":18,"covered":0,"skipped":0,"pct":0},"branches":{"total":14,"covered":0,"skipped":0,"pct":0}}
,"/Users/isyahex/Desktop/prjct/practix/server/src/common/utils/device-parser.ts": {"lines":{"total":14,"covered":6,"skipped":0,"pct":42.85},"functions":{"total":3,"covered":1,"skipped":0,"pct":33.33},"statements":{"total":15,"covered":6,"skipped":0,"pct":40},"branches":{"total":7,"covered":1,"skipped":0,"pct":14.28}}
,"/Users/isyahex/Desktop/prjct/practix/server/src/common/utils/index.ts": {"lines":{"total":1,"covered":0,"skipped":0,"pct":0},"functions":{"total":0,"covered":0,"skipped":0,"pct":100},"statements":{"total":1,"covered":0,"skipped":0,"pct":0},"branches":{"total":0,"covered":0,"skipped":0,"pct":100}}
,"/Users/isyahex/Desktop/prjct/practix/server/src/courses/courses.controller.ts": {"lines":{"total":16,"covered":16,"skipped":0,"pct":100},"functions":{"total":5,"covered":5,"skipped":0,"pct":100},"statements":{"total":18,"covered":18,"skipped":0,"pct":100},"branches":{"total":12,"covered":12,"skipped":0,"pct":100}}
,"/Users/isyahex/Desktop/prjct/practix/server/src/courses/courses.module.ts": {"lines":{"total":5,"covered":0,"skipped":0,"pct":0},"functions":{"total":0,"covered":0,"skipped":0,"pct":100},"statements":{"total":7,"covered":0,"skipped":0,"pct":0},"branches":{"total":0,"covered":0,"skipped":0,"pct":100}}
,"/Users/isyahex/Desktop/prjct/practix/server/src/courses/courses.service.ts": {"lines":{"total":74,"covered":74,"skipped":0,"pct":100},"functions":{"total":23,"covered":23,"skipped":0,"pct":100},"statements":{"total":85,"covered":84,"skipped":0,"pct":98.82},"branches":{"total":28,"covered":22,"skipped":0,"pct":78.57}}
,"/Users/isyahex/Desktop/prjct/practix/server/src/gamification/gamification.controller.ts": {"lines":{"total":13,"covered":13,"skipped":0,"pct":100},"functions":{"total":4,"covered":4,"skipped":0,"pct":100},"statements":{"total":15,"covered":15,"skipped":0,"pct":100},"branches":{"total":2,"covered":2,"skipped":0,"pct":100}}
,"/Users/isyahex/Desktop/prjct/practix/server/src/gamification/gamification.module.ts": {"lines":{"total":5,"covered":0,"skipped":0,"pct":0},"functions":{"total":0,"covered":0,"skipped":0,"pct":100},"statements":{"total":7,"covered":0,"skipped":0,"pct":0},"branches":{"total":0,"covered":0,"skipped":0,"pct":100}}
,"/Users/isyahex/Desktop/prjct/practix/server/src/gamification/gamification.service.ts": {"lines":{"total":103,"covered":100,"skipped":0,"pct":97.08},"functions":{"total":16,"covered":16,"skipped":0,"pct":100},"statements":{"total":111,"covered":108,"skipped":0,"pct":97.29},"branches":{"total":71,"covered":61,"skipped":0,"pct":85.91}}
,"/Users/isyahex/Desktop/prjct/practix/server/src/health/health.controller.ts": {"lines":{"total":35,"covered":33,"skipped":0,"pct":94.28},"functions":{"total":13,"covered":12,"skipped":0,"pct":92.3},"statements":{"total":37,"covered":35,"skipped":0,"pct":94.59},"branches":{"total":0,"covered":0,"skipped":0,"pct":100}}
,"/Users/isyahex/Desktop/prjct/practix/server/src/health/health.module.ts": {"lines":{"total":11,"covered":0,"skipped":0,"pct":0},"functions":{"total":0,"covered":0,"skipped":0,"pct":100},"statements":{"total":13,"covered":0,"skipped":0,"pct":0},"branches":{"total":0,"covered":0,"skipped":0,"pct":100}}
,"/Users/isyahex/Desktop/prjct/practix/server/src/health/judge0.health.ts": {"lines":{"total":11,"covered":4,"skipped":0,"pct":36.36},"functions":{"total":2,"covered":0,"skipped":0,"pct":0},"statements":{"total":13,"covered":6,"skipped":0,"pct":46.15},"branches":{"total":4,"covered":0,"skipped":0,"pct":0}}
,"/Users/isyahex/Desktop/prjct/practix/server/src/health/metrics.service.ts": {"lines":{"total":26,"covered":26,"skipped":0,"pct":100},"functions":{"total":9,"covered":9,"skipped":0,"pct":100},"statements":{"total":28,"covered":28,"skipped":0,"pct":100},"branches":{"total":2,"covered":2,"skipped":0,"pct":100}}
,"/Users/isyahex/Desktop/prjct/practix/server/src/health/prisma.health.ts": {"lines":{"total":11,"covered":11,"skipped":0,"pct":100},"functions":{"total":2,"covered":2,"skipped":0,"pct":100},"statements":{"total":13,"covered":13,"skipped":0,"pct":100},"branches":{"total":2,"covered":2,"skipped":0,"pct":100}}
,"/Users/isyahex/Desktop/prjct/practix/server/src/health/redis.health.ts": {"lines":{"total":19,"covered":19,"skipped":0,"pct":100},"functions":{"total":2,"covered":2,"skipped":0,"pct":100},"statements":{"total":22,"covered":22,"skipped":0,"pct":100},"branches":{"total":6,"covered":6,"skipped":0,"pct":100}}
,"/Users/isyahex/Desktop/prjct/practix/server/src/judge0/judge0.module.ts": {"lines":{"total":4,"covered":0,"skipped":0,"pct":0},"functions":{"total":0,"covered":0,"skipped":0,"pct":100},"statements":{"total":6,"covered":0,"skipped":0,"pct":0},"branches":{"total":0,"covered":0,"skipped":0,"pct":100}}
,"/Users/isyahex/Desktop/prjct/practix/server/src/judge0/judge0.service.ts": {"lines":{"total":163,"covered":8,"skipped":0,"pct":4.9},"functions":{"total":29,"covered":0,"skipped":0,"pct":0},"statements":{"total":181,"covered":10,"skipped":0,"pct":5.52},"branches":{"total":150,"covered":0,"skipped":0,"pct":0}}
,"/Users/isyahex/Desktop/prjct/practix/server/src/payments/payments.controller.ts": {"lines":{"total":24,"covered":24,"skipped":0,"pct":100},"functions":{"total":9,"covered":9,"skipped":0,"pct":100},"statements":{"total":26,"covered":26,"skipped":0,"pct":100},"branches":{"total":4,"covered":4,"skipped":0,"pct":100}}
,"/Users/isyahex/Desktop/prjct/practix/server/src/payments/payments.module.ts": {"lines":{"total":9,"covered":0,"skipped":0,"pct":0},"functions":{"total":0,"covered":0,"skipped":0,"pct":100},"statements":{"total":11,"covered":0,"skipped":0,"pct":0},"branches":{"total":0,"covered":0,"skipped":0,"pct":100}}
,"/Users/isyahex/Desktop/prjct/practix/server/src/payments/payments.service.ts": {"lines":{"total":78,"covered":77,"skipped":0,"pct":98.71},"functions":{"total":15,"covered":15,"skipped":0,"pct":100},"statements":{"total":82,"covered":81,"skipped":0,"pct":98.78},"branches":{"total":44,"covered":38,"skipped":0,"pct":86.36}}
,"/Users/isyahex/Desktop/prjct/practix/server/src/payments/dto/payment.dto.ts": {"lines":{"total":34,"covered":34,"skipped":0,"pct":100},"functions":{"total":3,"covered":3,"skipped":0,"pct":100},"statements":{"total":34,"covered":34,"skipped":0,"pct":100},"branches":{"total":6,"covered":6,"skipped":0,"pct":100}}
,"/Users/isyahex/Desktop/prjct/practix/server/src/payments/providers/click.provider.ts": {"lines":{"total":99,"covered":92,"skipped":0,"pct":92.92},"functions":{"total":14,"covered":13,"skipped":0,"pct":92.85},"statements":{"total":101,"covered":94,"skipped":0,"pct":93.06},"branches":{"total":72,"covered":61,"skipped":0,"pct":84.72}}
,"/Users/isyahex/Desktop/prjct/practix/server/src/payments/providers/payme.provider.ts": {"lines":{"total":132,"covered":132,"skipped":0,"pct":100},"functions":{"total":19,"covered":19,"skipped":0,"pct":100},"statements":{"total":134,"covered":134,"skipped":0,"pct":100},"branches":{"total":98,"covered":87,"skipped":0,"pct":88.77}}
,"/Users/isyahex/Desktop/prjct/practix/server/src/prisma/prisma.module.ts": {"lines":{"total":3,"covered":0,"skipped":0,"pct":0},"functions":{"total":0,"covered":0,"skipped":0,"pct":100},"statements":{"total":5,"covered":0,"skipped":0,"pct":0},"branches":{"total":0,"covered":0,"skipped":0,"pct":100}}
,"/Users/isyahex/Desktop/prjct/practix/server/src/prisma/prisma.service.ts": {"lines":{"total":5,"covered":5,"skipped":0,"pct":100},"functions":{"total":2,"covered":2,"skipped":0,"pct":100},"statements":{"total":7,"covered":7,"skipped":0,"pct":100},"branches":{"total":0,"covered":0,"skipped":0,"pct":100}}
,"/Users/isyahex/Desktop/prjct/practix/server/src/queue/code-execution.processor.ts": {"lines":{"total":48,"covered":38,"skipped":0,"pct":79.16},"functions":{"total":6,"covered":6,"skipped":0,"pct":100},"statements":{"total":50,"covered":40,"skipped":0,"pct":80},"branches":{"total":21,"covered":11,"skipped":0,"pct":52.38}}
,"/Users/isyahex/Desktop/prjct/practix/server/src/queue/code-execution.service.ts": {"lines":{"total":60,"covered":55,"skipped":0,"pct":91.66},"functions":{"total":12,"covered":11,"skipped":0,"pct":91.66},"statements":{"total":62,"covered":57,"skipped":0,"pct":91.93},"branches":{"total":76,"covered":58,"skipped":0,"pct":76.31}}
,"/Users/isyahex/Desktop/prjct/practix/server/src/queue/constants.ts": {"lines":{"total":2,"covered":2,"skipped":0,"pct":100},"functions":{"total":0,"covered":0,"skipped":0,"pct":100},"statements":{"total":2,"covered":2,"skipped":0,"pct":100},"branches":{"total":0,"covered":0,"skipped":0,"pct":100}}
,"/Users/isyahex/Desktop/prjct/practix/server/src/queue/dead-letter.service.ts": {"lines":{"total":59,"covered":59,"skipped":0,"pct":100},"functions":{"total":12,"covered":12,"skipped":0,"pct":100},"statements":{"total":66,"covered":66,"skipped":0,"pct":100},"branches":{"total":24,"covered":24,"skipped":0,"pct":100}}
,"/Users/isyahex/Desktop/prjct/practix/server/src/queue/queue.module.ts": {"lines":{"total":15,"covered":0,"skipped":0,"pct":0},"functions":{"total":1,"covered":0,"skipped":0,"pct":0},"statements":{"total":17,"covered":0,"skipped":0,"pct":0},"branches":{"total":16,"covered":0,"skipped":0,"pct":0}}
,"/Users/isyahex/Desktop/prjct/practix/server/src/queue/shutdown.service.ts": {"lines":{"total":44,"covered":41,"skipped":0,"pct":93.18},"functions":{"total":6,"covered":6,"skipped":0,"pct":100},"statements":{"total":48,"covered":45,"skipped":0,"pct":93.75},"branches":{"total":12,"covered":10,"skipped":0,"pct":83.33}}
,"/Users/isyahex/Desktop/prjct/practix/server/src/roadmaps/roadmap.config.ts": {"lines":{"total":8,"covered":8,"skipped":0,"pct":100},"functions":{"total":0,"covered":0,"skipped":0,"pct":100},"statements":{"total":8,"covered":8,"skipped":0,"pct":100},"branches":{"total":0,"covered":0,"skipped":0,"pct":100}}
,"/Users/isyahex/Desktop/prjct/practix/server/src/roadmaps/roadmaps.controller.ts": {"lines":{"total":20,"covered":20,"skipped":0,"pct":100},"functions":{"total":8,"covered":8,"skipped":0,"pct":100},"statements":{"total":22,"covered":22,"skipped":0,"pct":100},"branches":{"total":0,"covered":0,"skipped":0,"pct":100}}
,"/Users/isyahex/Desktop/prjct/practix/server/src/roadmaps/roadmaps.module.ts": {"lines":{"total":6,"covered":0,"skipped":0,"pct":0},"functions":{"total":0,"covered":0,"skipped":0,"pct":100},"statements":{"total":8,"covered":0,"skipped":0,"pct":0},"branches":{"total":0,"covered":0,"skipped":0,"pct":100}}
,"/Users/isyahex/Desktop/prjct/practix/server/src/roadmaps/roadmaps.service.ts": {"lines":{"total":287,"covered":287,"skipped":0,"pct":100},"functions":{"total":65,"covered":65,"skipped":0,"pct":100},"statements":{"total":316,"covered":314,"skipped":0,"pct":99.36},"branches":{"total":179,"covered":154,"skipped":0,"pct":86.03}}
,"/Users/isyahex/Desktop/prjct/practix/server/src/roadmaps/dto/roadmaps.dto.ts": {"lines":{"total":23,"covered":23,"skipped":0,"pct":100},"functions":{"total":0,"covered":0,"skipped":0,"pct":100},"statements":{"total":23,"covered":23,"skipped":0,"pct":100},"branches":{"total":0,"covered":0,"skipped":0,"pct":100}}
,"/Users/isyahex/Desktop/prjct/practix/server/src/security/activity-logger.service.ts": {"lines":{"total":115,"covered":113,"skipped":0,"pct":98.26},"functions":{"total":21,"covered":21,"skipped":0,"pct":100},"statements":{"total":119,"covered":117,"skipped":0,"pct":98.31},"branches":{"total":57,"covered":52,"skipped":0,"pct":91.22}}
,"/Users/isyahex/Desktop/prjct/practix/server/src/security/code-scanner.service.ts": {"lines":{"total":71,"covered":70,"skipped":0,"pct":98.59},"functions":{"total":13,"covered":12,"skipped":0,"pct":92.3},"statements":{"total":76,"covered":74,"skipped":0,"pct":97.36},"branches":{"total":34,"covered":33,"skipped":0,"pct":97.05}}
,"/Users/isyahex/Desktop/prjct/practix/server/src/security/ip-ban.service.ts": {"lines":{"total":72,"covered":72,"skipped":0,"pct":100},"functions":{"total":13,"covered":13,"skipped":0,"pct":100},"statements":{"total":79,"covered":79,"skipped":0,"pct":100},"branches":{"total":42,"covered":40,"skipped":0,"pct":95.23}}
,"/Users/isyahex/Desktop/prjct/practix/server/src/security/security-validation.service.ts": {"lines":{"total":22,"covered":22,"skipped":0,"pct":100},"functions":{"total":6,"covered":6,"skipped":0,"pct":100},"statements":{"total":24,"covered":24,"skipped":0,"pct":100},"branches":{"total":6,"covered":6,"skipped":0,"pct":100}}
,"/Users/isyahex/Desktop/prjct/practix/server/src/security/security.module.ts": {"lines":{"total":11,"covered":0,"skipped":0,"pct":0},"functions":{"total":0,"covered":0,"skipped":0,"pct":100},"statements":{"total":13,"covered":0,"skipped":0,"pct":0},"branches":{"total":0,"covered":0,"skipped":0,"pct":100}}
,"/Users/isyahex/Desktop/prjct/practix/server/src/security/guards/ip-ban.guard.ts": {"lines":{"total":16,"covered":16,"skipped":0,"pct":100},"functions":{"total":3,"covered":3,"skipped":0,"pct":100},"statements":{"total":18,"covered":18,"skipped":0,"pct":100},"branches":{"total":11,"covered":11,"skipped":0,"pct":100}}
,"/Users/isyahex/Desktop/prjct/practix/server/src/security/middleware/security.middleware.ts": {"lines":{"total":50,"covered":50,"skipped":0,"pct":100},"functions":{"total":5,"covered":5,"skipped":0,"pct":100},"statements":{"total":52,"covered":52,"skipped":0,"pct":100},"branches":{"total":35,"covered":31,"skipped":0,"pct":88.57}}
,"/Users/isyahex/Desktop/prjct/practix/server/src/sessions/session-cleanup.service.ts": {"lines":{"total":35,"covered":35,"skipped":0,"pct":100},"functions":{"total":5,"covered":5,"skipped":0,"pct":100},"statements":{"total":37,"covered":37,"skipped":0,"pct":100},"branches":{"total":4,"covered":4,"skipped":0,"pct":100}}
,"/Users/isyahex/Desktop/prjct/practix/server/src/sessions/sessions.controller.ts": {"lines":{"total":15,"covered":15,"skipped":0,"pct":100},"functions":{"total":5,"covered":5,"skipped":0,"pct":100},"statements":{"total":19,"covered":19,"skipped":0,"pct":100},"branches":{"total":2,"covered":2,"skipped":0,"pct":100}}
,"/Users/isyahex/Desktop/prjct/practix/server/src/sessions/sessions.module.ts": {"lines":{"total":6,"covered":0,"skipped":0,"pct":0},"functions":{"total":0,"covered":0,"skipped":0,"pct":100},"statements":{"total":8,"covered":0,"skipped":0,"pct":0},"branches":{"total":0,"covered":0,"skipped":0,"pct":100}}
,"/Users/isyahex/Desktop/prjct/practix/server/src/sessions/sessions.service.ts": {"lines":{"total":36,"covered":36,"skipped":0,"pct":100},"functions":{"total":12,"covered":12,"skipped":0,"pct":100},"statements":{"total":38,"covered":38,"skipped":0,"pct":100},"branches":{"total":8,"covered":8,"skipped":0,"pct":100}}
,"/Users/isyahex/Desktop/prjct/practix/server/src/submissions/result-formatter.service.ts": {"lines":{"total":32,"covered":31,"skipped":0,"pct":96.87},"functions":{"total":6,"covered":6,"skipped":0,"pct":100},"statements":{"total":34,"covered":33,"skipped":0,"pct":97.05},"branches":{"total":38,"covered":37,"skipped":0,"pct":97.36}}
,"/Users/isyahex/Desktop/prjct/practix/server/src/submissions/submissions.controller.ts": {"lines":{"total":58,"covered":52,"skipped":0,"pct":89.65},"functions":{"total":20,"covered":14,"skipped":0,"pct":70},"statements":{"total":61,"covered":55,"skipped":0,"pct":90.16},"branches":{"total":17,"covered":17,"skipped":0,"pct":100}}
,"/Users/isyahex/Desktop/prjct/practix/server/src/submissions/submissions.module.ts": {"lines":{"total":13,"covered":0,"skipped":0,"pct":0},"functions":{"total":0,"covered":0,"skipped":0,"pct":100},"statements":{"total":15,"covered":0,"skipped":0,"pct":0},"branches":{"total":0,"covered":0,"skipped":0,"pct":100}}
,"/Users/isyahex/Desktop/prjct/practix/server/src/submissions/submissions.service.ts": {"lines":{"total":137,"covered":137,"skipped":0,"pct":100},"functions":{"total":16,"covered":16,"skipped":0,"pct":100},"statements":{"total":139,"covered":139,"skipped":0,"pct":100},"branches":{"total":116,"covered":114,"skipped":0,"pct":98.27}}
,"/Users/isyahex/Desktop/prjct/practix/server/src/submissions/test-parser.service.ts": {"lines":{"total":65,"covered":63,"skipped":0,"pct":96.92},"functions":{"total":10,"covered":10,"skipped":0,"pct":100},"statements":{"total":68,"covered":66,"skipped":0,"pct":97.05},"branches":{"total":58,"covered":52,"skipped":0,"pct":89.65}}
,"/Users/isyahex/Desktop/prjct/practix/server/src/submissions/dto/submissions.dto.ts": {"lines":{"total":19,"covered":19,"skipped":0,"pct":100},"functions":{"total":0,"covered":0,"skipped":0,"pct":100},"statements":{"total":19,"covered":19,"skipped":0,"pct":100},"branches":{"total":0,"covered":0,"skipped":0,"pct":100}}
,"/Users/isyahex/Desktop/prjct/practix/server/src/subscriptions/access-control.service.ts": {"lines":{"total":53,"covered":53,"skipped":0,"pct":100},"functions":{"total":11,"covered":11,"skipped":0,"pct":100},"statements":{"total":55,"covered":55,"skipped":0,"pct":100},"branches":{"total":40,"covered":38,"skipped":0,"pct":95}}
,"/Users/isyahex/Desktop/prjct/practix/server/src/subscriptions/subscriptions.controller.ts": {"lines":{"total":32,"covered":27,"skipped":0,"pct":84.37},"functions":{"total":9,"covered":8,"skipped":0,"pct":88.88},"statements":{"total":34,"covered":29,"skipped":0,"pct":85.29},"branches":{"total":8,"covered":3,"skipped":0,"pct":37.5}}
,"/Users/isyahex/Desktop/prjct/practix/server/src/subscriptions/subscriptions.module.ts": {"lines":{"total":6,"covered":0,"skipped":0,"pct":0},"functions":{"total":0,"covered":0,"skipped":0,"pct":100},"statements":{"total":8,"covered":0,"skipped":0,"pct":0},"branches":{"total":0,"covered":0,"skipped":0,"pct":100}}
,"/Users/isyahex/Desktop/prjct/practix/server/src/subscriptions/subscriptions.service.ts": {"lines":{"total":42,"covered":40,"skipped":0,"pct":95.23},"functions":{"total":10,"covered":10,"skipped":0,"pct":100},"statements":{"total":44,"covered":42,"skipped":0,"pct":95.45},"branches":{"total":20,"covered":18,"skipped":0,"pct":90}}
,"/Users/isyahex/Desktop/prjct/practix/server/src/subscriptions/dto/subscription.dto.ts": {"lines":{"total":8,"covered":0,"skipped":0,"pct":0},"functions":{"total":0,"covered":0,"skipped":0,"pct":100},"statements":{"total":8,"covered":0,"skipped":0,"pct":0},"branches":{"total":0,"covered":0,"skipped":0,"pct":100}}
,"/Users/isyahex/Desktop/prjct/practix/server/src/tasks/tasks.controller.ts": {"lines":{"total":10,"covered":10,"skipped":0,"pct":100},"functions":{"total":3,"covered":3,"skipped":0,"pct":100},"statements":{"total":12,"covered":12,"skipped":0,"pct":100},"branches":{"total":8,"covered":8,"skipped":0,"pct":100}}
,"/Users/isyahex/Desktop/prjct/practix/server/src/tasks/tasks.module.ts": {"lines":{"total":4,"covered":0,"skipped":0,"pct":0},"functions":{"total":0,"covered":0,"skipped":0,"pct":100},"statements":{"total":6,"covered":0,"skipped":0,"pct":0},"branches":{"total":0,"covered":0,"skipped":0,"pct":100}}
,"/Users/isyahex/Desktop/prjct/practix/server/src/tasks/tasks.service.ts": {"lines":{"total":19,"covered":19,"skipped":0,"pct":100},"functions":{"total":6,"covered":6,"skipped":0,"pct":100},"statements":{"total":25,"covered":25,"skipped":0,"pct":100},"branches":{"total":10,"covered":9,"skipped":0,"pct":90}}
,"/Users/isyahex/Desktop/prjct/practix/server/src/user-courses/index.ts": {"lines":{"total":4,"covered":0,"skipped":0,"pct":0},"functions":{"total":0,"covered":0,"skipped":0,"pct":100},"statements":{"total":4,"covered":0,"skipped":0,"pct":0},"branches":{"total":0,"covered":0,"skipped":0,"pct":100}}
,"/Users/isyahex/Desktop/prjct/practix/server/src/user-courses/user-courses.controller.ts": {"lines":{"total":14,"covered":13,"skipped":0,"pct":92.85},"functions":{"total":5,"covered":4,"skipped":0,"pct":80},"statements":{"total":16,"covered":15,"skipped":0,"pct":93.75},"branches":{"total":0,"covered":0,"skipped":0,"pct":100}}
,"/Users/isyahex/Desktop/prjct/practix/server/src/user-courses/user-courses.module.ts": {"lines":{"total":5,"covered":0,"skipped":0,"pct":0},"functions":{"total":0,"covered":0,"skipped":0,"pct":100},"statements":{"total":7,"covered":0,"skipped":0,"pct":0},"branches":{"total":0,"covered":0,"skipped":0,"pct":100}}
,"/Users/isyahex/Desktop/prjct/practix/server/src/user-courses/user-courses.service.ts": {"lines":{"total":79,"covered":79,"skipped":0,"pct":100},"functions":{"total":16,"covered":16,"skipped":0,"pct":100},"statements":{"total":85,"covered":85,"skipped":0,"pct":100},"branches":{"total":40,"covered":38,"skipped":0,"pct":95}}
,"/Users/isyahex/Desktop/prjct/practix/server/src/user-courses/dto/user-courses.dto.ts": {"lines":{"total":3,"covered":3,"skipped":0,"pct":100},"functions":{"total":0,"covered":0,"skipped":0,"pct":100},"statements":{"total":3,"covered":3,"skipped":0,"pct":100},"branches":{"total":0,"covered":0,"skipped":0,"pct":100}}
,"/Users/isyahex/Desktop/prjct/practix/server/src/users/users.controller.ts": {"lines":{"total":35,"covered":35,"skipped":0,"pct":100},"functions":{"total":8,"covered":8,"skipped":0,"pct":100},"statements":{"total":39,"covered":39,"skipped":0,"pct":100},"branches":{"total":8,"covered":6,"skipped":0,"pct":75}}
,"/Users/isyahex/Desktop/prjct/practix/server/src/users/users.module.ts": {"lines":{"total":4,"covered":0,"skipped":0,"pct":0},"functions":{"total":0,"covered":0,"skipped":0,"pct":100},"statements":{"total":6,"covered":0,"skipped":0,"pct":0},"branches":{"total":0,"covered":0,"skipped":0,"pct":100}}
,"/Users/isyahex/Desktop/prjct/practix/server/src/users/users.service.ts": {"lines":{"total":98,"covered":97,"skipped":0,"pct":98.97},"functions":{"total":20,"covered":19,"skipped":0,"pct":95},"statements":{"total":105,"covered":103,"skipped":0,"pct":98.09},"branches":{"total":54,"covered":44,"skipped":0,"pct":81.48}}
,"/Users/isyahex/Desktop/prjct/practix/server/src/users/dto/users.dto.ts": {"lines":{"total":15,"covered":14,"skipped":0,"pct":93.33},"functions":{"total":1,"covered":0,"skipped":0,"pct":0},"statements":{"total":15,"covered":14,"skipped":0,"pct":93.33},"branches":{"total":0,"covered":0,"skipped":0,"pct":100}}
}
