TN:
SF:src/app.module.ts
FN:74,(anonymous_1)
FNF:1
FNH:0
FNDA:0,(anonymous_1)
DA:1,0
DA:2,0
DA:3,0
DA:4,0
DA:5,0
DA:6,0
DA:7,0
DA:8,0
DA:9,0
DA:10,0
DA:11,0
DA:12,0
DA:13,0
DA:14,0
DA:15,0
DA:16,0
DA:17,0
DA:18,0
DA:19,0
DA:20,0
DA:21,0
DA:22,0
DA:23,0
DA:24,0
DA:25,0
DA:73,0
DA:76,0
LF:27
LH:0
BRF:0
BRH:0
end_of_record
TN:
SF:src/main.ts
FN:10,bootstrap
FN:105,(anonymous_1)
FN:105,(anonymous_2)
FN:109,(anonymous_3)
FNF:4
FNH:0
FNDA:0,bootstrap
FNDA:0,(anonymous_1)
FNDA:0,(anonymous_2)
FNDA:0,(anonymous_3)
DA:1,0
DA:2,0
DA:3,0
DA:4,0
DA:5,0
DA:6,0
DA:7,0
DA:8,0
DA:11,0
DA:16,0
DA:17,0
DA:20,0
DA:21,0
DA:61,0
DA:64,0
DA:67,0
DA:70,0
DA:71,0
DA:94,0
DA:95,0
DA:100,0
DA:104,0
DA:105,0
DA:108,0
DA:112,0
DA:113,0
DA:114,0
DA:115,0
DA:118,0
DA:121,0
DA:122,0
DA:124,0
DA:125,0
DA:133,0
DA:135,0
DA:136,0
DA:137,0
DA:139,0
LF:38
LH:0
BRDA:24,0,0,0
BRDA:24,0,1,0
BRDA:40,1,0,0
BRDA:40,1,1,0
BRDA:70,2,0,0
BRDA:70,2,1,0
BRDA:104,3,0,0
BRDA:104,3,1,0
BRDA:112,4,0,0
BRDA:112,4,1,0
BRDA:113,5,0,0
BRDA:113,5,1,0
BRDA:121,6,0,0
BRDA:121,6,1,0
BRDA:135,7,0,0
BRDA:135,7,1,0
BRF:16
BRH:0
end_of_record
TN:
SF:src/admin/admin.controller.ts
FN:11,(anonymous_2)
FN:18,(anonymous_3)
FN:27,(anonymous_4)
FN:36,(anonymous_5)
FN:45,(anonymous_6)
FN:54,(anonymous_7)
FN:63,(anonymous_8)
FNF:7
FNH:7
FNDA:7,(anonymous_2)
FNDA:1,(anonymous_3)
FNDA:1,(anonymous_4)
FNDA:1,(anonymous_5)
FNDA:1,(anonymous_6)
FNDA:1,(anonymous_7)
FNDA:1,(anonymous_8)
DA:1,1
DA:2,1
DA:3,1
DA:4,1
DA:5,1
DA:10,1
DA:11,7
DA:18,1
DA:19,1
DA:27,1
DA:28,1
DA:36,1
DA:37,1
DA:45,1
DA:46,1
DA:54,1
DA:55,1
DA:63,1
DA:64,1
LF:19
LH:19
BRF:0
BRH:0
end_of_record
TN:
SF:src/admin/admin.module.ts
FNF:0
FNH:0
DA:1,0
DA:2,0
DA:3,0
DA:4,0
DA:12,0
LF:5
LH:0
BRF:0
BRH:0
end_of_record
TN:
SF:src/admin/admin.service.ts
FN:6,(anonymous_2)
FN:12,(anonymous_3)
FN:82,(anonymous_4)
FN:112,(anonymous_5)
FN:119,(anonymous_6)
FN:123,(anonymous_7)
FN:142,(anonymous_8)
FN:155,(anonymous_9)
FN:187,(anonymous_10)
FN:191,(anonymous_11)
FN:196,(anonymous_12)
FN:202,(anonymous_13)
FN:223,(anonymous_14)
FN:227,(anonymous_15)
FN:232,(anonymous_16)
FN:237,(anonymous_17)
FN:253,(anonymous_18)
FN:277,(anonymous_19)
FN:301,(anonymous_20)
FN:318,(anonymous_21)
FN:351,(anonymous_22)
FN:364,(anonymous_23)
FN:367,(anonymous_24)
FN:380,(anonymous_25)
FN:412,(anonymous_26)
FN:438,(anonymous_27)
FN:444,(anonymous_28)
FN:445,(anonymous_29)
FNF:28
FNH:28
FNDA:24,(anonymous_2)
FNDA:4,(anonymous_3)
FNDA:4,(anonymous_4)
FNDA:5,(anonymous_5)
FNDA:3,(anonymous_6)
FNDA:8,(anonymous_7)
FNDA:4,(anonymous_8)
FNDA:4,(anonymous_9)
FNDA:7,(anonymous_10)
FNDA:5,(anonymous_11)
FNDA:8,(anonymous_12)
FNDA:8,(anonymous_13)
FNDA:8,(anonymous_14)
FNDA:3,(anonymous_15)
FNDA:3,(anonymous_16)
FNDA:3,(anonymous_17)
FNDA:3,(anonymous_18)
FNDA:4,(anonymous_19)
FNDA:2,(anonymous_20)
FNDA:3,(anonymous_21)
FNDA:1,(anonymous_22)
FNDA:1,(anonymous_23)
FNDA:1,(anonymous_24)
FNDA:1,(anonymous_25)
FNDA:5,(anonymous_26)
FNDA:4,(anonymous_27)
FNDA:4,(anonymous_28)
FNDA:2,(anonymous_29)
DA:1,2
DA:2,2
DA:5,2
DA:6,24
DA:13,4
DA:14,4
DA:15,4
DA:16,4
DA:19,4
DA:22,4
DA:31,4
DA:40,4
DA:49,4
DA:58,4
DA:64,4
DA:84,4
DA:95,4
DA:102,4
DA:111,4
DA:112,5
DA:118,4
DA:119,3
DA:123,4
DA:124,8
DA:125,8
DA:126,8
DA:128,8
DA:142,4
DA:144,4
DA:157,4
DA:168,4
DA:174,4
DA:181,4
DA:186,4
DA:187,7
DA:190,4
DA:191,5
DA:195,4
DA:196,4
DA:197,8
DA:198,8
DA:202,4
DA:203,8
DA:204,8
DA:205,8
DA:207,8
DA:209,8
DA:223,8
DA:226,4
DA:227,3
DA:231,4
DA:232,3
DA:236,4
DA:237,3
DA:240,4
DA:254,3
DA:255,3
DA:258,3
DA:261,3
DA:270,3
DA:277,4
DA:287,3
DA:300,3
DA:301,3
DA:302,2
DA:303,2
DA:306,3
DA:319,3
DA:320,3
DA:323,3
DA:330,3
DA:340,3
DA:351,3
DA:352,3
DA:364,3
DA:367,3
DA:368,1
DA:369,1
DA:380,3
DA:383,3
DA:389,3
DA:398,3
DA:413,5
DA:414,5
DA:417,5
DA:424,5
DA:437,5
DA:438,5
DA:439,4
DA:443,5
DA:444,4
DA:445,2
DA:448,5
DA:455,5
DA:457,5
LF:95
LH:95
BRDA:114,0,0,5
BRDA:114,0,1,0
BRDA:124,1,0,8
BRDA:124,1,1,3
BRDA:125,2,0,8
BRDA:125,2,1,5
BRDA:135,3,0,5
BRDA:135,3,1,3
BRDA:197,4,0,8
BRDA:197,4,1,5
BRDA:203,5,0,8
BRDA:203,5,1,1
BRDA:204,6,0,8
BRDA:204,6,1,3
BRDA:205,7,0,8
BRDA:205,7,1,3
BRDA:207,8,0,7
BRDA:207,8,1,1
BRDA:281,9,0,4
BRDA:281,9,1,0
BRDA:303,10,0,2
BRDA:303,10,1,2
BRDA:371,11,0,1
BRDA:371,11,1,0
BRDA:371,12,0,0
BRDA:371,12,1,1
BRDA:371,13,0,1
BRDA:371,13,1,1
BRDA:372,14,0,1
BRDA:372,14,1,0
BRDA:372,15,0,0
BRDA:372,15,1,1
BRDA:372,16,0,1
BRDA:372,16,1,1
BRDA:373,17,0,1
BRDA:373,17,1,0
BRDA:373,18,0,0
BRDA:373,18,1,1
BRDA:373,19,0,1
BRDA:373,19,1,1
BRDA:375,20,0,1
BRDA:375,20,1,0
BRDA:375,21,0,0
BRDA:375,21,1,1
BRDA:375,22,0,1
BRDA:375,22,1,1
BRDA:404,23,0,3
BRDA:404,23,1,0
BRDA:439,24,0,4
BRDA:439,24,1,4
BRDA:455,25,0,3
BRDA:455,25,1,2
BRDA:455,26,0,3
BRDA:455,26,1,0
BRDA:458,27,0,5
BRDA:458,27,1,1
BRF:56
BRH:44
end_of_record
TN:
SF:src/ai/ai.config.ts
FNF:0
FNH:0
DA:7,4
DA:10,4
DA:18,4
LF:3
LH:3
BRF:0
BRH:0
end_of_record
TN:
SF:src/ai/ai.controller.ts
FN:9,(anonymous_4)
FN:14,(anonymous_5)
FNF:2
FNH:2
FNDA:8,(anonymous_4)
FNDA:7,(anonymous_5)
DA:1,1
DA:2,1
DA:3,1
DA:4,1
DA:5,1
DA:8,1
DA:9,8
DA:14,1
DA:18,7
LF:9
LH:9
BRDA:25,0,0,7
BRDA:25,0,1,1
BRF:2
BRH:2
end_of_record
TN:
SF:src/ai/ai.module.ts
FNF:0
FNH:0
DA:1,0
DA:2,0
DA:3,0
DA:4,0
DA:5,0
DA:13,0
LF:6
LH:0
BRF:0
BRH:0
end_of_record
TN:
SF:src/ai/ai.service.ts
FN:68,(anonymous_2)
FN:80,(anonymous_3)
FN:100,(anonymous_4)
FN:180,(anonymous_5)
FN:193,(anonymous_6)
FN:295,(anonymous_7)
FN:313,(anonymous_8)
FNF:7
FNH:7
FNDA:71,(anonymous_2)
FNDA:24,(anonymous_3)
FNDA:2,(anonymous_4)
FNDA:1,(anonymous_5)
FNDA:12,(anonymous_6)
FNDA:13,(anonymous_7)
FNDA:3,(anonymous_8)
DA:1,4
DA:2,4
DA:3,4
DA:4,4
DA:5,4
DA:6,4
DA:7,4
DA:32,4
DA:33,71
DA:37,71
DA:38,71
DA:41,71
DA:69,71
DA:70,71
DA:71,71
DA:72,71
DA:74,71
DA:75,71
DA:76,69
DA:81,24
DA:82,1
DA:86,23
DA:87,23
DA:88,2
DA:92,21
DA:93,21
DA:98,21
DA:100,21
DA:102,2
DA:109,2
DA:110,0
DA:114,2
DA:124,2
DA:125,0
DA:128,2
DA:131,21
DA:133,3
DA:136,18
DA:139,18
DA:144,18
DA:146,18
DA:153,18
DA:155,18
DA:160,16
DA:163,16
DA:170,2
DA:177,2
DA:182,1
DA:185,2
DA:206,12
DA:207,1
DA:210,11
DA:211,11
DA:214,11
DA:215,13
DA:217,13
DA:219,13
DA:221,13
DA:222,13
DA:227,12
DA:230,12
DA:235,12
DA:242,12
DA:247,12
DA:250,12
DA:251,12
DA:253,12
DA:255,12
DA:256,12
DA:257,11
DA:258,11
DA:259,11
DA:262,0
DA:263,0
DA:266,12
DA:275,12
DA:278,1
DA:279,1
DA:291,11
DA:295,13
DA:296,11
DA:297,11
DA:299,11
DA:315,3
LF:84
LH:80
BRDA:74,0,0,71
BRDA:74,0,1,2
BRDA:75,1,0,69
BRDA:75,1,1,2
BRDA:80,2,0,1
BRDA:81,3,0,1
BRDA:81,3,1,23
BRDA:87,4,0,2
BRDA:87,4,1,21
BRDA:93,5,0,20
BRDA:93,5,1,1
BRDA:109,6,0,0
BRDA:109,6,1,2
BRDA:124,7,0,0
BRDA:124,7,1,2
BRDA:131,8,0,3
BRDA:131,8,1,18
BRDA:144,9,0,18
BRDA:144,9,1,1
BRDA:147,10,0,18
BRDA:147,10,1,1
BRDA:148,11,0,18
BRDA:148,11,1,1
BRDA:149,12,0,18
BRDA:149,12,1,1
BRDA:170,13,0,2
BRDA:170,13,1,0
BRDA:206,14,0,1
BRDA:206,14,1,11
BRDA:221,15,0,13
BRDA:221,15,1,0
BRDA:227,16,0,12
BRDA:227,16,1,0
BRDA:233,17,0,12
BRDA:233,17,1,5
BRDA:247,18,0,12
BRDA:247,18,1,1
BRDA:256,19,0,11
BRDA:256,19,1,1
BRDA:258,20,0,11
BRDA:258,20,1,1
BRDA:259,21,0,11
BRDA:259,21,1,0
BRDA:268,22,0,1
BRDA:268,22,1,11
BRDA:269,23,0,1
BRDA:269,23,1,11
BRDA:278,24,0,1
BRDA:278,24,1,0
BRDA:284,25,0,1
BRDA:284,25,1,0
BRDA:291,26,0,10
BRDA:291,26,1,1
BRDA:303,27,0,6
BRDA:303,27,1,5
BRF:55
BRH:47
end_of_record
TN:
SF:src/ai/dto/ai.dto.ts
FNF:0
FNH:0
DA:1,1
DA:3,1
DA:6,1
DA:11,1
DA:16,1
DA:21,1
DA:25,1
DA:30,1
LF:8
LH:8
BRF:0
BRH:0
end_of_record
TN:
SF:src/auth/auth.controller.ts
FN:10,(anonymous_4)
FN:15,(anonymous_5)
FN:28,(anonymous_6)
FN:41,(anonymous_7)
FNF:4
FNH:4
FNDA:18,(anonymous_4)
FNDA:6,(anonymous_5)
FNDA:6,(anonymous_6)
FNDA:5,(anonymous_7)
DA:1,1
DA:2,1
DA:3,1
DA:4,1
DA:5,1
DA:9,1
DA:10,18
DA:15,1
DA:20,6
DA:21,6
DA:28,1
DA:33,6
DA:34,6
DA:41,1
DA:42,5
DA:43,5
DA:44,3
DA:46,5
LF:18
LH:18
BRDA:20,0,0,6
BRDA:20,0,1,5
BRDA:20,1,0,0
BRDA:20,1,1,6
BRDA:20,2,0,6
BRDA:20,2,1,6
BRDA:20,3,0,4
BRDA:20,3,1,1
BRDA:20,4,0,5
BRDA:20,4,1,5
BRDA:20,5,0,0
BRDA:20,5,1,5
BRDA:20,6,0,5
BRDA:20,6,1,5
BRDA:33,7,0,6
BRDA:33,7,1,4
BRDA:33,8,0,1
BRDA:33,8,1,5
BRDA:33,9,0,6
BRDA:33,9,1,6
BRDA:33,10,0,4
BRDA:33,10,1,0
BRDA:33,11,0,4
BRDA:33,11,1,4
BRDA:33,12,0,1
BRDA:33,12,1,3
BRDA:33,13,0,4
BRDA:33,13,1,4
BRDA:42,14,0,1
BRDA:42,14,1,4
BRDA:42,15,0,5
BRDA:42,15,1,5
BRDA:43,16,0,3
BRDA:43,16,1,2
BRF:34
BRH:31
end_of_record
TN:
SF:src/auth/auth.module.ts
FN:18,(anonymous_1)
FNF:1
FNH:0
FNDA:0,(anonymous_1)
DA:1,0
DA:2,0
DA:3,0
DA:4,0
DA:5,0
DA:6,0
DA:7,0
DA:8,0
DA:9,0
DA:18,0
DA:30,0
LF:11
LH:0
BRDA:22,0,0,0
BRDA:22,0,1,0
BRF:2
BRH:0
end_of_record
TN:
SF:src/auth/auth.service.ts
FN:12,(anonymous_3)
FN:18,(anonymous_4)
FN:58,(anonymous_5)
FN:89,(anonymous_6)
FN:96,(anonymous_7)
FN:105,(anonymous_8)
FNF:6
FNH:6
FNDA:13,(anonymous_3)
FNDA:4,(anonymous_4)
FNDA:8,(anonymous_5)
FNDA:3,(anonymous_6)
FNDA:5,(anonymous_7)
FNDA:5,(anonymous_8)
DA:2,2
DA:3,2
DA:4,2
DA:5,2
DA:6,2
DA:11,2
DA:13,13
DA:14,13
DA:15,13
DA:20,4
DA:21,4
DA:22,2
DA:26,2
DA:29,2
DA:45,2
DA:48,2
DA:51,2
DA:52,2
DA:55,2
DA:60,8
DA:61,8
DA:62,2
DA:65,6
DA:66,6
DA:67,3
DA:71,3
DA:73,3
DA:76,3
DA:79,3
DA:80,3
DA:83,3
DA:90,3
DA:91,3
DA:92,1
DA:97,5
DA:98,5
DA:106,5
DA:109,5
DA:110,5
DA:112,5
DA:113,5
DA:116,5
LF:42
LH:42
BRDA:21,0,0,2
BRDA:21,0,1,2
BRDA:61,1,0,2
BRDA:61,1,1,6
BRDA:66,2,0,3
BRDA:66,2,1,3
BRDA:91,3,0,1
BRDA:91,3,1,2
BRDA:109,4,0,5
BRDA:109,4,1,0
BRDA:112,5,0,5
BRDA:112,5,1,0
BRF:12
BRH:10
end_of_record
TN:
SF:src/auth/dto/auth.dto.ts
FNF:0
FNH:0
DA:1,0
DA:3,0
DA:5,0
DA:10,0
DA:13,0
DA:17,0
DA:21,0
DA:30,0
LF:8
LH:0
BRF:0
BRH:0
end_of_record
TN:
SF:src/auth/guards/admin.guard.ts
FN:6,(anonymous_2)
FN:8,(anonymous_3)
FNF:2
FNH:2
FNDA:8,(anonymous_2)
FNDA:11,(anonymous_3)
DA:1,5
DA:2,5
DA:5,5
DA:6,8
DA:9,11
DA:10,11
DA:12,11
DA:13,4
DA:16,7
DA:21,6
DA:22,5
DA:25,1
LF:12
LH:12
BRDA:10,0,0,4
BRDA:10,0,1,7
BRDA:10,1,0,11
BRDA:10,1,1,9
BRDA:12,2,0,4
BRDA:12,2,1,7
BRDA:21,3,0,5
BRDA:21,3,1,1
BRDA:21,4,0,6
BRDA:21,4,1,4
BRF:10
BRH:10
end_of_record
TN:
SF:src/auth/guards/jwt-auth.guard.ts
FN:15,(anonymous_4)
FN:24,(anonymous_5)
FN:37,(anonymous_6)
FN:48,(anonymous_7)
FN:66,(anonymous_8)
FNF:5
FNH:5
FNDA:15,(anonymous_4)
FNDA:11,(anonymous_5)
FNDA:11,(anonymous_6)
FNDA:9,(anonymous_7)
FNDA:11,(anonymous_8)
DA:1,17
DA:2,17
DA:3,17
DA:7,17
DA:8,17
DA:9,17
DA:12,17
DA:13,15
DA:16,15
DA:18,15
DA:26,11
DA:27,11
DA:28,3
DA:29,3
DA:31,8
DA:38,11
DA:40,10
DA:41,10
DA:42,10
DA:49,9
DA:51,8
DA:52,8
DA:53,8
DA:56,8
DA:58,8
DA:60,1
DA:61,1
DA:62,1
DA:67,11
DA:68,11
DA:71,11
DA:72,2
DA:73,2
DA:76,9
DA:78,9
DA:79,0
DA:82,9
DA:83,9
LF:38
LH:37
BRDA:27,0,0,3
BRDA:27,0,1,8
BRDA:28,1,0,1
BRDA:28,1,1,2
BRDA:31,2,0,8
BRDA:31,2,1,0
BRDA:31,2,2,0
BRDA:31,3,0,0
BRDA:31,3,1,0
BRDA:31,4,0,0
BRDA:31,4,1,0
BRDA:38,5,0,1
BRDA:38,5,1,10
BRDA:49,6,0,1
BRDA:49,6,1,8
BRDA:52,7,0,8
BRDA:52,7,1,5
BRDA:58,8,0,1
BRDA:58,8,1,7
BRDA:71,9,0,2
BRDA:71,9,1,9
BRF:21
BRH:15
end_of_record
TN:
SF:src/auth/guards/optional-jwt.guard.ts
FN:6,(anonymous_1)
FNF:1
FNH:1
FNDA:5,(anonymous_1)
DA:1,4
DA:2,4
DA:5,4
DA:9,5
LF:4
LH:4
BRDA:9,0,0,5
BRDA:9,0,1,4
BRF:2
BRH:2
end_of_record
TN:
SF:src/auth/strategies/jwt.strategy.ts
FN:11,(anonymous_2)
FN:38,(anonymous_3)
FNF:2
FNH:2
FNDA:9,(anonymous_2)
FNDA:3,(anonymous_3)
DA:1,1
DA:2,1
DA:3,1
DA:4,1
DA:8,1
DA:9,5
DA:12,9
DA:14,9
DA:15,2
DA:21,7
DA:22,2
DA:28,5
DA:35,5
DA:40,3
LF:14
LH:14
BRDA:14,0,0,2
BRDA:14,0,1,7
BRDA:21,1,0,2
BRDA:21,1,1,5
BRF:4
BRH:4
end_of_record
TN:
SF:src/bugreports/bugreports.controller.ts
FN:9,(anonymous_4)
FN:17,(anonymous_5)
FN:26,(anonymous_6)
FN:36,(anonymous_7)
FN:49,(anonymous_8)
FN:59,(anonymous_9)
FNF:6
FNH:6
FNDA:27,(anonymous_4)
FNDA:15,(anonymous_5)
FNDA:3,(anonymous_6)
FNDA:7,(anonymous_7)
FNDA:3,(anonymous_8)
FNDA:9,(anonymous_9)
DA:1,1
DA:2,1
DA:3,1
DA:4,1
DA:5,1
DA:8,1
DA:9,27
DA:17,1
DA:18,15
DA:26,1
DA:27,3
DA:36,1
DA:41,7
DA:49,1
DA:50,3
DA:59,1
DA:63,9
LF:17
LH:17
BRF:0
BRH:0
end_of_record
TN:
SF:src/bugreports/bugreports.module.ts
FNF:0
FNH:0
DA:1,0
DA:2,0
DA:3,0
DA:10,0
LF:4
LH:0
BRF:0
BRH:0
end_of_record
TN:
SF:src/bugreports/bugreports.service.ts
FN:10,(anonymous_2)
FN:15,(anonymous_3)
FN:41,(anonymous_4)
FN:54,(anonymous_5)
FN:73,(anonymous_6)
FN:88,(anonymous_7)
FNF:6
FNH:6
FNDA:17,(anonymous_2)
FNDA:4,(anonymous_3)
FNDA:2,(anonymous_4)
FNDA:5,(anonymous_5)
FNDA:2,(anonymous_6)
FNDA:7,(anonymous_7)
DA:1,2
DA:2,2
DA:3,2
DA:4,2
DA:7,2
DA:8,17
DA:10,17
DA:16,4
DA:18,4
DA:34,4
DA:35,4
DA:42,2
DA:55,5
DA:56,5
DA:57,5
DA:58,5
DA:60,5
DA:74,2
DA:90,7
DA:91,7
DA:92,1
DA:97,6
LF:22
LH:22
BRDA:21,0,0,4
BRDA:21,0,1,3
BRDA:23,1,0,4
BRDA:23,1,1,3
BRDA:26,2,0,4
BRDA:26,2,1,3
BRDA:56,3,0,2
BRDA:56,3,1,3
BRDA:56,4,0,1
BRDA:56,4,1,4
BRDA:56,5,0,5
BRDA:56,5,1,5
BRDA:57,6,0,2
BRDA:57,6,1,3
BRDA:57,7,0,1
BRDA:57,7,1,4
BRDA:57,8,0,5
BRDA:57,8,1,5
BRDA:58,9,0,2
BRDA:58,9,1,3
BRDA:58,10,0,1
BRDA:58,10,1,4
BRDA:58,11,0,5
BRDA:58,11,1,5
BRDA:91,12,0,1
BRDA:91,12,1,6
BRF:26
BRH:26
end_of_record
TN:
SF:src/bugreports/dto/bugreports.dto.ts
FN:3,(anonymous_2)
FN:12,(anonymous_3)
FN:18,(anonymous_4)
FN:26,(anonymous_5)
FNF:4
FNH:3
FNDA:2,(anonymous_2)
FNDA:2,(anonymous_3)
FNDA:2,(anonymous_4)
FNDA:0,(anonymous_5)
DA:1,2
DA:3,2
DA:4,2
DA:5,2
DA:6,2
DA:7,2
DA:8,2
DA:9,2
DA:12,2
DA:13,2
DA:14,2
DA:15,2
DA:18,2
DA:19,2
DA:20,2
DA:21,2
DA:22,2
DA:23,2
DA:26,2
DA:29,2
DA:33,2
DA:36,2
DA:40,2
DA:44,2
DA:47,2
DA:50,2
DA:52,2
LF:27
LH:27
BRDA:3,0,0,2
BRDA:3,0,1,2
BRDA:12,1,0,2
BRDA:12,1,1,2
BRDA:18,2,0,2
BRDA:18,2,1,2
BRF:6
BRH:6
end_of_record
TN:
SF:src/cache/cache.module.ts
FNF:0
FNH:0
DA:1,0
DA:2,0
DA:3,0
DA:11,0
LF:4
LH:0
BRF:0
BRH:0
end_of_record
TN:
SF:src/cache/cache.service.ts
FN:19,(anonymous_2)
FN:21,(anonymous_3)
FN:30,(anonymous_4)
FN:39,(anonymous_5)
FN:44,(anonymous_6)
FN:57,(anonymous_7)
FN:66,(anonymous_8)
FN:74,(anonymous_9)
FN:84,(anonymous_10)
FN:111,(anonymous_11)
FN:135,(anonymous_12)
FN:150,(anonymous_13)
FN:164,(anonymous_14)
FN:205,(anonymous_15)
FN:223,(anonymous_16)
FN:237,(anonymous_17)
FN:274,(anonymous_18)
FN:296,(anonymous_19)
FN:303,(anonymous_20)
FN:320,(anonymous_21)
FN:339,(anonymous_22)
FNF:21
FNH:17
FNDA:63,(anonymous_2)
FNDA:0,(anonymous_3)
FNDA:0,(anonymous_4)
FNDA:0,(anonymous_5)
FNDA:0,(anonymous_6)
FNDA:2,(anonymous_7)
FNDA:26,(anonymous_8)
FNDA:21,(anonymous_9)
FNDA:5,(anonymous_10)
FNDA:6,(anonymous_11)
FNDA:4,(anonymous_12)
FNDA:4,(anonymous_13)
FNDA:8,(anonymous_14)
FNDA:11,(anonymous_15)
FNDA:3,(anonymous_16)
FNDA:6,(anonymous_17)
FNDA:3,(anonymous_18)
FNDA:9,(anonymous_19)
FNDA:4,(anonymous_20)
FNDA:4,(anonymous_21)
FNDA:3,(anonymous_22)
DA:1,30
DA:2,30
DA:3,30
DA:4,30
DA:10,30
DA:11,63
DA:13,63
DA:16,63
DA:17,63
DA:19,63
DA:22,0
DA:23,0
DA:25,0
DA:31,0
DA:32,0
DA:33,0
DA:35,0
DA:39,0
DA:40,0
DA:41,0
DA:44,0
DA:45,0
DA:46,0
DA:50,0
DA:52,0
DA:53,0
DA:58,2
DA:59,1
DA:67,26
DA:77,21
DA:78,21
DA:90,5
DA:92,4
DA:93,4
DA:94,4
DA:96,3
DA:97,1
DA:98,1
DA:101,2
DA:103,1
DA:104,1
DA:118,6
DA:121,5
DA:123,4
DA:124,4
DA:125,4
DA:126,2
DA:128,2
DA:136,4
DA:138,3
DA:139,3
DA:140,2
DA:142,1
DA:143,1
DA:151,4
DA:153,3
DA:154,3
DA:156,1
DA:169,8
DA:170,1
DA:173,7
DA:175,7
DA:176,6
DA:177,1
DA:181,5
DA:182,5
DA:184,5
DA:185,3
DA:187,3
DA:188,3
DA:189,0
DA:190,0
DA:194,3
DA:195,2
DA:196,0
DA:197,0
DA:199,3
DA:200,0
DA:204,2
DA:205,11
DA:206,11
DA:207,11
DA:208,1
DA:212,1
DA:215,4
DA:216,4
DA:224,3
DA:226,2
DA:227,2
DA:229,1
DA:238,6
DA:240,5
DA:241,5
DA:242,5
DA:245,5
DA:246,6
DA:253,5
DA:255,5
DA:256,4
DA:257,3
DA:261,3
DA:262,2
DA:264,3
DA:266,2
DA:267,2
DA:275,3
DA:276,1
DA:279,2
DA:280,2
DA:281,1
DA:283,1
DA:291,63
DA:297,9
DA:304,4
DA:306,3
DA:307,3
DA:308,3
DA:309,3
DA:310,0
DA:312,3
DA:321,4
DA:323,1
DA:326,3
DA:327,3
DA:328,3
DA:329,2
DA:331,1
DA:332,1
DA:340,3
DA:342,2
DA:343,2
DA:344,2
DA:346,2
LF:133
LH:111
BRDA:26,0,0,0
BRDA:26,0,1,0
BRDA:27,1,0,0
BRDA:27,1,1,0
BRDA:28,2,0,0
BRDA:28,2,1,0
BRDA:31,3,0,0
BRDA:31,3,1,0
BRDA:58,4,0,1
BRDA:58,4,1,1
BRDA:77,5,0,21
BRDA:77,5,1,14
BRDA:77,6,0,21
BRDA:77,6,1,14
BRDA:90,7,0,1
BRDA:90,7,1,4
BRDA:96,8,0,1
BRDA:96,8,1,2
BRDA:118,9,0,1
BRDA:118,9,1,5
BRDA:121,10,0,1
BRDA:121,10,1,4
BRDA:136,11,0,1
BRDA:136,11,1,3
BRDA:140,12,0,1
BRDA:140,12,1,1
BRDA:150,13,0,3
BRDA:151,14,0,1
BRDA:151,14,1,3
BRDA:169,15,0,1
BRDA:169,15,1,7
BRDA:176,16,0,1
BRDA:176,16,1,5
BRDA:184,17,0,3
BRDA:184,17,1,2
BRDA:188,18,0,0
BRDA:188,18,1,3
BRDA:207,19,0,1
BRDA:207,19,1,10
BRDA:224,20,0,1
BRDA:224,20,1,2
BRDA:238,21,0,1
BRDA:238,21,1,5
BRDA:255,22,0,4
BRDA:255,22,1,1
BRDA:261,23,0,2
BRDA:261,23,1,1
BRDA:275,24,0,1
BRDA:275,24,1,2
BRDA:304,25,0,1
BRDA:304,25,1,3
BRDA:321,26,0,1
BRDA:321,26,1,3
BRDA:329,27,0,1
BRDA:329,27,1,1
BRDA:340,28,0,1
BRDA:340,28,1,2
BRF:57
BRH:48
end_of_record
TN:
SF:src/common/index.ts
FNF:0
FNH:0
DA:1,0
DA:2,0
LF:2
LH:0
BRF:0
BRH:0
end_of_record
TN:
SF:src/common/dto/index.ts
FNF:0
FNH:0
DA:1,1
DA:3,1
DA:6,1
DA:10,1
DA:14,1
DA:17,1
DA:20,1
DA:24,1
DA:28,1
DA:31,1
DA:34,1
DA:38,1
DA:42,1
DA:46,1
DA:50,1
DA:53,1
DA:55,1
DA:58,1
DA:61,1
DA:64,1
DA:67,1
DA:71,1
LF:22
LH:22
BRF:0
BRH:0
end_of_record
TN:
SF:src/common/filters/http-exception.filter.ts
FN:13,(anonymous_1)
FN:16,(anonymous_2)
FNF:2
FNH:2
FNDA:17,(anonymous_1)
FNDA:20,(anonymous_2)
DA:1,1
DA:13,1
DA:14,17
DA:17,20
DA:18,20
DA:19,20
DA:21,20
DA:22,20
DA:23,20
DA:25,20
DA:26,14
DA:27,14
DA:29,14
DA:30,9
DA:31,5
DA:32,5
DA:35,5
DA:36,2
DA:37,3
DA:38,2
DA:39,2
DA:40,1
DA:41,1
DA:45,5
DA:46,1
DA:49,6
DA:50,2
DA:51,2
DA:54,20
DA:62,20
LF:30
LH:30
BRDA:25,0,0,14
BRDA:25,0,1,6
BRDA:29,1,0,9
BRDA:29,1,1,5
BRDA:31,2,0,5
BRDA:31,2,1,0
BRDA:35,3,0,2
BRDA:35,3,1,3
BRDA:37,4,0,2
BRDA:37,4,1,1
BRDA:38,5,0,2
BRDA:38,5,1,1
BRDA:40,6,0,1
BRDA:40,6,1,0
BRDA:40,7,0,1
BRDA:40,7,1,1
BRDA:45,8,0,1
BRDA:45,8,1,4
BRDA:49,9,0,2
BRDA:49,9,1,4
BRDA:57,10,0,2
BRDA:57,10,1,18
BRF:22
BRH:20
end_of_record
TN:
SF:src/common/guards/playground-throttler.guard.ts
FN:37,(anonymous_4)
FN:53,(anonymous_5)
FN:105,(anonymous_6)
FN:124,(anonymous_7)
FN:144,(anonymous_8)
FNF:5
FNH:5
FNDA:29,(anonymous_4)
FNDA:23,(anonymous_5)
FNDA:5,(anonymous_6)
FNDA:23,(anonymous_7)
FNDA:5,(anonymous_8)
DA:1,2
DA:8,2
DA:9,2
DA:10,2
DA:32,2
DA:38,29
DA:39,29
DA:41,29
DA:44,29
DA:45,29
DA:46,29
DA:56,23
DA:57,23
DA:58,23
DA:62,23
DA:65,23
DA:67,6
DA:68,6
DA:69,6
DA:72,17
DA:73,17
DA:77,23
DA:78,22
DA:80,22
DA:81,11
DA:82,11
DA:84,11
DA:85,8
DA:97,14
DA:99,14
DA:106,5
DA:108,5
DA:109,4
DA:110,4
DA:111,4
DA:112,4
DA:113,4
DA:115,4
DA:118,1
DA:125,23
DA:126,23
DA:127,3
DA:130,3
DA:133,20
DA:134,20
DA:135,2
DA:138,18
DA:148,5
DA:149,3
DA:150,3
DA:156,2
LF:51
LH:51
BRDA:65,0,0,6
BRDA:65,0,1,17
BRDA:65,1,0,17
BRDA:65,1,1,6
BRDA:65,2,0,23
BRDA:65,2,1,23
BRDA:68,3,0,3
BRDA:68,3,1,3
BRDA:80,4,0,11
BRDA:80,4,1,11
BRDA:84,5,0,8
BRDA:84,5,1,3
BRDA:108,6,0,4
BRDA:108,6,1,1
BRDA:126,7,0,3
BRDA:126,7,1,20
BRDA:127,8,0,1
BRDA:127,8,1,2
BRDA:134,9,0,2
BRDA:134,9,1,18
BRDA:135,10,0,1
BRDA:135,10,1,1
BRDA:138,11,0,18
BRDA:138,11,1,0
BRDA:138,11,2,0
BRDA:148,12,0,3
BRDA:148,12,1,2
BRDA:151,13,0,1
BRDA:151,13,1,2
BRF:29
BRH:27
end_of_record
TN:
SF:src/common/logger/logger.module.ts
FNF:0
FNH:0
DA:1,0
DA:2,0
DA:3,0
DA:5,0
DA:8,0
DA:15,0
DA:62,0
LF:7
LH:0
BRDA:29,0,0,0
BRDA:29,0,1,0
BRDA:30,1,0,0
BRDA:30,1,1,0
BRDA:39,2,0,0
BRDA:39,2,1,0
BRF:6
BRH:0
end_of_record
TN:
SF:src/common/sentry/sentry.interceptor.ts
FN:15,(anonymous_1)
FN:17,(anonymous_2)
FN:31,(anonymous_3)
FN:38,(anonymous_4)
FN:61,(anonymous_5)
FNF:5
FNH:5
FNDA:16,(anonymous_1)
FNDA:15,(anonymous_2)
FNDA:6,(anonymous_3)
FNDA:9,(anonymous_4)
FNDA:9,(anonymous_5)
DA:1,1
DA:9,1
DA:10,1
DA:11,1
DA:14,1
DA:16,16
DA:19,15
DA:28,15
DA:29,8
DA:30,8
DA:31,6
DA:36,9
DA:38,9
DA:40,9
DA:41,9
DA:42,9
DA:43,9
DA:44,9
DA:47,9
DA:48,8
DA:55,9
DA:56,9
DA:58,9
DA:61,9
LF:24
LH:24
BRDA:28,0,0,8
BRDA:28,0,1,7
BRDA:30,1,0,6
BRDA:30,1,1,2
BRDA:47,2,0,8
BRDA:47,2,1,1
BRF:6
BRH:6
end_of_record
TN:
SF:src/common/sentry/sentry.module.ts
FN:8,(anonymous_2)
FN:10,(anonymous_3)
FN:41,(anonymous_4)
FNF:3
FNH:0
FNDA:0,(anonymous_2)
FNDA:0,(anonymous_3)
FNDA:0,(anonymous_4)
DA:1,0
DA:2,0
DA:3,0
DA:7,0
DA:8,0
DA:11,0
DA:13,0
DA:14,0
DA:15,0
DA:18,0
DA:43,0
DA:44,0
DA:45,0
DA:47,0
DA:51,0
DA:56,0
LF:16
LH:0
BRDA:13,0,0,0
BRDA:13,0,1,0
BRDA:20,1,0,0
BRDA:20,1,1,0
BRDA:23,2,0,0
BRDA:23,2,1,0
BRDA:43,3,0,0
BRDA:43,3,1,0
BRDA:43,4,0,0
BRDA:43,4,1,0
BRDA:43,5,0,0
BRDA:43,5,1,0
BRDA:51,6,0,0
BRDA:51,6,1,0
BRF:14
BRH:0
end_of_record
TN:
SF:src/courses/courses.controller.ts
FN:11,(anonymous_4)
FN:15,(anonymous_5)
FN:21,(anonymous_6)
FN:27,(anonymous_7)
FN:37,(anonymous_8)
FNF:5
FNH:5
FNDA:19,(anonymous_4)
FNDA:7,(anonymous_5)
FNDA:4,(anonymous_6)
FNDA:5,(anonymous_7)
FNDA:2,(anonymous_8)
DA:1,1
DA:2,1
DA:3,1
DA:4,1
DA:5,1
DA:6,1
DA:10,1
DA:11,19
DA:15,1
DA:16,7
DA:21,1
DA:22,4
DA:27,1
DA:28,5
DA:37,1
DA:38,2
LF:16
LH:16
BRDA:16,0,0,5
BRDA:16,0,1,2
BRDA:16,1,0,7
BRDA:16,1,1,3
BRDA:22,2,0,3
BRDA:22,2,1,1
BRDA:22,3,0,4
BRDA:22,3,1,1
BRDA:28,4,0,4
BRDA:28,4,1,1
BRDA:28,5,0,5
BRDA:28,5,1,1
BRF:12
BRH:12
end_of_record
TN:
SF:src/courses/courses.module.ts
FNF:0
FNH:0
DA:1,0
DA:2,0
DA:3,0
DA:4,0
DA:12,0
LF:5
LH:0
BRF:0
BRH:0
end_of_record
TN:
SF:src/courses/courses.service.ts
FN:9,(anonymous_2)
FN:19,(anonymous_3)
FN:24,(anonymous_4)
FN:54,(anonymous_5)
FN:56,(anonymous_6)
FN:56,(anonymous_7)
FN:97,(anonymous_8)
FN:127,(anonymous_9)
FN:133,(anonymous_10)
FN:144,(anonymous_11)
FN:158,(anonymous_12)
FN:161,(anonymous_13)
FN:206,(anonymous_14)
FN:213,(anonymous_15)
FN:220,(anonymous_16)
FN:243,(anonymous_17)
FN:245,(anonymous_18)
FN:247,(anonymous_19)
FN:261,(anonymous_20)
FN:264,(anonymous_21)
FN:266,(anonymous_22)
FN:268,(anonymous_23)
FN:279,(anonymous_24)
FNF:23
FNH:23
FNDA:4,(anonymous_2)
FNDA:15,(anonymous_3)
FNDA:6,(anonymous_4)
FNDA:2,(anonymous_5)
FNDA:2,(anonymous_6)
FNDA:2,(anonymous_7)
FNDA:3,(anonymous_8)
FNDA:3,(anonymous_9)
FNDA:2,(anonymous_10)
FNDA:3,(anonymous_11)
FNDA:1,(anonymous_12)
FNDA:4,(anonymous_13)
FNDA:2,(anonymous_14)
FNDA:2,(anonymous_15)
FNDA:3,(anonymous_16)
FNDA:2,(anonymous_17)
FNDA:2,(anonymous_18)
FNDA:2,(anonymous_19)
FNDA:1,(anonymous_20)
FNDA:1,(anonymous_21)
FNDA:1,(anonymous_22)
FNDA:2,(anonymous_23)
FNDA:2,(anonymous_24)
DA:1,2
DA:2,2
DA:3,2
DA:7,2
DA:9,4
DA:13,2
DA:16,2
DA:17,15
DA:20,15
DA:21,15
DA:25,6
DA:27,6
DA:29,6
DA:30,3
DA:33,3
DA:54,2
DA:55,2
DA:56,2
DA:59,2
DA:60,2
DA:61,2
DA:62,2
DA:63,2
DA:69,2
DA:72,2
DA:89,2
DA:90,2
DA:92,3
DA:96,5
DA:97,3
DA:101,2
DA:126,2
DA:127,2
DA:128,3
DA:129,3
DA:133,2
DA:134,2
DA:135,2
DA:136,2
DA:139,1
DA:140,1
DA:145,3
DA:148,3
DA:150,3
DA:152,2
DA:157,1
DA:158,1
DA:163,4
DA:164,4
DA:168,4
DA:169,3
DA:171,3
DA:199,3
DA:201,2
DA:204,2
DA:206,2
DA:213,2
DA:220,3
DA:234,2
DA:235,2
DA:237,1
DA:238,1
DA:242,3
DA:243,2
DA:245,2
DA:247,2
DA:253,1
DA:261,1
DA:264,1
DA:266,1
DA:268,2
DA:280,2
DA:281,2
DA:282,2
LF:74
LH:74
BRDA:29,0,0,3
BRDA:29,0,1,3
BRDA:62,1,0,2
BRDA:62,1,1,0
BRDA:69,2,0,0
BRDA:69,2,1,2
BRDA:96,3,0,3
BRDA:96,3,1,2
BRDA:129,4,0,3
BRDA:129,4,1,2
BRDA:134,5,0,2
BRDA:134,5,1,0
BRDA:135,6,0,0
BRDA:135,6,1,2
BRDA:139,7,0,1
BRDA:139,7,1,0
BRDA:150,8,0,2
BRDA:150,8,1,1
BRDA:168,9,0,3
BRDA:168,9,1,1
BRDA:199,10,0,1
BRDA:199,10,1,2
BRDA:210,11,0,2
BRDA:210,11,1,0
BRDA:242,12,0,2
BRDA:242,12,1,1
BRDA:270,13,0,1
BRDA:270,13,1,1
BRF:28
BRH:22
end_of_record
TN:
SF:src/gamification/gamification.controller.ts
FN:7,(anonymous_4)
FN:14,(anonymous_5)
FN:23,(anonymous_6)
FN:34,(anonymous_7)
FNF:4
FNH:4
FNDA:20,(anonymous_4)
FNDA:10,(anonymous_5)
FNDA:4,(anonymous_6)
FNDA:9,(anonymous_7)
DA:1,1
DA:2,1
DA:3,1
DA:6,1
DA:7,20
DA:14,1
DA:15,10
DA:23,1
DA:24,4
DA:25,4
DA:34,1
DA:35,9
DA:36,9
LF:13
LH:13
BRDA:35,0,0,6
BRDA:35,0,1,3
BRF:2
BRH:2
end_of_record
TN:
SF:src/gamification/gamification.module.ts
FNF:0
FNH:0
DA:1,0
DA:2,0
DA:3,0
DA:4,0
DA:12,0
LF:5
LH:0
BRF:0
BRH:0
end_of_record
TN:
SF:src/gamification/gamification.service.ts
FN:43,(anonymous_2)
FN:52,(anonymous_3)
FN:75,(anonymous_4)
FN:87,(anonymous_5)
FN:97,(anonymous_6)
FN:171,(anonymous_7)
FN:218,(anonymous_8)
FN:230,(anonymous_9)
FN:263,(anonymous_10)
FN:307,(anonymous_11)
FN:337,(anonymous_12)
FN:347,(anonymous_13)
FN:366,(anonymous_14)
FN:382,(anonymous_15)
FN:389,(anonymous_16)
FN:412,(anonymous_17)
FNF:16
FNH:16
FNDA:51,(anonymous_2)
FNDA:35,(anonymous_3)
FNDA:11,(anonymous_4)
FNDA:22,(anonymous_5)
FNDA:22,(anonymous_6)
FNDA:22,(anonymous_7)
FNDA:22,(anonymous_8)
FNDA:1,(anonymous_9)
FNDA:5,(anonymous_10)
FNDA:4,(anonymous_11)
FNDA:3,(anonymous_12)
FNDA:4,(anonymous_13)
FNDA:5,(anonymous_14)
FNDA:6,(anonymous_15)
FNDA:4,(anonymous_16)
FNDA:23,(anonymous_17)
DA:1,4
DA:2,4
DA:3,4
DA:4,4
DA:7,4
DA:14,4
DA:39,4
DA:42,4
DA:44,51
DA:45,51
DA:53,35
DA:54,35
DA:57,35
DA:58,5
DA:59,5
DA:63,30
DA:64,573
DA:65,30
DA:69,0
DA:76,11
DA:77,9
DA:80,2
DA:94,22
DA:97,22
DA:99,22
DA:104,22
DA:107,22
DA:114,22
DA:125,22
DA:126,22
DA:129,22
DA:130,5
DA:136,22
DA:146,22
DA:149,22
DA:157,22
DA:176,22
DA:177,17
DA:180,5
DA:181,5
DA:184,5
DA:187,5
DA:188,5
DA:194,5
DA:196,5
DA:198,1
DA:199,4
DA:201,3
DA:202,3
DA:203,1
DA:206,0
DA:207,0
DA:210,1
DA:225,22
DA:226,22
DA:230,22
DA:232,22
DA:235,22
DA:239,22
DA:240,8
DA:242,7
DA:244,7
DA:246,4
DA:247,4
DA:249,1
DA:250,1
DA:252,1
DA:253,1
DA:255,1
DA:256,1
DA:259,7
DA:262,7
DA:263,7
DA:265,5
DA:269,5
DA:270,1
DA:273,4
DA:278,4
DA:279,4
DA:286,5
DA:290,2
DA:292,1
DA:295,1
DA:296,1
DA:301,22
DA:308,4
DA:322,4
DA:324,3
DA:325,3
DA:326,3
DA:327,3
DA:329,3
DA:337,3
DA:348,4
DA:366,5
DA:383,6
DA:386,6
DA:390,4
DA:395,4
DA:397,3
DA:401,3
DA:405,6
DA:413,23
LF:103
LH:100
BRDA:57,0,0,5
BRDA:57,0,1,30
BRDA:64,1,0,30
BRDA:64,1,1,543
BRDA:76,2,0,9
BRDA:76,2,1,2
BRDA:94,3,0,22
BRDA:94,3,1,1
BRDA:104,4,0,22
BRDA:104,4,1,0
BRDA:104,5,0,0
BRDA:104,5,1,22
BRDA:104,6,0,22
BRDA:104,6,1,22
BRDA:108,7,0,22
BRDA:108,7,1,17
BRDA:108,8,0,0
BRDA:108,8,1,22
BRDA:108,9,0,22
BRDA:108,9,1,22
BRDA:109,10,0,22
BRDA:109,10,1,21
BRDA:109,11,0,0
BRDA:109,11,1,22
BRDA:109,12,0,22
BRDA:109,12,1,22
BRDA:110,13,0,0
BRDA:110,13,1,22
BRDA:110,14,0,22
BRDA:110,14,1,22
BRDA:129,15,0,5
BRDA:129,15,1,17
BRDA:176,16,0,17
BRDA:176,16,1,5
BRDA:196,17,0,1
BRDA:196,17,1,4
BRDA:199,18,0,3
BRDA:199,18,1,1
BRDA:203,19,0,0
BRDA:203,19,1,1
BRDA:203,20,0,1
BRDA:203,20,1,1
BRDA:240,21,0,1
BRDA:240,21,1,7
BRDA:244,22,0,4
BRDA:244,22,1,1
BRDA:244,22,2,1
BRDA:244,22,3,1
BRDA:249,23,0,1
BRDA:249,23,1,0
BRDA:259,24,0,7
BRDA:259,24,1,0
BRDA:269,25,0,1
BRDA:269,25,1,4
BRDA:278,26,0,4
BRDA:278,26,1,0
BRDA:290,27,0,1
BRDA:290,27,1,1
BRDA:290,28,0,2
BRDA:290,28,1,1
BRDA:322,29,0,1
BRDA:322,29,1,3
BRDA:324,30,0,3
BRDA:324,30,1,0
BRDA:347,31,0,3
BRDA:395,32,0,1
BRDA:395,32,1,3
BRDA:405,33,0,5
BRDA:405,33,1,1
BRDA:405,34,0,6
BRDA:405,34,1,5
BRF:71
BRH:61
end_of_record
TN:
SF:src/health/health.controller.ts
FN:17,(anonymous_4)
FN:33,(anonymous_5)
FN:46,(anonymous_6)
FN:48,(anonymous_7)
FN:49,(anonymous_8)
FN:61,(anonymous_9)
FN:63,(anonymous_10)
FN:64,(anonymous_11)
FN:65,(anonymous_12)
FN:66,(anonymous_13)
FN:67,(anonymous_14)
FN:78,(anonymous_15)
FNF:12
FNH:12
FNDA:15,(anonymous_4)
FNDA:2,(anonymous_5)
FNDA:4,(anonymous_6)
FNDA:2,(anonymous_7)
FNDA:2,(anonymous_8)
FNDA:5,(anonymous_9)
FNDA:3,(anonymous_10)
FNDA:3,(anonymous_11)
FNDA:3,(anonymous_12)
FNDA:3,(anonymous_13)
FNDA:3,(anonymous_14)
FNDA:3,(anonymous_15)
DA:1,1
DA:2,1
DA:3,1
DA:10,1
DA:11,1
DA:12,1
DA:16,1
DA:18,15
DA:19,15
DA:20,15
DA:21,15
DA:22,15
DA:23,15
DA:33,1
DA:34,2
DA:46,1
DA:47,4
DA:48,2
DA:49,2
DA:61,1
DA:62,5
DA:63,3
DA:64,3
DA:65,3
DA:66,3
DA:67,3
DA:78,1
DA:79,3
DA:80,3
DA:81,3
LF:30
LH:30
BRF:0
BRH:0
end_of_record
TN:
SF:src/health/health.module.ts
FNF:0
FNH:0
DA:1,0
DA:2,0
DA:3,0
DA:4,0
DA:5,0
DA:6,0
DA:7,0
DA:8,0
DA:16,0
LF:9
LH:0
BRF:0
BRH:0
end_of_record
TN:
SF:src/health/metrics.service.ts
FN:16,(anonymous_2)
FN:72,(anonymous_3)
FN:80,(anonymous_4)
FN:87,(anonymous_5)
FN:99,(anonymous_6)
FN:107,(anonymous_7)
FN:114,(anonymous_8)
FN:122,(anonymous_9)
FN:126,(anonymous_10)
FNF:9
FNH:9
FNDA:30,(anonymous_2)
FNDA:30,(anonymous_3)
FNDA:29,(anonymous_4)
FNDA:21,(anonymous_5)
FNDA:10,(anonymous_6)
FNDA:10,(anonymous_7)
FNDA:6,(anonymous_8)
FNDA:21,(anonymous_9)
FNDA:46,(anonymous_10)
DA:1,2
DA:2,2
DA:5,2
DA:17,30
DA:20,30
DA:23,30
DA:31,30
DA:40,30
DA:48,30
DA:57,30
DA:65,30
DA:74,30
DA:81,29
DA:88,21
DA:89,21
DA:90,21
DA:100,10
DA:101,10
DA:108,10
DA:115,6
DA:123,21
DA:128,46
DA:132,46
DA:133,46
DA:134,31
DA:136,15
LF:26
LH:26
BRDA:133,0,0,31
BRDA:133,0,1,15
BRF:2
BRH:2
end_of_record
TN:
SF:src/health/prisma.health.ts
FN:7,(anonymous_2)
FN:11,(anonymous_3)
FNF:2
FNH:2
FNDA:6,(anonymous_2)
FNDA:5,(anonymous_3)
DA:1,2
DA:2,2
DA:3,2
DA:6,2
DA:7,6
DA:8,6
DA:12,5
DA:14,5
DA:15,2
DA:17,3
DA:20,3
LF:11
LH:11
BRDA:18,0,0,2
BRDA:18,0,1,1
BRF:2
BRH:2
end_of_record
TN:
SF:src/health/redis.health.ts
FN:7,(anonymous_2)
FN:11,(anonymous_3)
FNF:2
FNH:2
FNDA:8,(anonymous_2)
FNDA:8,(anonymous_3)
DA:1,2
DA:2,2
DA:3,2
DA:6,2
DA:7,8
DA:8,8
DA:12,8
DA:14,8
DA:15,8
DA:17,8
DA:18,5
DA:20,5
DA:21,3
DA:22,3
DA:25,2
DA:26,2
DA:28,5
DA:30,3
DA:33,3
LF:19
LH:19
BRDA:20,0,0,3
BRDA:20,0,1,2
BRDA:28,1,0,2
BRDA:28,1,1,3
BRDA:31,2,0,2
BRDA:31,2,1,1
BRF:6
BRH:6
end_of_record
TN:
SF:src/payments/payments.controller.ts
FN:23,(anonymous_4)
FN:29,(anonymous_5)
FN:37,(anonymous_6)
FN:46,(anonymous_7)
FN:55,(anonymous_8)
FN:64,(anonymous_9)
FN:74,(anonymous_10)
FN:87,(anonymous_11)
FN:114,(anonymous_12)
FNF:9
FNH:9
FNDA:32,(anonymous_4)
FNDA:2,(anonymous_5)
FNDA:2,(anonymous_6)
FNDA:3,(anonymous_7)
FNDA:4,(anonymous_8)
FNDA:4,(anonymous_9)
FNDA:8,(anonymous_10)
FNDA:11,(anonymous_11)
FNDA:9,(anonymous_12)
DA:1,2
DA:13,2
DA:14,2
DA:15,2
DA:22,2
DA:23,32
DA:29,2
DA:30,2
DA:37,2
DA:38,2
DA:46,2
DA:47,3
DA:55,2
DA:56,4
DA:64,2
DA:65,4
DA:74,2
DA:75,8
DA:87,2
DA:91,11
DA:98,11
DA:114,2
DA:115,9
LF:23
LH:23
BRDA:93,0,0,11
BRDA:93,0,1,2
BRDA:94,1,0,11
BRDA:94,1,1,2
BRF:4
BRH:4
end_of_record
TN:
SF:src/payments/payments.module.ts
FNF:0
FNH:0
DA:1,0
DA:2,0
DA:3,0
DA:4,0
DA:5,0
DA:6,0
DA:7,0
DA:15,0
LF:8
LH:0
BRF:0
BRH:0
end_of_record
TN:
SF:src/payments/payments.service.ts
FN:38,(anonymous_2)
FN:47,(anonymous_3)
FN:65,(anonymous_4)
FN:66,(anonymous_5)
FN:76,(anonymous_6)
FN:190,(anonymous_7)
FN:224,(anonymous_8)
FN:236,(anonymous_9)
FN:249,(anonymous_10)
FN:255,(anonymous_11)
FN:292,(anonymous_12)
FN:313,(anonymous_13)
FN:331,(anonymous_14)
FN:365,(anonymous_15)
FN:381,(anonymous_16)
FNF:15
FNH:15
FNDA:48,(anonymous_2)
FNDA:3,(anonymous_3)
FNDA:5,(anonymous_4)
FNDA:10,(anonymous_5)
FNDA:17,(anonymous_6)
FNDA:6,(anonymous_7)
FNDA:2,(anonymous_8)
FNDA:2,(anonymous_9)
FNDA:1,(anonymous_10)
FNDA:4,(anonymous_11)
FNDA:14,(anonymous_12)
FNDA:8,(anonymous_13)
FNDA:5,(anonymous_14)
FNDA:9,(anonymous_15)
FNDA:10,(anonymous_16)
DA:1,3
DA:2,3
DA:3,3
DA:4,3
DA:5,3
DA:17,3
DA:35,3
DA:36,48
DA:39,48
DA:40,48
DA:41,48
DA:48,3
DA:66,10
DA:81,17
DA:83,11
DA:84,1
DA:87,10
DA:92,10
DA:93,1
DA:97,9
DA:114,9
DA:123,9
DA:124,9
DA:125,9
DA:130,6
DA:131,1
DA:134,5
DA:135,5
DA:136,1
DA:139,4
DA:140,4
DA:143,4
DA:154,4
DA:155,4
DA:161,13
DA:162,10
DA:163,1
DA:165,9
DA:166,3
DA:167,2
DA:168,1
DA:171,1
DA:173,1
DA:176,10
DA:178,10
DA:192,6
DA:213,6
DA:223,6
DA:224,2
DA:236,2
DA:249,6
DA:261,4
DA:265,4
DA:266,2
DA:274,2
DA:278,2
DA:279,1
DA:286,1
DA:298,14
DA:299,3
DA:307,11
DA:325,8
DA:336,5
DA:341,5
DA:342,1
DA:346,4
DA:347,4
DA:348,4
DA:351,4
DA:355,4
DA:366,9
DA:367,9
DA:368,9
DA:371,9
DA:372,0
DA:375,9
DA:382,10
DA:383,10
LF:78
LH:77
BRDA:81,0,0,11
BRDA:81,0,1,6
BRDA:83,1,0,1
BRDA:83,1,1,10
BRDA:92,2,0,1
BRDA:92,2,1,9
BRDA:125,3,0,1
BRDA:125,3,1,8
BRDA:130,4,0,1
BRDA:130,4,1,5
BRDA:135,5,0,1
BRDA:135,5,1,4
BRDA:139,6,0,4
BRDA:139,6,1,3
BRDA:161,7,0,10
BRDA:161,7,1,3
BRDA:162,8,0,1
BRDA:162,8,1,9
BRDA:166,9,0,2
BRDA:166,9,1,1
BRDA:167,10,0,1
BRDA:167,10,1,1
BRDA:227,11,0,0
BRDA:227,11,1,2
BRDA:233,12,0,2
BRDA:233,12,1,0
BRDA:239,13,0,2
BRDA:239,13,1,0
BRDA:239,14,0,0
BRDA:239,14,1,2
BRDA:239,15,0,2
BRDA:239,15,1,2
BRDA:243,16,0,2
BRDA:243,16,1,0
BRDA:265,17,0,2
BRDA:265,17,1,2
BRDA:278,18,0,1
BRDA:278,18,1,1
BRDA:298,19,0,3
BRDA:298,19,1,11
BRDA:341,20,0,1
BRDA:341,20,1,4
BRDA:371,21,0,0
BRDA:371,21,1,9
BRF:44
BRH:38
end_of_record
TN:
SF:src/payments/dto/payment.dto.ts
FN:3,(anonymous_2)
FN:8,(anonymous_3)
FN:13,(anonymous_4)
FNF:3
FNH:3
FNDA:3,(anonymous_2)
FNDA:3,(anonymous_3)
FNDA:3,(anonymous_4)
DA:1,3
DA:3,3
DA:4,3
DA:5,3
DA:8,3
DA:9,3
DA:10,3
DA:13,3
DA:14,3
DA:15,3
DA:21,3
DA:23,3
DA:27,3
DA:31,3
DA:35,3
DA:38,3
DA:42,3
DA:48,3
DA:59,3
DA:61,3
DA:64,3
DA:67,3
DA:73,3
DA:75,3
DA:78,3
DA:81,3
DA:85,3
DA:88,3
DA:91,3
DA:94,3
DA:97,3
DA:101,3
DA:105,3
DA:111,3
LF:34
LH:34
BRDA:3,0,0,3
BRDA:3,0,1,3
BRDA:8,1,0,3
BRDA:8,1,1,3
BRDA:13,2,0,3
BRDA:13,2,1,3
BRF:6
BRH:6
end_of_record
TN:
SF:src/payments/providers/click.provider.ts
FN:9,(anonymous_2)
FN:17,(anonymous_3)
FN:45,(anonymous_4)
FN:63,(anonymous_5)
FN:74,(anonymous_6)
FN:96,(anonymous_7)
FN:147,(anonymous_8)
FN:223,(anonymous_9)
FN:320,(anonymous_10)
FN:363,(anonymous_11)
FN:388,(anonymous_12)
FN:428,(anonymous_13)
FN:488,(anonymous_14)
FN:505,(anonymous_15)
FNF:14
FNH:13
FNDA:4,(anonymous_2)
FNDA:4,(anonymous_3)
FNDA:36,(anonymous_4)
FNDA:4,(anonymous_5)
FNDA:4,(anonymous_6)
FNDA:28,(anonymous_7)
FNDA:13,(anonymous_8)
FNDA:7,(anonymous_9)
FNDA:28,(anonymous_10)
FNDA:3,(anonymous_11)
FNDA:13,(anonymous_12)
FNDA:6,(anonymous_13)
FNDA:0,(anonymous_14)
FNDA:9,(anonymous_15)
DA:1,4
DA:2,4
DA:3,4
DA:4,4
DA:9,4
DA:10,4
DA:11,4
DA:17,4
DA:18,4
DA:19,4
DA:20,4
DA:21,4
DA:22,4
DA:23,4
DA:24,4
DA:25,4
DA:26,4
DA:27,4
DA:37,4
DA:38,36
DA:46,36
DA:47,36
DA:49,36
DA:50,36
DA:51,36
DA:52,36
DA:53,36
DA:55,36
DA:56,2
DA:64,4
DA:75,4
DA:77,4
DA:85,4
DA:86,1
DA:89,4
DA:115,28
DA:118,28
DA:119,4
DA:123,24
DA:124,3
DA:125,3
DA:128,21
DA:129,21
DA:131,13
DA:133,7
DA:135,1
DA:138,1
DA:139,1
DA:160,13
DA:161,13
DA:164,13
DA:166,12
DA:167,2
DA:176,10
DA:177,1
DA:186,9
DA:187,1
DA:197,8
DA:210,8
DA:238,7
DA:241,7
DA:250,7
DA:251,1
DA:261,6
DA:262,0
DA:264,0
DA:279,0
DA:289,6
DA:292,6
DA:305,6
DA:332,28
DA:333,18
DA:343,10
DA:355,28
DA:357,28
DA:368,3
DA:370,3
DA:395,13
DA:399,12
DA:400,9
DA:409,3
DA:413,3
DA:414,1
DA:422,2
DA:433,6
DA:434,5
DA:444,5
DA:449,5
DA:450,2
DA:456,2
DA:461,1
DA:462,1
DA:472,1
DA:473,1
DA:489,0
DA:490,0
DA:494,0
DA:495,0
DA:515,9
LF:99
LH:92
BRDA:9,0,0,4
BRDA:9,0,1,4
BRDA:17,1,0,4
BRDA:17,1,1,4
BRDA:49,2,0,36
BRDA:49,2,1,1
BRDA:50,3,0,36
BRDA:50,3,1,1
BRDA:51,4,0,36
BRDA:51,4,1,1
BRDA:52,5,0,36
BRDA:52,5,1,0
BRDA:55,6,0,2
BRDA:55,6,1,34
BRDA:55,7,0,36
BRDA:55,7,1,35
BRDA:64,8,0,4
BRDA:64,8,1,3
BRDA:64,8,2,2
BRDA:82,9,0,4
BRDA:82,9,1,0
BRDA:85,10,0,1
BRDA:85,10,1,3
BRDA:118,11,0,4
BRDA:118,11,1,24
BRDA:123,12,0,3
BRDA:123,12,1,21
BRDA:123,13,0,24
BRDA:123,13,1,3
BRDA:125,14,0,3
BRDA:125,14,1,2
BRDA:129,15,0,13
BRDA:129,15,1,7
BRDA:129,15,2,1
BRDA:166,16,0,2
BRDA:166,16,1,10
BRDA:176,17,0,1
BRDA:176,17,1,9
BRDA:186,18,0,1
BRDA:186,18,1,8
BRDA:213,19,0,8
BRDA:213,19,1,5
BRDA:250,20,0,1
BRDA:250,20,1,6
BRDA:261,21,0,0
BRDA:261,21,1,6
BRDA:261,22,0,6
BRDA:261,22,1,0
BRDA:332,23,0,18
BRDA:332,23,1,10
BRDA:348,24,0,10
BRDA:348,24,1,1
BRDA:399,25,0,9
BRDA:399,25,1,3
BRDA:413,26,0,1
BRDA:413,26,1,2
BRDA:433,27,0,5
BRDA:433,27,1,1
BRDA:449,28,0,2
BRDA:449,28,1,3
BRDA:449,29,0,0
BRDA:449,29,1,5
BRDA:449,30,0,5
BRDA:449,30,1,5
BRDA:461,31,0,1
BRDA:461,31,1,0
BRDA:472,32,0,1
BRDA:472,32,1,0
BRDA:489,33,0,0
BRDA:489,33,1,0
BRDA:494,34,0,0
BRDA:494,34,1,0
BRF:72
BRH:61
end_of_record
TN:
SF:src/payments/providers/payme.provider.ts
FN:9,(anonymous_2)
FN:19,(anonymous_3)
FN:42,(anonymous_4)
FN:58,(anonymous_5)
FN:65,(anonymous_6)
FN:78,(anonymous_7)
FN:96,(anonymous_8)
FN:113,(anonymous_9)
FN:146,(anonymous_10)
FN:179,(anonymous_11)
FN:237,(anonymous_12)
FN:305,(anonymous_13)
FN:350,(anonymous_14)
FN:381,(anonymous_15)
FN:400,(anonymous_16)
FN:419,(anonymous_17)
FN:459,(anonymous_18)
FN:519,(anonymous_19)
FN:536,(anonymous_20)
FNF:19
FNH:19
FNDA:4,(anonymous_2)
FNDA:4,(anonymous_3)
FNDA:52,(anonymous_4)
FNDA:3,(anonymous_5)
FNDA:5,(anonymous_6)
FNDA:5,(anonymous_7)
FNDA:13,(anonymous_8)
FNDA:40,(anonymous_9)
FNDA:13,(anonymous_10)
FNDA:8,(anonymous_11)
FNDA:6,(anonymous_12)
FNDA:5,(anonymous_13)
FNDA:4,(anonymous_14)
FNDA:3,(anonymous_15)
FNDA:3,(anonymous_16)
FNDA:17,(anonymous_17)
FNDA:3,(anonymous_18)
FNDA:4,(anonymous_19)
FNDA:15,(anonymous_20)
DA:1,4
DA:2,4
DA:3,4
DA:9,4
DA:10,4
DA:11,4
DA:12,4
DA:13,4
DA:19,4
DA:20,4
DA:21,4
DA:22,4
DA:23,4
DA:24,4
DA:25,4
DA:26,4
DA:36,4
DA:37,52
DA:43,52
DA:44,52
DA:46,52
DA:47,52
DA:48,52
DA:50,52
DA:51,1
DA:59,3
DA:66,5
DA:81,5
DA:82,5
DA:84,5
DA:86,5
DA:87,1
DA:90,5
DA:97,13
DA:98,4
DA:101,9
DA:102,9
DA:103,9
DA:106,9
DA:117,40
DA:119,40
DA:120,40
DA:122,13
DA:124,8
DA:126,6
DA:128,5
DA:130,4
DA:132,3
DA:134,1
DA:137,2
DA:138,2
DA:149,13
DA:150,12
DA:151,12
DA:153,12
DA:154,2
DA:158,10
DA:160,9
DA:161,2
DA:164,7
DA:165,1
DA:168,6
DA:169,1
DA:172,5
DA:182,8
DA:183,8
DA:184,8
DA:185,8
DA:186,8
DA:189,8
DA:193,8
DA:195,1
DA:205,7
DA:206,7
DA:207,2
DA:211,5
DA:224,5
DA:240,6
DA:242,6
DA:246,6
DA:247,1
DA:250,5
DA:252,1
DA:261,4
DA:262,1
DA:265,3
DA:268,3
DA:277,3
DA:280,3
DA:293,3
DA:308,5
DA:309,5
DA:311,5
DA:316,5
DA:317,1
DA:320,4
DA:324,4
DA:327,4
DA:336,4
DA:338,4
DA:353,4
DA:355,4
DA:360,4
DA:361,1
DA:364,3
DA:384,3
DA:385,3
DA:387,3
DA:398,3
DA:400,3
DA:426,17
DA:430,16
DA:431,12
DA:440,4
DA:444,4
DA:445,1
DA:453,3
DA:464,3
DA:465,2
DA:475,2
DA:480,2
DA:481,2
DA:487,2
DA:492,1
DA:493,1
DA:503,1
DA:504,1
DA:520,4
DA:521,3
DA:525,1
DA:526,1
DA:537,15
LF:132
LH:132
BRDA:9,0,0,4
BRDA:9,0,1,4
BRDA:19,1,0,4
BRDA:19,1,1,4
BRDA:46,2,0,52
BRDA:46,2,1,1
BRDA:47,3,0,52
BRDA:47,3,1,1
BRDA:50,4,0,1
BRDA:50,4,1,51
BRDA:59,5,0,3
BRDA:59,5,1,2
BRDA:66,6,0,5
BRDA:66,6,1,0
BRDA:86,7,0,1
BRDA:86,7,1,4
BRDA:97,8,0,4
BRDA:97,8,1,9
BRDA:97,9,0,13
BRDA:97,9,1,10
BRDA:106,10,0,9
BRDA:106,10,1,7
BRDA:120,11,0,13
BRDA:120,11,1,8
BRDA:120,11,2,6
BRDA:120,11,3,5
BRDA:120,11,4,4
BRDA:120,11,5,3
BRDA:120,11,6,1
BRDA:150,12,0,1
BRDA:150,12,1,11
BRDA:150,13,0,12
BRDA:150,13,1,12
BRDA:153,14,0,2
BRDA:153,14,1,10
BRDA:160,15,0,2
BRDA:160,15,1,7
BRDA:164,16,0,1
BRDA:164,16,1,6
BRDA:168,17,0,1
BRDA:168,17,1,5
BRDA:186,18,0,0
BRDA:186,18,1,8
BRDA:186,19,0,8
BRDA:186,19,1,8
BRDA:193,20,0,1
BRDA:193,20,1,7
BRDA:206,21,0,2
BRDA:206,21,1,5
BRDA:206,22,0,7
BRDA:206,22,1,6
BRDA:206,22,2,6
BRDA:246,23,0,1
BRDA:246,23,1,5
BRDA:250,24,0,1
BRDA:250,24,1,4
BRDA:255,25,0,1
BRDA:255,25,1,0
BRDA:255,26,0,0
BRDA:255,26,1,1
BRDA:255,27,0,1
BRDA:255,27,1,1
BRDA:261,28,0,1
BRDA:261,28,1,3
BRDA:316,29,0,1
BRDA:316,29,1,4
BRDA:320,30,0,1
BRDA:320,30,1,3
BRDA:360,31,0,1
BRDA:360,31,1,3
BRDA:367,32,0,1
BRDA:367,32,1,2
BRDA:370,33,0,1
BRDA:370,33,1,2
BRDA:406,34,0,0
BRDA:406,34,1,3
BRDA:407,35,0,0
BRDA:407,35,1,3
BRDA:430,36,0,12
BRDA:430,36,1,4
BRDA:444,37,0,1
BRDA:444,37,1,3
BRDA:464,38,0,2
BRDA:464,38,1,1
BRDA:480,39,0,2
BRDA:480,39,1,0
BRDA:480,40,0,0
BRDA:480,40,1,2
BRDA:480,41,0,2
BRDA:480,41,1,2
BRDA:492,42,0,1
BRDA:492,42,1,0
BRDA:503,43,0,1
BRDA:503,43,1,0
BRDA:520,44,0,3
BRDA:520,44,1,1
BRDA:525,45,0,1
BRDA:525,45,1,0
BRF:98
BRH:87
end_of_record
TN:
SF:src/piston/piston.module.ts
FNF:0
FNH:0
DA:1,0
DA:2,0
DA:3,0
DA:10,0
LF:4
LH:0
BRF:0
BRH:0
end_of_record
TN:
SF:src/piston/piston.service.ts
FN:166,(anonymous_2)
FN:197,(anonymous_3)
FN:204,(anonymous_4)
FN:211,(anonymous_5)
FN:226,(anonymous_6)
FN:237,(anonymous_7)
FN:242,(anonymous_8)
FN:250,(anonymous_9)
FN:257,(anonymous_10)
FN:280,(anonymous_11)
FN:317,(anonymous_12)
FN:323,(anonymous_13)
FN:332,(anonymous_14)
FN:341,(anonymous_15)
FN:357,(anonymous_16)
FN:372,(anonymous_17)
FN:779,(anonymous_18)
FN:800,(anonymous_19)
FN:956,(anonymous_20)
FN:957,(anonymous_21)
FN:964,(anonymous_22)
FN:988,(anonymous_23)
FN:1017,(anonymous_24)
FN:1053,(anonymous_25)
FN:1197,(anonymous_26)
FN:1211,(anonymous_27)
FN:1293,(anonymous_28)
FN:1311,(anonymous_29)
FN:1378,(anonymous_30)
FN:1396,(anonymous_31)
FNF:30
FNH:22
FNDA:77,(anonymous_2)
FNDA:1,(anonymous_3)
FNDA:0,(anonymous_4)
FNDA:66,(anonymous_5)
FNDA:58,(anonymous_6)
FNDA:7,(anonymous_7)
FNDA:5,(anonymous_8)
FNDA:1,(anonymous_9)
FNDA:75,(anonymous_10)
FNDA:16,(anonymous_11)
FNDA:0,(anonymous_12)
FNDA:0,(anonymous_13)
FNDA:0,(anonymous_14)
FNDA:0,(anonymous_15)
FNDA:1,(anonymous_16)
FNDA:2,(anonymous_17)
FNDA:8,(anonymous_18)
FNDA:8,(anonymous_19)
FNDA:0,(anonymous_20)
FNDA:0,(anonymous_21)
FNDA:8,(anonymous_22)
FNDA:88,(anonymous_23)
FNDA:3,(anonymous_24)
FNDA:0,(anonymous_25)
FNDA:3,(anonymous_26)
FNDA:37,(anonymous_27)
FNDA:11,(anonymous_28)
FNDA:25,(anonymous_29)
FNDA:3,(anonymous_30)
FNDA:50,(anonymous_31)
DA:1,5
DA:2,5
DA:3,5
DA:4,5
DA:5,5
DA:89,5
DA:157,5
DA:158,77
DA:163,77
DA:164,77
DA:166,77
DA:167,77
DA:170,77
DA:177,77
DA:184,77
DA:194,77
DA:199,1
DA:200,1
DA:201,1
DA:205,0
DA:212,66
DA:213,66
DA:214,45
DA:215,45
DA:216,45
DA:218,21
DA:219,21
DA:227,58
DA:228,47
DA:230,11
DA:231,11
DA:238,7
DA:239,7
DA:241,5
DA:242,5
DA:251,1
DA:258,75
DA:260,75
DA:263,13
DA:264,13
DA:265,12
DA:266,10
DA:267,8
DA:268,7
DA:269,6
DA:270,5
DA:272,5
DA:286,16
DA:287,16
DA:288,1
DA:292,15
DA:293,15
DA:294,3
DA:295,3
DA:301,12
DA:302,1
DA:303,11
DA:304,8
DA:305,3
DA:306,3
DA:308,0
DA:311,12
DA:318,0
DA:321,0
DA:322,0
DA:323,0
DA:324,0
DA:325,0
DA:330,0
DA:331,0
DA:332,0
DA:333,0
DA:334,0
DA:339,0
DA:340,0
DA:341,0
DA:342,0
DA:343,0
DA:347,0
DA:359,1
DA:368,1
DA:372,2
DA:376,1
DA:377,1
DA:379,1
DA:782,8
DA:786,8
DA:794,8
DA:797,8
DA:800,8
DA:801,8
DA:802,8
DA:805,8
DA:957,0
DA:965,8
DA:967,8
DA:969,8
DA:971,8
DA:977,8
DA:978,11
DA:979,11
DA:982,11
DA:983,0
DA:984,0
DA:988,88
DA:989,11
DA:990,0
DA:991,0
DA:995,11
DA:996,0
DA:997,0
DA:1001,11
DA:1002,11
DA:1003,11
DA:1004,2
DA:1007,11
DA:1009,8
DA:1019,3
DA:1020,3
DA:1023,3
DA:1036,3
DA:1053,3
DA:1057,3
DA:1189,3
DA:1190,3
DA:1198,3
DA:1200,3
DA:1202,3
DA:1203,0
DA:1205,3
DA:1216,37
DA:1217,37
DA:1218,1
DA:1222,36
DA:1223,36
DA:1224,4
DA:1225,4
DA:1228,32
DA:1229,32
DA:1231,32
DA:1241,32
DA:1243,32
DA:1248,25
DA:1249,25
DA:1251,7
DA:1252,7
DA:1253,7
DA:1254,7
DA:1257,7
DA:1258,2
DA:1273,5
DA:1274,1
DA:1275,1
DA:1279,4
DA:1280,2
DA:1281,2
DA:1285,2
DA:1294,11
DA:1312,25
DA:1313,25
DA:1317,25
DA:1322,25
DA:1325,25
DA:1326,1
DA:1343,24
DA:1344,24
DA:1346,24
DA:1347,4
DA:1362,20
DA:1379,3
DA:1397,50
DA:1398,25
DA:1399,2
LF:173
LH:146
BRDA:167,0,0,77
BRDA:167,0,1,0
BRDA:227,1,0,47
BRDA:227,1,1,11
BRDA:227,2,0,58
BRDA:227,2,1,47
BRDA:231,3,0,11
BRDA:231,3,1,1
BRDA:239,4,0,2
BRDA:239,4,1,5
BRDA:242,5,0,5
BRDA:242,5,1,1
BRDA:243,6,0,0
BRDA:243,6,1,1
BRDA:243,7,0,1
BRDA:243,7,1,1
BRDA:260,8,0,62
BRDA:260,8,1,13
BRDA:263,9,0,0
BRDA:263,9,1,13
BRDA:263,10,0,13
BRDA:263,10,1,0
BRDA:264,11,0,1
BRDA:264,11,1,12
BRDA:264,12,0,13
BRDA:264,12,1,12
BRDA:265,13,0,2
BRDA:265,13,1,10
BRDA:265,14,0,12
BRDA:265,14,1,12
BRDA:266,15,0,2
BRDA:266,15,1,8
BRDA:266,16,0,10
BRDA:266,16,1,10
BRDA:266,16,2,9
BRDA:267,17,0,1
BRDA:267,17,1,7
BRDA:267,18,0,8
BRDA:267,18,1,8
BRDA:268,19,0,1
BRDA:268,19,1,6
BRDA:268,20,0,7
BRDA:268,20,1,7
BRDA:269,21,0,1
BRDA:269,21,1,5
BRDA:269,22,0,6
BRDA:269,22,1,5
BRDA:270,23,0,0
BRDA:270,23,1,5
BRDA:287,24,0,1
BRDA:287,24,1,15
BRDA:293,25,0,3
BRDA:293,25,1,12
BRDA:301,26,0,1
BRDA:301,26,1,11
BRDA:301,27,0,12
BRDA:301,27,1,11
BRDA:303,28,0,8
BRDA:303,28,1,3
BRDA:303,29,0,11
BRDA:303,29,1,3
BRDA:305,30,0,3
BRDA:305,30,1,0
BRDA:322,31,0,0
BRDA:322,31,1,0
BRDA:331,32,0,0
BRDA:331,32,1,0
BRDA:340,33,0,0
BRDA:340,33,1,0
BRDA:343,34,0,0
BRDA:343,34,1,0
BRDA:347,35,0,0
BRDA:347,35,1,0
BRDA:368,36,0,0
BRDA:368,36,1,1
BRDA:797,37,0,1
BRDA:797,37,1,7
BRDA:978,38,0,11
BRDA:978,38,1,9
BRDA:982,39,0,0
BRDA:982,39,1,11
BRDA:989,40,0,0
BRDA:989,40,1,11
BRDA:995,41,0,0
BRDA:995,41,1,11
BRDA:1003,42,0,2
BRDA:1003,42,1,9
BRDA:1003,43,0,11
BRDA:1003,43,1,2
BRDA:1217,44,0,1
BRDA:1217,44,1,36
BRDA:1223,45,0,4
BRDA:1223,45,1,32
BRDA:1235,46,0,32
BRDA:1235,46,1,32
BRDA:1251,47,0,2
BRDA:1251,47,1,5
BRDA:1252,48,0,0
BRDA:1252,48,1,7
BRDA:1252,49,0,7
BRDA:1252,49,1,7
BRDA:1253,50,0,6
BRDA:1253,50,1,1
BRDA:1253,51,0,7
BRDA:1253,51,1,7
BRDA:1253,52,0,0
BRDA:1253,52,1,7
BRDA:1253,53,0,7
BRDA:1253,53,1,7
BRDA:1257,54,0,2
BRDA:1257,54,1,5
BRDA:1257,55,0,7
BRDA:1257,55,1,6
BRDA:1257,56,0,0
BRDA:1257,56,1,6
BRDA:1257,57,0,6
BRDA:1257,57,1,6
BRDA:1273,58,0,1
BRDA:1273,58,1,4
BRDA:1279,59,0,2
BRDA:1279,59,1,2
BRDA:1279,60,0,4
BRDA:1279,60,1,3
BRDA:1317,61,0,1
BRDA:1317,61,1,24
BRDA:1322,62,0,25
BRDA:1322,62,1,24
BRDA:1325,63,0,1
BRDA:1325,63,1,24
BRDA:1325,64,0,25
BRDA:1325,64,1,2
BRDA:1332,65,0,1
BRDA:1332,65,1,0
BRDA:1343,66,0,24
BRDA:1343,66,1,18
BRDA:1344,67,0,24
BRDA:1344,67,1,2
BRDA:1346,68,0,4
BRDA:1346,68,1,20
BRDA:1346,69,0,24
BRDA:1346,69,1,19
BRDA:1346,69,2,5
BRDA:1350,70,0,1
BRDA:1350,70,1,3
BRDA:1353,71,0,0
BRDA:1353,71,1,4
BRDA:1353,72,0,4
BRDA:1353,72,1,0
BRDA:1353,73,0,4
BRDA:1353,73,1,4
BRDA:1357,74,0,4
BRDA:1357,74,1,0
BRDA:1368,75,0,1
BRDA:1368,75,1,19
BRDA:1368,76,0,19
BRDA:1368,76,1,1
BRDA:1368,77,0,20
BRDA:1368,77,1,20
BRDA:1396,78,0,50
BRDA:1397,79,0,25
BRDA:1397,79,1,25
BRDA:1398,80,0,23
BRDA:1398,80,1,2
BRF:163
BRH:136
end_of_record
TN:
SF:src/prisma/prisma.module.ts
FNF:0
FNH:0
DA:1,0
DA:2,0
DA:9,0
LF:3
LH:0
BRF:0
BRH:0
end_of_record
TN:
SF:src/prisma/prisma.service.ts
FN:8,(anonymous_1)
FN:12,(anonymous_2)
FNF:2
FNH:2
FNDA:5,(anonymous_1)
FNDA:4,(anonymous_2)
DA:2,43
DA:4,43
DA:7,43
DA:9,5
DA:13,4
LF:5
LH:5
BRF:0
BRH:0
end_of_record
TN:
SF:src/queue/code-execution.processor.ts
FN:48,(anonymous_4)
FN:60,(anonymous_5)
FN:105,(anonymous_6)
FN:110,(anonymous_7)
FN:147,(anonymous_8)
FN:152,(anonymous_9)
FNF:6
FNH:6
FNDA:14,(anonymous_4)
FNDA:9,(anonymous_5)
FNDA:1,(anonymous_6)
FNDA:1,(anonymous_7)
FNDA:1,(anonymous_8)
FNDA:1,(anonymous_9)
DA:1,1
DA:2,1
DA:3,1
DA:4,1
DA:5,1
DA:6,1
DA:45,1
DA:46,14
DA:49,14
DA:51,14
DA:53,14
DA:54,14
DA:61,9
DA:63,9
DA:69,9
DA:70,9
DA:71,9
DA:72,0
DA:74,0
DA:75,0
DA:76,0
DA:81,9
DA:84,9
DA:85,2
DA:86,2
DA:88,2
DA:89,1
DA:90,1
DA:91,1
DA:92,1
DA:96,9
DA:105,1
DA:106,1
DA:110,1
DA:111,1
DA:112,1
DA:114,1
DA:116,0
DA:120,0
DA:121,0
DA:131,0
DA:135,0
DA:137,0
DA:140,1
DA:147,1
DA:148,1
DA:152,1
DA:153,1
LF:48
LH:38
BRDA:64,0,0,9
BRDA:64,0,1,8
BRDA:71,1,0,0
BRDA:71,1,1,9
BRDA:75,2,0,0
BRDA:75,2,1,0
BRDA:84,3,0,2
BRDA:84,3,1,7
BRDA:84,4,0,9
BRDA:84,4,1,3
BRDA:88,5,0,1
BRDA:88,5,1,1
BRDA:111,6,0,1
BRDA:111,6,1,0
BRDA:114,7,0,0
BRDA:114,7,1,1
BRDA:122,8,0,0
BRDA:122,8,1,0
BRDA:125,9,0,0
BRDA:125,9,1,0
BRDA:125,9,2,0
BRF:21
BRH:11
end_of_record
TN:
SF:src/queue/code-execution.service.ts
FN:14,(anonymous_4)
FN:21,(anonymous_5)
FN:36,(anonymous_6)
FN:42,(anonymous_7)
FN:56,(anonymous_8)
FN:69,(anonymous_9)
FN:82,(anonymous_10)
FN:115,(anonymous_11)
FN:152,(anonymous_12)
FN:178,(anonymous_13)
FN:199,(anonymous_14)
FN:220,(anonymous_15)
FNF:12
FNH:11
FNDA:48,(anonymous_4)
FNDA:11,(anonymous_5)
FNDA:0,(anonymous_6)
FNDA:3,(anonymous_7)
FNDA:8,(anonymous_8)
FNDA:5,(anonymous_9)
FNDA:6,(anonymous_10)
FNDA:5,(anonymous_11)
FNDA:7,(anonymous_12)
FNDA:2,(anonymous_13)
FNDA:6,(anonymous_14)
FNDA:1,(anonymous_15)
DA:1,3
DA:2,3
DA:3,3
DA:4,3
DA:5,3
DA:7,3
DA:10,3
DA:11,48
DA:16,48
DA:17,48
DA:18,48
DA:23,11
DA:30,11
DA:31,11
DA:32,9
DA:33,9
DA:36,2
DA:37,2
DA:38,2
DA:43,3
DA:44,2
DA:45,2
DA:46,1
DA:48,1
DA:61,8
DA:62,8
DA:75,5
DA:76,5
DA:93,6
DA:108,6
DA:109,6
DA:126,5
DA:138,5
DA:141,5
DA:146,5
DA:158,7
DA:160,7
DA:161,1
DA:164,6
DA:165,6
DA:166,6
DA:168,6
DA:185,2
DA:193,2
DA:200,6
DA:203,6
DA:204,6
DA:205,6
DA:206,4
DA:208,2
DA:211,6
DA:221,1
LF:52
LH:52
BRDA:25,0,0,11
BRDA:25,0,1,0
BRDA:26,1,0,11
BRDA:26,1,1,0
BRDA:43,2,0,2
BRDA:43,2,1,1
BRDA:75,3,0,5
BRDA:75,3,1,4
BRDA:98,4,0,2
BRDA:98,4,1,4
BRDA:98,5,0,6
BRDA:98,5,1,6
BRDA:99,6,0,2
BRDA:99,6,1,4
BRDA:99,7,0,6
BRDA:99,7,1,6
BRDA:100,8,0,2
BRDA:100,8,1,4
BRDA:100,9,0,6
BRDA:100,9,1,6
BRDA:101,10,0,2
BRDA:101,10,1,4
BRDA:101,11,0,6
BRDA:101,11,1,6
BRDA:104,12,0,6
BRDA:104,12,1,4
BRDA:104,13,0,2
BRDA:104,13,1,4
BRDA:104,14,0,6
BRDA:104,14,1,6
BRDA:131,15,0,2
BRDA:131,15,1,3
BRDA:131,16,0,5
BRDA:131,16,1,5
BRDA:132,17,0,2
BRDA:132,17,1,3
BRDA:132,18,0,5
BRDA:132,18,1,5
BRDA:133,19,0,2
BRDA:133,19,1,3
BRDA:133,20,0,5
BRDA:133,20,1,5
BRDA:134,21,0,2
BRDA:134,21,1,3
BRDA:134,22,0,5
BRDA:134,22,1,5
BRDA:143,23,0,5
BRDA:143,23,1,4
BRDA:143,24,0,2
BRDA:143,24,1,3
BRDA:143,25,0,5
BRDA:143,25,1,5
BRDA:160,26,0,1
BRDA:160,26,1,6
BRDA:170,27,0,6
BRDA:170,27,1,4
BRF:56
BRH:54
end_of_record
TN:
SF:src/queue/constants.ts
FNF:0
FNH:0
DA:4,6
DA:5,6
LF:2
LH:2
BRF:0
BRH:0
end_of_record
TN:
SF:src/queue/dead-letter.service.ts
FN:28,(anonymous_4)
FN:40,(anonymous_5)
FN:64,(anonymous_6)
FN:74,(anonymous_7)
FN:89,(anonymous_8)
FN:99,(anonymous_9)
FN:110,(anonymous_10)
FN:142,(anonymous_11)
FN:158,(anonymous_12)
FN:171,(anonymous_13)
FN:175,(anonymous_14)
FN:187,(anonymous_15)
FNF:12
FNH:12
FNDA:21,(anonymous_4)
FNDA:7,(anonymous_5)
FNDA:2,(anonymous_6)
FNDA:3,(anonymous_7)
FNDA:3,(anonymous_8)
FNDA:3,(anonymous_9)
FNDA:3,(anonymous_10)
FNDA:2,(anonymous_11)
FNDA:3,(anonymous_12)
FNDA:78,(anonymous_13)
FNDA:1,(anonymous_14)
FNDA:4,(anonymous_15)
DA:1,1
DA:2,1
DA:3,1
DA:4,1
DA:25,1
DA:26,21
DA:30,21
DA:32,21
DA:34,21
DA:41,7
DA:51,7
DA:55,7
DA:69,2
DA:70,2
DA:73,2
DA:74,3
DA:75,1
DA:76,1
DA:79,2
DA:97,3
DA:99,3
DA:111,3
DA:113,3
DA:114,1
DA:117,2
DA:119,2
DA:128,1
DA:130,1
DA:132,1
DA:134,1
DA:135,1
DA:143,2
DA:145,2
DA:146,1
DA:149,1
DA:150,1
DA:151,1
DA:159,3
DA:160,3
DA:162,3
DA:163,1
DA:167,2
DA:168,2
DA:169,3
DA:171,78
DA:174,3
DA:175,1
DA:179,2
DA:180,2
DA:188,4
DA:189,4
DA:191,4
DA:193,5
DA:194,4
DA:195,4
DA:196,4
DA:200,4
DA:201,3
DA:204,4
LF:59
LH:59
BRDA:42,0,0,7
BRDA:42,0,1,1
BRDA:45,1,0,7
BRDA:45,1,1,1
BRDA:73,2,0,1
BRDA:73,2,1,1
BRDA:90,3,0,2
BRDA:91,4,0,2
BRDA:100,5,0,3
BRDA:100,5,1,1
BRDA:113,6,0,1
BRDA:113,6,1,2
BRDA:145,7,0,1
BRDA:145,7,1,1
BRDA:162,8,0,1
BRDA:162,8,1,2
BRDA:174,9,0,1
BRDA:174,9,1,2
BRDA:193,10,0,4
BRDA:193,10,1,1
BRDA:193,11,0,5
BRDA:193,11,1,1
BRDA:200,12,0,3
BRDA:200,12,1,1
BRF:24
BRH:24
end_of_record
TN:
SF:src/queue/queue.module.ts
FN:17,(anonymous_1)
FNF:1
FNH:0
FNDA:0,(anonymous_1)
DA:1,0
DA:2,0
DA:3,0
DA:4,0
DA:5,0
DA:6,0
DA:7,0
DA:8,0
DA:9,0
DA:17,0
DA:62,0
LF:11
LH:0
BRDA:19,0,0,0
BRDA:19,0,1,0
BRDA:20,1,0,0
BRDA:20,1,1,0
BRDA:21,2,0,0
BRDA:21,2,1,0
BRF:6
BRH:0
end_of_record
TN:
SF:src/queue/shutdown.service.ts
FN:15,(anonymous_4)
FN:26,(anonymous_5)
FN:49,(anonymous_6)
FN:100,(anonymous_7)
FN:101,(anonymous_8)
FN:107,(anonymous_9)
FNF:6
FNH:6
FNDA:17,(anonymous_4)
FNDA:11,(anonymous_5)
FNDA:5,(anonymous_6)
FNDA:1,(anonymous_7)
FNDA:1,(anonymous_8)
FNDA:4,(anonymous_9)
DA:1,1
DA:2,1
DA:3,1
DA:4,1
DA:11,1
DA:12,17
DA:13,17
DA:17,17
DA:19,17
DA:27,11
DA:28,8
DA:30,8
DA:31,8
DA:33,8
DA:35,8
DA:39,7
DA:41,1
DA:50,5
DA:52,5
DA:54,5
DA:56,5
DA:57,3
DA:60,3
DA:61,3
DA:62,3
DA:64,3
DA:65,4
DA:66,4
DA:67,3
DA:68,3
DA:71,1
DA:72,1
DA:74,1
DA:75,0
DA:79,3
DA:80,3
DA:81,0
DA:88,5
DA:89,5
DA:94,5
DA:96,0
DA:101,1
DA:108,4
DA:115,4
LF:44
LH:41
BRDA:27,0,0,3
BRDA:27,0,1,8
BRDA:30,1,0,8
BRDA:30,1,1,1
BRDA:56,2,0,3
BRDA:56,2,1,2
BRDA:66,3,0,3
BRDA:66,3,1,1
BRDA:74,4,0,0
BRDA:74,4,1,1
BRDA:80,5,0,0
BRDA:80,5,1,3
BRF:12
BRH:10
end_of_record
TN:
SF:src/roadmaps/roadmap.config.ts
FNF:0
FNH:0
DA:7,2
DA:10,2
DA:20,2
DA:42,2
DA:54,2
DA:65,2
DA:68,2
DA:75,2
LF:8
LH:8
BRF:0
BRH:0
end_of_record
TN:
SF:src/roadmaps/roadmaps.controller.ts
FN:9,(anonymous_4)
FN:16,(anonymous_5)
FN:26,(anonymous_6)
FN:36,(anonymous_7)
FN:47,(anonymous_8)
FN:56,(anonymous_9)
FN:71,(anonymous_10)
FN:81,(anonymous_11)
FN:91,(anonymous_12)
FNF:9
FNH:9
FNDA:24,(anonymous_4)
FNDA:3,(anonymous_5)
FNDA:3,(anonymous_6)
FNDA:2,(anonymous_7)
FNDA:8,(anonymous_8)
FNDA:2,(anonymous_9)
FNDA:2,(anonymous_10)
FNDA:2,(anonymous_11)
FNDA:3,(anonymous_12)
DA:2,1
DA:3,1
DA:4,1
DA:5,1
DA:8,1
DA:9,24
DA:16,1
DA:17,3
DA:26,1
DA:27,3
DA:36,1
DA:37,2
DA:47,1
DA:48,8
DA:56,1
DA:57,2
DA:71,1
DA:72,2
DA:81,1
DA:82,2
DA:91,1
DA:92,3
LF:22
LH:22
BRF:0
BRH:0
end_of_record
TN:
SF:src/roadmaps/roadmaps.module.ts
FNF:0
FNH:0
DA:2,0
DA:3,0
DA:4,0
DA:5,0
DA:6,0
DA:14,0
LF:6
LH:0
BRF:0
BRH:0
end_of_record
TN:
SF:src/roadmaps/roadmaps.service.ts
FN:119,(anonymous_2)
FN:133,(anonymous_3)
FN:140,(anonymous_4)
FN:186,(anonymous_5)
FN:213,(anonymous_6)
FN:230,(anonymous_7)
FN:296,(anonymous_8)
FN:316,(anonymous_9)
FN:377,(anonymous_10)
FN:394,(anonymous_11)
FN:430,(anonymous_12)
FN:491,(anonymous_13)
FN:510,(anonymous_14)
FN:518,(anonymous_15)
FN:565,(anonymous_16)
FN:588,(anonymous_17)
FN:597,(anonymous_18)
FN:626,(anonymous_19)
FN:629,(anonymous_20)
FN:678,(anonymous_21)
FN:729,(anonymous_22)
FN:736,(anonymous_23)
FN:739,(anonymous_24)
FN:741,(anonymous_25)
FN:750,(anonymous_26)
FN:762,(anonymous_27)
FN:765,(anonymous_28)
FN:796,(anonymous_29)
FN:803,(anonymous_30)
FN:810,(anonymous_31)
FN:811,(anonymous_32)
FN:812,(anonymous_33)
FN:847,(anonymous_34)
FN:881,(anonymous_35)
FN:905,(anonymous_36)
FN:912,(anonymous_37)
FN:937,(anonymous_38)
FN:949,(anonymous_39)
FN:960,(anonymous_40)
FN:972,(anonymous_41)
FN:980,(anonymous_42)
FN:996,(anonymous_43)
FN:1019,(anonymous_44)
FN:1045,(anonymous_45)
FN:1054,(anonymous_46)
FN:1060,(anonymous_47)
FN:1082,(anonymous_48)
FN:1085,(anonymous_49)
FN:1087,(anonymous_50)
FN:1115,(anonymous_51)
FN:1121,(anonymous_52)
FN:1148,(anonymous_53)
FN:1177,(anonymous_54)
FN:1184,(anonymous_55)
FN:1191,(anonymous_56)
FN:1193,(anonymous_57)
FN:1213,(anonymous_58)
FN:1241,(anonymous_59)
FN:1251,(anonymous_60)
FN:1257,(anonymous_61)
FN:1260,(anonymous_62)
FN:1263,(anonymous_63)
FN:1292,(anonymous_64)
FN:1294,(anonymous_65)
FN:1294,(anonymous_66)
FNF:65
FNH:65
FNDA:65,(anonymous_2)
FNDA:33,(anonymous_3)
FNDA:92,(anonymous_4)
FNDA:6,(anonymous_5)
FNDA:24,(anonymous_6)
FNDA:39,(anonymous_7)
FNDA:2,(anonymous_8)
FNDA:2,(anonymous_9)
FNDA:27,(anonymous_10)
FNDA:311,(anonymous_11)
FNDA:4,(anonymous_12)
FNDA:2,(anonymous_13)
FNDA:5,(anonymous_14)
FNDA:26,(anonymous_15)
FNDA:17,(anonymous_16)
FNDA:25,(anonymous_17)
FNDA:17,(anonymous_18)
FNDA:18,(anonymous_19)
FNDA:52,(anonymous_20)
FNDA:8,(anonymous_21)
FNDA:13,(anonymous_22)
FNDA:1,(anonymous_23)
FNDA:14,(anonymous_24)
FNDA:23,(anonymous_25)
FNDA:22,(anonymous_26)
FNDA:14,(anonymous_27)
FNDA:24,(anonymous_28)
FNDA:18,(anonymous_29)
FNDA:270,(anonymous_30)
FNDA:13,(anonymous_31)
FNDA:212,(anonymous_32)
FNDA:215,(anonymous_33)
FNDA:54,(anonymous_34)
FNDA:288,(anonymous_35)
FNDA:51,(anonymous_36)
FNDA:3,(anonymous_37)
FNDA:183,(anonymous_38)
FNDA:66,(anonymous_39)
FNDA:857,(anonymous_40)
FNDA:26,(anonymous_41)
FNDA:60,(anonymous_42)
FNDA:23,(anonymous_43)
FNDA:23,(anonymous_44)
FNDA:49,(anonymous_45)
FNDA:1,(anonymous_46)
FNDA:6,(anonymous_47)
FNDA:12,(anonymous_48)
FNDA:6,(anonymous_49)
FNDA:6,(anonymous_50)
FNDA:6,(anonymous_51)
FNDA:6,(anonymous_52)
FNDA:18,(anonymous_53)
FNDA:19,(anonymous_54)
FNDA:17,(anonymous_55)
FNDA:3,(anonymous_56)
FNDA:9,(anonymous_57)
FNDA:24,(anonymous_58)
FNDA:31,(anonymous_59)
FNDA:4,(anonymous_60)
FNDA:5,(anonymous_61)
FNDA:23,(anonymous_62)
FNDA:26,(anonymous_63)
FNDA:23,(anonymous_64)
FNDA:23,(anonymous_65)
FNDA:26,(anonymous_66)
DA:1,2
DA:2,2
DA:3,2
DA:4,2
DA:7,2
DA:8,2
DA:115,2
DA:116,65
DA:117,65
DA:120,65
DA:121,65
DA:122,65
DA:124,65
DA:125,65
DA:126,25
DA:134,33
DA:146,92
DA:151,92
DA:152,1
DA:156,91
DA:163,91
DA:166,91
DA:167,2
DA:171,89
DA:172,85
DA:175,4
DA:187,6
DA:192,6
DA:193,1
DA:197,5
DA:200,5
DA:202,5
DA:215,24
DA:217,24
DA:218,1
DA:224,23
DA:227,23
DA:230,39
DA:235,23
DA:236,6
DA:237,6
DA:239,2
DA:240,2
DA:243,17
DA:247,23
DA:248,23
DA:251,23
DA:274,23
DA:282,23
DA:283,23
DA:285,23
DA:297,2
DA:301,2
DA:302,1
DA:308,2
DA:310,2
DA:317,2
DA:379,27
DA:381,27
DA:382,1
DA:388,26
DA:391,26
DA:394,311
DA:399,26
DA:400,17
DA:401,17
DA:403,9
DA:404,9
DA:407,9
DA:411,26
DA:416,26
DA:418,26
DA:432,4
DA:434,4
DA:435,1
DA:439,3
DA:442,3
DA:465,3
DA:474,3
DA:476,3
DA:477,3
DA:479,3
DA:492,2
DA:495,2
DA:499,2
DA:511,5
DA:512,5
DA:519,26
DA:536,26
DA:538,26
DA:539,26
DA:540,26
DA:541,26
DA:542,311
DA:559,26
DA:569,17
DA:571,17
DA:572,17
DA:577,16
DA:580,16
DA:581,16
DA:582,8
DA:585,8
DA:588,25
DA:591,8
DA:598,17
DA:606,17
DA:609,17
DA:610,17
DA:611,52
DA:614,17
DA:626,18
DA:629,52
DA:683,8
DA:685,8
DA:687,13
DA:688,13
DA:691,13
DA:692,15
DA:693,25
DA:694,22
DA:695,22
DA:701,13
DA:702,11
DA:703,2
DA:704,2
DA:708,13
DA:711,12
DA:712,12
DA:713,12
DA:716,12
DA:718,12
DA:721,12
DA:722,12
DA:723,24
DA:724,24
DA:725,24
DA:728,12
DA:729,13
DA:736,1
DA:739,12
DA:740,14
DA:741,23
DA:744,14
DA:750,22
DA:762,14
DA:765,24
DA:771,12
DA:772,12
DA:790,8
DA:801,18
DA:802,18
DA:803,270
DA:808,18
DA:809,18
DA:810,13
DA:811,10
DA:812,212
DA:813,215
DA:817,10
DA:821,18
DA:824,18
DA:825,18
DA:829,18
DA:830,18
DA:834,18
DA:835,18
DA:839,18
DA:841,18
DA:856,54
DA:857,54
DA:858,54
DA:859,54
DA:862,54
DA:863,54
DA:864,833
DA:865,833
DA:866,833
DA:870,54
DA:871,54
DA:872,54
DA:873,51
DA:875,51
DA:881,288
DA:893,51
DA:897,54
DA:898,54
DA:899,833
DA:900,833
DA:901,833
DA:904,54
DA:905,51
DA:912,3
DA:915,54
DA:918,54
DA:924,54
DA:937,183
DA:950,66
DA:951,66
DA:952,857
DA:954,66
DA:961,857
DA:962,854
DA:963,854
DA:964,854
DA:965,854
DA:966,854
DA:967,854
DA:973,26
DA:977,26
DA:981,60
DA:990,60
DA:997,23
DA:999,23
DA:1016,23
DA:1018,23
DA:1019,23
DA:1020,20
DA:1022,13
DA:1023,20
DA:1024,20
DA:1025,39
DA:1039,23
DA:1046,49
DA:1054,49
DA:1064,6
DA:1066,6
DA:1071,5
DA:1074,5
DA:1075,5
DA:1076,1
DA:1079,4
DA:1082,12
DA:1085,4
DA:1086,6
DA:1088,6
DA:1089,6
DA:1091,5
DA:1104,6
DA:1115,6
DA:1122,6
DA:1123,6
DA:1129,6
DA:1136,6
DA:1138,6
DA:1148,18
DA:1182,19
DA:1183,19
DA:1184,17
DA:1189,19
DA:1190,19
DA:1191,3
DA:1192,17
DA:1193,9
DA:1197,19
DA:1198,19
DA:1199,24
DA:1200,24
DA:1201,15
DA:1203,24
DA:1207,19
DA:1208,19
DA:1210,19
DA:1211,15
DA:1213,24
DA:1224,15
DA:1225,15
DA:1234,15
DA:1238,19
DA:1243,31
DA:1251,31
DA:1254,31
DA:1257,31
DA:1260,31
DA:1261,23
DA:1263,23
DA:1265,26
DA:1267,26
DA:1269,26
DA:1270,26
DA:1273,26
DA:1275,26
DA:1281,23
DA:1292,31
DA:1293,31
DA:1294,26
DA:1298,31
LF:287
LH:287
BRDA:124,0,0,65
BRDA:124,0,1,40
BRDA:125,1,0,25
BRDA:125,1,1,40
BRDA:151,2,0,1
BRDA:151,2,1,91
BRDA:166,3,0,2
BRDA:166,3,1,89
BRDA:171,4,0,85
BRDA:171,4,1,4
BRDA:192,5,0,1
BRDA:192,5,1,5
BRDA:217,6,0,1
BRDA:217,6,1,23
BRDA:235,7,0,6
BRDA:235,7,1,17
BRDA:235,8,0,23
BRDA:235,8,1,8
BRDA:253,9,0,23
BRDA:253,9,1,22
BRDA:301,10,0,1
BRDA:301,10,1,1
BRDA:381,11,0,1
BRDA:381,11,1,26
BRDA:399,12,0,17
BRDA:399,12,1,9
BRDA:399,13,0,26
BRDA:399,13,1,17
BRDA:434,14,0,1
BRDA:434,14,1,3
BRDA:439,15,0,3
BRDA:439,15,1,0
BRDA:444,16,0,3
BRDA:444,16,1,3
BRDA:500,17,0,2
BRDA:500,17,1,2
BRDA:552,18,0,311
BRDA:552,18,1,5
BRDA:571,19,0,17
BRDA:571,19,1,17
BRDA:577,20,0,16
BRDA:577,20,1,8
BRDA:581,21,0,8
BRDA:581,21,1,8
BRDA:611,22,0,52
BRDA:611,22,1,18
BRDA:618,23,0,17
BRDA:618,23,1,12
BRDA:621,24,0,17
BRDA:621,24,1,0
BRDA:685,25,0,8
BRDA:685,25,1,0
BRDA:691,26,0,13
BRDA:691,26,1,0
BRDA:692,27,0,15
BRDA:692,27,1,0
BRDA:693,28,0,22
BRDA:693,28,1,3
BRDA:693,29,0,25
BRDA:693,29,1,22
BRDA:701,30,0,13
BRDA:701,30,1,9
BRDA:702,31,0,2
BRDA:702,31,1,9
BRDA:702,32,0,11
BRDA:702,32,1,11
BRDA:708,33,0,1
BRDA:708,33,1,12
BRDA:716,34,0,5
BRDA:716,34,1,7
BRDA:717,35,0,2
BRDA:717,35,1,5
BRDA:718,36,0,12
BRDA:718,36,1,0
BRDA:723,37,0,24
BRDA:723,37,1,13
BRDA:739,38,0,12
BRDA:739,38,1,0
BRDA:740,39,0,14
BRDA:740,39,1,0
BRDA:771,40,0,12
BRDA:771,40,1,0
BRDA:776,41,0,12
BRDA:776,41,1,10
BRDA:776,42,0,0
BRDA:776,42,1,10
BRDA:776,43,0,10
BRDA:776,43,1,10
BRDA:781,44,0,12
BRDA:781,44,1,0
BRDA:782,45,0,12
BRDA:782,45,1,1
BRDA:783,46,0,12
BRDA:783,46,1,0
BRDA:803,47,0,270
BRDA:803,47,1,110
BRDA:804,48,0,270
BRDA:804,48,1,125
BRDA:809,49,0,10
BRDA:809,49,1,8
BRDA:813,50,0,215
BRDA:813,50,1,165
BRDA:813,50,2,165
BRDA:817,51,0,9
BRDA:817,51,1,1
BRDA:859,52,0,54
BRDA:859,52,1,0
BRDA:865,53,0,51
BRDA:865,53,1,782
BRDA:873,54,0,0
BRDA:873,54,1,51
BRDA:899,55,0,833
BRDA:899,55,1,51
BRDA:933,56,0,54
BRDA:933,56,1,0
BRDA:961,57,0,3
BRDA:961,57,1,854
BRDA:965,58,0,6
BRDA:965,58,1,848
BRDA:966,59,0,848
BRDA:966,59,1,6
BRDA:967,60,0,854
BRDA:967,60,1,0
BRDA:977,61,0,26
BRDA:977,61,1,25
BRDA:977,62,0,25
BRDA:977,62,1,1
BRDA:977,63,0,26
BRDA:977,63,1,1
BRDA:990,64,0,60
BRDA:990,64,1,0
BRDA:997,65,0,23
BRDA:997,65,1,0
BRDA:1020,66,0,7
BRDA:1020,66,1,13
BRDA:1071,67,0,5
BRDA:1071,67,1,1
BRDA:1075,68,0,1
BRDA:1075,68,1,4
BRDA:1086,69,0,6
BRDA:1086,69,1,0
BRDA:1089,70,0,1
BRDA:1089,70,1,5
BRDA:1122,71,0,6
BRDA:1122,71,1,6
BRDA:1123,72,0,6
BRDA:1123,72,1,0
BRDA:1129,73,0,6
BRDA:1129,73,1,0
BRDA:1133,74,0,6
BRDA:1133,74,1,6
BRDA:1144,75,0,6
BRDA:1144,75,1,6
BRDA:1184,76,0,17
BRDA:1184,76,1,8
BRDA:1185,77,0,17
BRDA:1185,77,1,17
BRDA:1190,78,0,2
BRDA:1190,78,1,17
BRDA:1192,79,0,4
BRDA:1192,79,1,13
BRDA:1200,80,0,15
BRDA:1200,80,1,9
BRDA:1211,81,0,0
BRDA:1211,81,1,15
BRDA:1224,82,0,15
BRDA:1224,82,1,0
BRDA:1267,83,0,26
BRDA:1267,83,1,0
BRDA:1269,84,0,26
BRDA:1269,84,1,26
BRDA:1273,85,0,4
BRDA:1273,85,1,22
BRDA:1277,86,0,4
BRDA:1277,86,1,22
BRDA:1285,87,0,23
BRDA:1285,87,1,0
BRDA:1307,88,0,23
BRDA:1307,88,1,8
BRF:179
BRH:154
end_of_record
TN:
SF:src/roadmaps/dto/roadmaps.dto.ts
FNF:0
FNH:0
DA:1,1
DA:26,1
DA:29,1
DA:33,1
DA:37,1
DA:42,1
DA:46,1
DA:53,1
DA:57,1
DA:60,1
DA:65,1
DA:70,1
DA:74,1
DA:77,1
DA:80,1
DA:83,1
DA:88,1
DA:91,1
DA:94,1
DA:97,1
DA:100,1
DA:103,1
DA:107,1
LF:23
LH:23
BRF:0
BRH:0
end_of_record
TN:
SF:src/security/activity-logger.service.ts
FN:10,(anonymous_2)
FN:48,(anonymous_3)
FN:82,(anonymous_4)
FN:95,(anonymous_5)
FN:118,(anonymous_6)
FN:147,(anonymous_7)
FN:193,(anonymous_8)
FN:209,(anonymous_9)
FN:220,(anonymous_10)
FN:228,(anonymous_11)
FN:259,(anonymous_12)
FN:281,(anonymous_13)
FN:299,(anonymous_14)
FN:315,(anonymous_15)
FN:331,(anonymous_16)
FN:345,(anonymous_17)
FN:358,(anonymous_18)
FN:368,(anonymous_19)
FN:386,(anonymous_20)
FN:404,(anonymous_21)
FN:418,(anonymous_22)
FNF:21
FNH:21
FNDA:7,(anonymous_2)
FNDA:7,(anonymous_3)
FNDA:32,(anonymous_4)
FNDA:24,(anonymous_5)
FNDA:3,(anonymous_6)
FNDA:4,(anonymous_7)
FNDA:3,(anonymous_8)
FNDA:3,(anonymous_9)
FNDA:3,(anonymous_10)
FNDA:2,(anonymous_11)
FNDA:1,(anonymous_12)
FNDA:3,(anonymous_13)
FNDA:1,(anonymous_14)
FNDA:3,(anonymous_15)
FNDA:2,(anonymous_16)
FNDA:2,(anonymous_17)
FNDA:2,(anonymous_18)
FNDA:23,(anonymous_19)
FNDA:1,(anonymous_20)
FNDA:23,(anonymous_21)
FNDA:3,(anonymous_22)
DA:1,7
DA:2,7
DA:3,7
DA:4,7
DA:5,7
DA:10,7
DA:12,7
DA:13,7
DA:14,7
DA:15,7
DA:16,7
DA:17,7
DA:20,7
DA:21,7
DA:24,7
DA:25,7
DA:26,7
DA:29,7
DA:30,7
DA:31,7
DA:34,7
DA:35,7
DA:36,7
DA:37,7
DA:40,7
DA:41,7
DA:42,7
DA:48,7
DA:49,7
DA:50,7
DA:51,7
DA:52,7
DA:73,7
DA:74,32
DA:79,32
DA:80,32
DA:83,32
DA:84,32
DA:85,32
DA:87,32
DA:88,32
DA:89,32
DA:96,24
DA:98,23
DA:104,23
DA:107,23
DA:108,1
DA:112,23
DA:119,3
DA:122,3
DA:123,3
DA:126,3
DA:128,3
DA:130,3
DA:141,3
DA:149,4
DA:150,4
DA:153,4
DA:154,4
DA:156,4
DA:157,4
DA:158,3
DA:160,3
DA:161,3
DA:164,3
DA:176,4
DA:201,3
DA:209,3
DA:221,3
DA:222,3
DA:235,2
DA:236,2
DA:237,2
DA:239,2
DA:241,2
DA:243,2
DA:265,1
DA:287,3
DA:300,1
DA:316,3
DA:317,1
DA:320,2
DA:321,2
DA:322,1
DA:325,2
DA:331,2
DA:346,2
DA:347,1
DA:350,1
DA:358,1
DA:359,2
DA:360,2
DA:369,23
DA:371,23
DA:373,4
DA:374,4
DA:376,6
DA:377,6
DA:379,4
DA:380,4
DA:382,9
DA:387,1
DA:388,1
DA:400,1
DA:406,23
DA:407,4
DA:408,4
DA:409,4
DA:412,4
DA:413,2
DA:419,3
DA:421,2
DA:423,1
DA:425,0
DA:427,0
LF:115
LH:113
BRDA:10,0,0,7
BRDA:10,0,1,7
BRDA:48,1,0,7
BRDA:48,1,1,7
BRDA:89,2,0,31
BRDA:89,2,1,1
BRDA:96,3,0,1
BRDA:96,3,1,23
BRDA:107,4,0,1
BRDA:107,4,1,22
BRDA:122,5,0,3
BRDA:122,5,1,1
BRDA:131,6,0,1
BRDA:131,6,1,2
BRDA:132,7,0,1
BRDA:132,7,1,2
BRDA:154,8,0,4
BRDA:154,8,1,1
BRDA:157,9,0,3
BRDA:157,9,1,1
BRDA:236,10,0,2
BRDA:236,10,1,1
BRDA:244,11,0,1
BRDA:244,11,1,1
BRDA:245,12,0,1
BRDA:245,12,1,1
BRDA:315,13,0,0
BRDA:316,14,0,1
BRDA:316,14,1,2
BRDA:321,15,0,1
BRDA:321,15,1,1
BRDA:335,16,0,0
BRDA:335,16,1,2
BRDA:335,17,0,2
BRDA:335,17,1,2
BRDA:336,18,0,0
BRDA:336,18,1,2
BRDA:336,19,0,2
BRDA:336,19,1,2
BRDA:346,20,0,1
BRDA:346,20,1,1
BRDA:369,21,0,23
BRDA:369,21,1,12
BRDA:371,22,0,4
BRDA:371,22,1,6
BRDA:371,22,2,4
BRDA:371,22,3,9
BRDA:406,23,0,4
BRDA:406,23,1,19
BRDA:408,24,0,4
BRDA:408,24,1,1
BRDA:412,25,0,2
BRDA:412,25,1,2
BRDA:419,26,0,2
BRDA:419,26,1,1
BRDA:419,26,2,0
BRDA:419,26,3,0
BRF:57
BRH:52
end_of_record
TN:
SF:src/security/code-scanner.service.ts
FN:7,(anonymous_2)
FN:243,(anonymous_3)
FN:251,(anonymous_4)
FN:314,(anonymous_5)
FN:315,(anonymous_6)
FN:331,(anonymous_7)
FN:349,(anonymous_8)
FN:356,(anonymous_9)
FN:357,(anonymous_10)
FN:367,(anonymous_11)
FN:379,(anonymous_12)
FN:389,(anonymous_13)
FN:397,(anonymous_14)
FNF:13
FNH:12
FNDA:8,(anonymous_2)
FNDA:54,(anonymous_3)
FNDA:47,(anonymous_4)
FNDA:38,(anonymous_5)
FNDA:38,(anonymous_6)
FNDA:45,(anonymous_7)
FNDA:5,(anonymous_8)
FNDA:1,(anonymous_9)
FNDA:1,(anonymous_10)
FNDA:2,(anonymous_11)
FNDA:0,(anonymous_12)
FNDA:3,(anonymous_13)
FNDA:6,(anonymous_14)
DA:1,8
DA:2,8
DA:7,8
DA:8,8
DA:9,8
DA:10,8
DA:11,8
DA:12,8
DA:54,8
DA:55,54
DA:59,54
DA:243,54
DA:244,54
DA:245,54
DA:252,47
DA:253,2
DA:260,45
DA:261,45
DA:262,45
DA:264,45
DA:266,1260
DA:267,366
DA:271,894
DA:272,894
DA:277,41
DA:278,43
DA:279,41
DA:280,41
DA:281,41
DA:284,2
DA:287,41
DA:297,894
DA:301,45
DA:304,45
DA:306,45
DA:312,45
DA:313,34
DA:314,38
DA:315,38
DA:318,34
DA:325,45
DA:332,45
DA:334,45
DA:335,45
DA:336,41
DA:337,41
DA:338,37
DA:342,45
DA:351,5
DA:352,4
DA:356,1
DA:357,1
DA:358,1
DA:370,2
DA:372,2
DA:373,3
DA:374,3
DA:375,3
DA:378,3
DA:379,0
DA:383,2
DA:390,3
DA:391,3
DA:398,6
DA:400,1
DA:402,1
DA:404,1
DA:406,1
DA:408,1
DA:410,1
LF:70
LH:69
BRDA:7,0,0,8
BRDA:7,0,1,8
BRDA:245,1,0,52
BRDA:245,1,1,2
BRDA:252,2,0,2
BRDA:252,2,1,45
BRDA:266,3,0,366
BRDA:266,3,1,894
BRDA:266,4,0,1260
BRDA:266,4,1,450
BRDA:272,5,0,41
BRDA:272,5,1,853
BRDA:278,6,0,41
BRDA:278,6,1,2
BRDA:304,7,0,45
BRDA:304,7,1,37
BRDA:312,8,0,34
BRDA:312,8,1,11
BRDA:337,9,0,37
BRDA:337,9,1,4
BRDA:351,10,0,4
BRDA:351,10,1,1
BRDA:378,11,0,0
BRDA:378,11,1,3
BRDA:391,12,0,3
BRDA:391,12,1,2
BRDA:398,13,0,1
BRDA:398,13,1,1
BRDA:398,13,2,1
BRDA:398,13,3,1
BRDA:398,13,4,1
BRDA:398,13,5,1
BRF:32
BRH:31
end_of_record
TN:
SF:src/security/ip-ban.service.ts
FN:10,(anonymous_2)
FN:45,(anonymous_3)
FN:61,(anonymous_4)
FN:79,(anonymous_5)
FN:87,(anonymous_6)
FN:113,(anonymous_7)
FN:141,(anonymous_8)
FN:158,(anonymous_9)
FN:166,(anonymous_10)
FN:174,(anonymous_11)
FN:182,(anonymous_12)
FN:199,(anonymous_13)
FN:223,(anonymous_14)
FNF:13
FNH:13
FNDA:6,(anonymous_2)
FNDA:36,(anonymous_3)
FNDA:7,(anonymous_4)
FNDA:13,(anonymous_5)
FNDA:10,(anonymous_6)
FNDA:6,(anonymous_7)
FNDA:4,(anonymous_8)
FNDA:2,(anonymous_9)
FNDA:1,(anonymous_10)
FNDA:1,(anonymous_11)
FNDA:4,(anonymous_12)
FNDA:4,(anonymous_13)
FNDA:3,(anonymous_14)
DA:1,6
DA:2,6
DA:3,6
DA:4,6
DA:5,6
DA:10,6
DA:11,6
DA:12,6
DA:13,6
DA:14,6
DA:15,6
DA:35,6
DA:36,36
DA:42,36
DA:43,36
DA:46,36
DA:47,36
DA:48,36
DA:50,36
DA:51,36
DA:52,36
DA:54,36
DA:55,36
DA:62,7
DA:64,6
DA:65,6
DA:68,4
DA:69,1
DA:70,1
DA:73,3
DA:80,13
DA:88,10
DA:90,9
DA:93,9
DA:94,9
DA:97,9
DA:99,9
DA:102,9
DA:103,2
DA:104,2
DA:107,7
DA:114,6
DA:116,5
DA:126,5
DA:133,5
DA:135,5
DA:142,4
DA:143,4
DA:145,4
DA:152,4
DA:159,2
DA:167,1
DA:175,1
DA:184,4
DA:185,1
DA:186,3
DA:188,1
DA:189,1
DA:190,2
DA:192,1
DA:200,4
DA:202,3
DA:203,2
DA:204,2
DA:208,2
DA:224,3
DA:226,3
DA:227,1
DA:230,2
DA:231,1
DA:232,1
DA:235,1
LF:72
LH:72
BRDA:10,0,0,6
BRDA:10,0,1,6
BRDA:54,1,0,32
BRDA:54,1,1,4
BRDA:62,2,0,1
BRDA:62,2,1,6
BRDA:65,3,0,2
BRDA:65,3,1,4
BRDA:68,4,0,1
BRDA:68,4,1,3
BRDA:88,5,0,1
BRDA:88,5,1,9
BRDA:93,6,0,9
BRDA:93,6,1,6
BRDA:102,7,0,2
BRDA:102,7,1,7
BRDA:114,8,0,1
BRDA:114,8,1,5
BRDA:121,9,0,5
BRDA:121,9,1,2
BRDA:159,10,0,2
BRDA:159,10,1,1
BRDA:184,11,0,1
BRDA:184,11,1,3
BRDA:186,12,0,1
BRDA:186,12,1,2
BRDA:190,13,0,1
BRDA:190,13,1,1
BRDA:200,14,0,1
BRDA:200,14,1,3
BRDA:202,15,0,2
BRDA:202,15,1,1
BRDA:204,16,0,2
BRDA:204,16,1,0
BRDA:213,17,0,0
BRDA:213,17,1,2
BRDA:213,18,0,2
BRDA:213,18,1,2
BRDA:226,19,0,1
BRDA:226,19,1,2
BRDA:230,20,0,1
BRDA:230,20,1,1
BRF:42
BRH:40
end_of_record
TN:
SF:src/security/security-validation.service.ts
FN:21,(anonymous_2)
FN:35,(anonymous_3)
FN:53,(anonymous_4)
FN:83,(anonymous_5)
FN:91,(anonymous_6)
FN:100,(anonymous_7)
FNF:6
FNH:6
FNDA:19,(anonymous_2)
FNDA:11,(anonymous_3)
FNDA:6,(anonymous_4)
FNDA:7,(anonymous_5)
FNDA:3,(anonymous_6)
FNDA:4,(anonymous_7)
DA:1,3
DA:2,3
DA:3,3
DA:4,3
DA:18,3
DA:19,19
DA:22,19
DA:23,19
DA:24,19
DA:40,11
DA:42,11
DA:43,6
DA:59,6
DA:61,6
DA:65,6
DA:67,2
DA:77,2
DA:80,6
DA:83,7
DA:92,3
DA:93,3
DA:101,4
LF:22
LH:22
BRDA:42,0,0,6
BRDA:42,0,1,5
BRDA:59,1,0,6
BRDA:59,1,1,3
BRDA:65,2,0,2
BRDA:65,2,1,4
BRF:6
BRH:6
end_of_record
TN:
SF:src/security/security.module.ts
FNF:0
FNH:0
DA:1,0
DA:2,0
DA:3,0
DA:4,0
DA:5,0
DA:6,0
DA:7,0
DA:8,0
DA:9,0
DA:10,0
DA:32,0
LF:11
LH:0
BRF:0
BRH:0
end_of_record
TN:
SF:src/security/guards/ip-ban.guard.ts
FN:11,(anonymous_2)
FN:13,(anonymous_3)
FN:23,(anonymous_4)
FNF:3
FNH:3
FNDA:11,(anonymous_2)
FNDA:10,(anonymous_3)
FNDA:10,(anonymous_4)
DA:1,1
DA:3,1
DA:10,1
DA:11,11
DA:14,10
DA:15,10
DA:18,10
DA:20,9
DA:24,10
DA:25,10
DA:26,3
DA:29,3
DA:32,7
DA:33,7
DA:34,2
DA:37,5
LF:16
LH:16
BRDA:25,0,0,3
BRDA:25,0,1,7
BRDA:26,1,0,1
BRDA:26,1,1,2
BRDA:33,2,0,2
BRDA:33,2,1,5
BRDA:34,3,0,1
BRDA:34,3,1,1
BRDA:37,4,0,5
BRDA:37,4,1,2
BRDA:37,4,2,1
BRF:11
BRH:11
end_of_record
TN:
SF:src/security/middleware/security.middleware.ts
FN:62,(anonymous_2)
FN:67,(anonymous_3)
FN:110,(anonymous_4)
FN:172,(anonymous_5)
FN:188,(anonymous_6)
FNF:5
FNH:5
FNDA:28,(anonymous_2)
FNDA:27,(anonymous_3)
FNDA:26,(anonymous_4)
FNDA:26,(anonymous_5)
FNDA:27,(anonymous_6)
DA:1,1
DA:3,1
DA:4,1
DA:15,1
DA:16,28
DA:20,28
DA:39,28
DA:53,28
DA:63,28
DA:64,28
DA:68,27
DA:69,27
DA:72,27
DA:73,27
DA:75,1
DA:83,26
DA:85,26
DA:87,19
DA:95,19
DA:96,14
DA:107,12
DA:115,26
DA:118,26
DA:119,256
DA:120,10
DA:130,10
DA:131,10
DA:136,16
DA:137,123
DA:138,5
DA:147,5
DA:148,5
DA:153,11
DA:154,56
DA:155,4
DA:164,4
DA:165,4
DA:169,7
DA:173,26
DA:181,26
DA:182,26
DA:185,26
DA:189,27
DA:190,27
DA:191,2
DA:194,2
DA:197,25
DA:198,25
DA:199,2
DA:202,23
LF:50
LH:50
BRDA:69,0,0,26
BRDA:69,0,1,1
BRDA:69,1,0,27
BRDA:69,1,1,27
BRDA:85,2,0,19
BRDA:85,2,1,7
BRDA:95,3,0,14
BRDA:95,3,1,5
BRDA:95,4,0,19
BRDA:95,4,1,9
BRDA:119,5,0,10
BRDA:119,5,1,246
BRDA:137,6,0,5
BRDA:137,6,1,118
BRDA:154,7,0,4
BRDA:154,7,1,52
BRDA:154,8,0,56
BRDA:154,8,1,52
BRDA:175,9,0,26
BRDA:175,9,1,0
BRDA:176,10,0,26
BRDA:176,10,1,0
BRDA:181,11,0,26
BRDA:181,11,1,0
BRDA:190,12,0,2
BRDA:190,12,1,25
BRDA:191,13,0,1
BRDA:191,13,1,1
BRDA:198,14,0,2
BRDA:198,14,1,23
BRDA:199,15,0,1
BRDA:199,15,1,1
BRDA:202,16,0,23
BRDA:202,16,1,1
BRDA:202,16,2,0
BRF:35
BRH:31
end_of_record
TN:
SF:src/sessions/session-cleanup.service.ts
FN:13,(anonymous_2)
FN:24,(anonymous_3)
FN:61,(anonymous_4)
FN:82,(anonymous_5)
FN:116,(anonymous_6)
FNF:5
FNH:5
FNDA:23,(anonymous_2)
FNDA:5,(anonymous_3)
FNDA:5,(anonymous_4)
FNDA:7,(anonymous_5)
FNDA:5,(anonymous_6)
DA:1,1
DA:2,1
DA:3,1
DA:10,1
DA:11,23
DA:13,23
DA:14,23
DA:24,1
DA:25,5
DA:27,5
DA:29,5
DA:36,4
DA:37,4
DA:44,4
DA:46,4
DA:47,2
DA:52,1
DA:61,1
DA:62,5
DA:64,5
DA:65,5
DA:71,4
DA:72,2
DA:75,1
DA:83,7
DA:84,7
DA:85,7
DA:87,7
DA:91,6
DA:98,6
DA:102,6
DA:106,6
DA:122,5
DA:124,5
DA:137,4
LF:35
LH:35
BRDA:46,0,0,2
BRDA:46,0,1,2
BRDA:71,1,0,2
BRDA:71,1,1,2
BRF:4
BRH:4
end_of_record
TN:
SF:src/sessions/sessions.controller.ts
FN:8,(anonymous_4)
FN:15,(anonymous_5)
FN:19,(anonymous_6)
FN:35,(anonymous_7)
FN:38,(anonymous_8)
FNF:5
FNH:5
FNDA:9,(anonymous_4)
FNDA:3,(anonymous_5)
FNDA:4,(anonymous_6)
FNDA:6,(anonymous_7)
FNDA:4,(anonymous_8)
DA:1,1
DA:2,1
DA:3,1
DA:7,1
DA:8,9
DA:15,1
DA:16,3
DA:19,4
DA:35,1
DA:37,6
DA:38,6
DA:40,6
DA:41,4
DA:48,2
DA:50,2
LF:15
LH:15
BRDA:40,0,0,4
BRDA:40,0,1,2
BRF:2
BRH:2
end_of_record
TN:
SF:src/sessions/sessions.module.ts
FNF:0
FNH:0
DA:1,0
DA:2,0
DA:3,0
DA:4,0
DA:5,0
DA:13,0
LF:6
LH:0
BRF:0
BRH:0
end_of_record
TN:
SF:src/sessions/sessions.service.ts
FN:8,(anonymous_2)
FN:14,(anonymous_3)
FN:26,(anonymous_4)
FN:57,(anonymous_5)
FN:84,(anonymous_6)
FN:104,(anonymous_7)
FN:116,(anonymous_8)
FN:138,(anonymous_9)
FN:161,(anonymous_10)
FN:189,(anonymous_11)
FNF:10
FNH:10
FNDA:22,(anonymous_2)
FNDA:10,(anonymous_3)
FNDA:4,(anonymous_4)
FNDA:4,(anonymous_5)
FNDA:2,(anonymous_6)
FNDA:1,(anonymous_7)
FNDA:3,(anonymous_8)
FNDA:2,(anonymous_9)
FNDA:3,(anonymous_10)
FNDA:2,(anonymous_11)
DA:1,4
DA:2,4
DA:4,4
DA:7,4
DA:8,22
DA:15,10
DA:33,4
DA:34,4
DA:37,4
DA:39,4
DA:59,4
DA:61,4
DA:65,4
DA:66,1
DA:70,3
DA:71,3
DA:72,2
DA:75,1
DA:85,2
DA:95,2
DA:105,1
DA:117,3
DA:119,3
DA:139,2
DA:141,2
DA:143,2
DA:151,1
DA:162,3
DA:163,3
DA:165,3
DA:181,3
DA:190,2
LF:32
LH:32
BRDA:65,0,0,1
BRDA:65,0,1,3
BRDA:71,1,0,2
BRDA:71,1,1,1
BRDA:71,2,0,3
BRDA:71,2,1,2
BRDA:161,3,0,2
BRF:7
BRH:7
end_of_record
TN:
SF:src/submissions/result-formatter.service.ts
FN:31,(anonymous_1)
FN:51,(anonymous_2)
FN:69,(anonymous_3)
FN:83,(anonymous_4)
FN:118,(anonymous_5)
FN:132,(anonymous_6)
FNF:6
FNH:6
FNDA:12,(anonymous_1)
FNDA:8,(anonymous_2)
FNDA:2,(anonymous_3)
FNDA:9,(anonymous_4)
FNDA:6,(anonymous_5)
FNDA:5,(anonymous_6)
DA:1,3
DA:24,3
DA:32,12
DA:33,5
DA:36,7
DA:37,7
DA:38,1
DA:41,6
DA:52,8
DA:53,3
DA:56,5
DA:59,5
DA:60,1
DA:63,4
DA:70,2
DA:85,9
DA:86,1
DA:90,8
DA:91,2
DA:95,6
DA:96,1
DA:100,5
DA:101,3
DA:102,1
DA:104,2
DA:108,2
DA:109,2
DA:112,0
DA:119,6
DA:126,6
DA:133,5
DA:139,5
LF:32
LH:31
BRDA:32,0,0,5
BRDA:32,0,1,7
BRDA:32,1,0,12
BRDA:32,1,1,10
BRDA:32,1,2,9
BRDA:32,1,3,8
BRDA:36,2,0,6
BRDA:36,2,1,1
BRDA:37,3,0,1
BRDA:37,3,1,6
BRDA:52,4,0,3
BRDA:52,4,1,5
BRDA:52,5,0,8
BRDA:52,5,1,5
BRDA:59,6,0,1
BRDA:59,6,1,4
BRDA:85,7,0,1
BRDA:85,7,1,8
BRDA:90,8,0,2
BRDA:90,8,1,6
BRDA:91,9,0,2
BRDA:91,9,1,1
BRDA:95,10,0,1
BRDA:95,10,1,5
BRDA:100,11,0,3
BRDA:100,11,1,2
BRDA:101,12,0,1
BRDA:101,12,1,2
BRDA:104,13,0,2
BRDA:104,13,1,1
BRDA:108,14,0,2
BRDA:108,14,1,0
BRDA:109,15,0,2
BRDA:109,15,1,1
BRDA:126,16,0,6
BRDA:126,16,1,1
BRDA:139,17,0,5
BRDA:139,17,1,1
BRF:38
BRH:37
end_of_record
TN:
SF:src/submissions/submissions.controller.ts
FN:26,(anonymous_4)
FN:35,(anonymous_5)
FN:38,(anonymous_6)
FN:53,(anonymous_7)
FN:74,(anonymous_8)
FN:94,(anonymous_9)
FN:97,(anonymous_10)
FN:98,(anonymous_11)
FN:99,(anonymous_12)
FN:119,(anonymous_13)
FN:122,(anonymous_14)
FN:123,(anonymous_15)
FN:124,(anonymous_16)
FN:147,(anonymous_17)
FN:158,(anonymous_18)
FN:168,(anonymous_19)
FN:181,(anonymous_20)
FN:192,(anonymous_21)
FN:204,(anonymous_22)
FN:217,(anonymous_23)
FNF:20
FNH:14
FNDA:48,(anonymous_4)
FNDA:26,(anonymous_5)
FNDA:4,(anonymous_6)
FNDA:15,(anonymous_7)
FNDA:3,(anonymous_8)
FNDA:8,(anonymous_9)
FNDA:0,(anonymous_10)
FNDA:0,(anonymous_11)
FNDA:0,(anonymous_12)
FNDA:5,(anonymous_13)
FNDA:0,(anonymous_14)
FNDA:0,(anonymous_15)
FNDA:0,(anonymous_16)
FNDA:3,(anonymous_17)
FNDA:2,(anonymous_18)
FNDA:2,(anonymous_19)
FNDA:4,(anonymous_20)
FNDA:3,(anonymous_21)
FNDA:3,(anonymous_22)
FNDA:3,(anonymous_23)
DA:1,1
DA:15,1
DA:16,1
DA:17,1
DA:18,1
DA:19,1
DA:20,1
DA:21,1
DA:25,1
DA:27,48
DA:28,48
DA:29,48
DA:36,26
DA:37,26
DA:38,4
DA:39,2
DA:41,24
DA:53,1
DA:54,15
DA:55,15
DA:74,1
DA:75,3
DA:94,1
DA:96,8
DA:97,0
DA:98,0
DA:99,0
DA:103,7
DA:104,7
DA:105,7
DA:119,1
DA:121,5
DA:122,0
DA:123,0
DA:124,0
DA:128,4
DA:129,4
DA:130,4
DA:147,1
DA:148,3
DA:149,3
DA:158,1
DA:159,2
DA:168,1
DA:169,2
DA:181,1
DA:182,4
DA:183,4
DA:192,1
DA:193,3
DA:204,1
DA:205,3
DA:207,3
DA:217,1
DA:218,3
DA:221,2
DA:222,1
DA:225,1
LF:58
LH:52
BRDA:37,0,0,2
BRDA:37,0,1,24
BRDA:41,1,0,24
BRDA:41,1,1,2
BRDA:41,1,2,1
BRDA:41,2,0,1
BRDA:41,2,1,1
BRDA:41,3,0,2
BRDA:41,3,1,2
BRDA:148,4,0,2
BRDA:148,4,1,1
BRDA:148,5,0,3
BRDA:148,5,1,2
BRDA:182,6,0,2
BRDA:182,6,1,2
BRDA:221,7,0,1
BRDA:221,7,1,1
BRF:17
BRH:17
end_of_record
TN:
SF:src/submissions/submissions.module.ts
FNF:0
FNH:0
DA:1,0
DA:2,0
DA:3,0
DA:4,0
DA:5,0
DA:6,0
DA:7,0
DA:8,0
DA:9,0
DA:10,0
DA:11,0
DA:12,0
DA:25,0
LF:13
LH:0
BRF:0
BRH:0
end_of_record
TN:
SF:src/submissions/submissions.service.ts
FN:80,(anonymous_2)
FN:96,(anonymous_3)
FN:219,(anonymous_4)
FN:260,(anonymous_5)
FN:373,(anonymous_6)
FN:447,(anonymous_7)
FN:449,(anonymous_8)
FN:486,(anonymous_9)
FN:502,(anonymous_10)
FN:528,(anonymous_11)
FN:578,(anonymous_12)
FN:590,(anonymous_13)
FN:623,(anonymous_14)
FN:652,(anonymous_15)
FN:664,(anonymous_16)
FN:685,(anonymous_17)
FNF:16
FNH:16
FNDA:59,(anonymous_2)
FNDA:21,(anonymous_3)
FNDA:5,(anonymous_4)
FNDA:12,(anonymous_5)
FNDA:6,(anonymous_6)
FNDA:2,(anonymous_7)
FNDA:2,(anonymous_8)
FNDA:2,(anonymous_9)
FNDA:3,(anonymous_10)
FNDA:4,(anonymous_11)
FNDA:3,(anonymous_12)
FNDA:2,(anonymous_13)
FNDA:33,(anonymous_14)
FNDA:33,(anonymous_15)
FNDA:26,(anonymous_16)
FNDA:19,(anonymous_17)
DA:1,2
DA:2,2
DA:3,2
DA:4,2
DA:5,2
DA:6,2
DA:7,2
DA:8,2
DA:9,2
DA:10,2
DA:11,2
DA:12,2
DA:77,2
DA:78,59
DA:81,59
DA:82,59
DA:83,59
DA:84,59
DA:85,59
DA:86,59
DA:87,59
DA:88,59
DA:89,59
DA:104,21
DA:107,21
DA:110,20
DA:111,20
DA:112,1
DA:118,19
DA:119,19
DA:120,1
DA:126,18
DA:129,17
DA:130,17
DA:134,17
DA:139,17
DA:142,17
DA:145,17
DA:150,17
DA:157,17
DA:158,17
DA:161,17
DA:180,17
DA:189,16
DA:190,8
DA:193,16
DA:227,5
DA:230,4
DA:233,4
DA:239,4
DA:240,1
DA:241,1
DA:244,3
DA:247,3
DA:250,3
DA:252,3
DA:276,12
DA:279,12
DA:283,11
DA:284,5
DA:285,5
DA:286,1
DA:293,10
DA:295,9
DA:298,9
DA:301,9
DA:304,9
DA:311,9
DA:312,9
DA:313,1
DA:314,1
DA:315,1
DA:318,9
DA:329,9
DA:330,4
DA:331,4
DA:359,3
DA:362,1
DA:366,9
DA:379,6
DA:392,6
DA:393,1
DA:396,5
DA:397,1
DA:400,4
DA:401,1
DA:405,3
DA:406,3
DA:407,1
DA:412,2
DA:415,2
DA:426,2
DA:433,2
DA:434,2
DA:437,2
DA:447,2
DA:449,2
DA:459,2
DA:467,2
DA:487,2
DA:492,2
DA:493,1
DA:496,1
DA:503,3
DA:539,4
DA:549,4
DA:550,1
DA:553,3
DA:572,3
DA:579,3
DA:597,2
DA:598,2
DA:599,2
DA:600,2
DA:602,2
DA:627,33
DA:642,33
DA:643,2
DA:646,31
DA:653,33
DA:654,33
DA:655,3
DA:670,26
DA:671,24
DA:678,2
DA:698,19
DA:699,9
DA:702,10
DA:704,10
DA:706,10
DA:715,8
DA:716,8
DA:719,8
DA:722,2
DA:723,1
DA:724,1
DA:726,1
LF:137
LH:137
BRDA:111,0,0,1
BRDA:111,0,1,19
BRDA:119,1,0,1
BRDA:119,1,1,18
BRDA:129,2,0,2
BRDA:129,2,1,15
BRDA:129,3,0,17
BRDA:129,3,1,17
BRDA:129,4,0,2
BRDA:129,4,1,15
BRDA:129,5,0,17
BRDA:129,5,1,15
BRDA:130,6,0,15
BRDA:130,6,1,2
BRDA:171,7,0,12
BRDA:171,7,1,5
BRDA:172,8,0,12
BRDA:172,8,1,5
BRDA:173,9,0,12
BRDA:173,9,1,5
BRDA:189,10,0,8
BRDA:189,10,1,8
BRDA:203,11,0,11
BRDA:203,11,1,5
BRDA:204,12,0,11
BRDA:204,12,1,5
BRDA:205,13,0,11
BRDA:205,13,1,5
BRDA:207,14,0,9
BRDA:207,14,1,7
BRDA:207,15,0,16
BRDA:207,15,1,7
BRDA:208,16,0,9
BRDA:208,16,1,7
BRDA:208,17,0,16
BRDA:208,17,1,7
BRDA:209,18,0,9
BRDA:209,18,1,7
BRDA:209,19,0,16
BRDA:209,19,1,7
BRDA:210,20,0,9
BRDA:210,20,1,7
BRDA:210,21,0,16
BRDA:210,21,1,7
BRDA:211,22,0,9
BRDA:211,22,1,7
BRDA:211,23,0,16
BRDA:211,23,1,7
BRDA:239,24,0,1
BRDA:239,24,1,3
BRDA:244,25,0,1
BRDA:244,25,1,2
BRDA:283,26,0,5
BRDA:283,26,1,6
BRDA:285,27,0,1
BRDA:285,27,1,4
BRDA:312,28,0,1
BRDA:312,28,1,8
BRDA:312,29,0,9
BRDA:312,29,1,4
BRDA:329,30,0,4
BRDA:329,30,1,5
BRDA:343,31,0,4
BRDA:343,31,1,0
BRDA:354,32,0,4
BRDA:354,32,1,0
BRDA:392,33,0,1
BRDA:392,33,1,5
BRDA:396,34,0,1
BRDA:396,34,1,4
BRDA:400,35,0,1
BRDA:400,35,1,3
BRDA:406,36,0,1
BRDA:406,36,1,2
BRDA:433,37,0,1
BRDA:433,37,1,1
BRDA:475,38,0,1
BRDA:475,38,1,1
BRDA:475,39,0,2
BRDA:475,39,1,1
BRDA:476,40,0,1
BRDA:476,40,1,1
BRDA:476,41,0,2
BRDA:476,41,1,1
BRDA:477,42,0,1
BRDA:477,42,1,1
BRDA:477,43,0,2
BRDA:477,43,1,1
BRDA:478,44,0,1
BRDA:478,44,1,1
BRDA:478,45,0,2
BRDA:478,45,1,1
BRDA:479,46,0,1
BRDA:479,46,1,1
BRDA:479,47,0,2
BRDA:479,47,1,1
BRDA:492,48,0,1
BRDA:492,48,1,1
BRDA:549,49,0,1
BRDA:549,49,1,3
BRDA:578,50,0,2
BRDA:625,51,0,21
BRDA:631,52,0,21
BRDA:631,52,1,12
BRDA:642,53,0,2
BRDA:642,53,1,31
BRDA:654,54,0,3
BRDA:654,54,1,30
BRDA:670,55,0,24
BRDA:670,55,1,2
BRDA:698,56,0,9
BRDA:698,56,1,10
BRDA:722,57,0,1
BRDA:722,57,1,1
BRDA:722,58,0,2
BRDA:722,58,1,1
BRF:116
BRH:114
end_of_record
TN:
SF:src/submissions/test-parser.service.ts
FN:56,(anonymous_1)
FN:73,(anonymous_2)
FN:86,(anonymous_3)
FN:109,(anonymous_4)
FN:155,(anonymous_5)
FN:163,(anonymous_6)
FN:180,(anonymous_7)
FN:194,(anonymous_8)
FN:229,(anonymous_9)
FN:252,(anonymous_10)
FNF:10
FNH:10
FNDA:13,(anonymous_1)
FNDA:13,(anonymous_2)
FNDA:5,(anonymous_3)
FNDA:9,(anonymous_4)
FNDA:2,(anonymous_5)
FNDA:9,(anonymous_6)
FNDA:18,(anonymous_7)
FNDA:3,(anonymous_8)
FNDA:6,(anonymous_9)
FNDA:6,(anonymous_10)
DA:1,3
DA:48,3
DA:57,13
DA:60,13
DA:61,13
DA:62,4
DA:66,9
DA:74,13
DA:76,13
DA:77,13
DA:78,9
DA:81,4
DA:82,4
DA:83,0
DA:86,5
DA:95,4
DA:101,0
DA:110,9
DA:111,9
DA:114,9
DA:117,9
DA:118,9
DA:121,9
DA:122,9
DA:123,9
DA:125,9
DA:131,9
DA:132,3
DA:133,3
DA:134,1
DA:135,1
DA:136,1
DA:140,9
DA:144,9
DA:145,9
DA:146,5
DA:153,4
DA:155,2
DA:164,9
DA:165,9
DA:168,9
DA:169,10
DA:170,9
DA:174,9
DA:181,18
DA:184,18
DA:185,9
DA:188,18
DA:199,3
DA:201,3
DA:208,3
DA:209,2
DA:212,1
DA:215,1
DA:219,1
DA:234,6
DA:235,1
DA:238,5
DA:239,1
DA:242,4
DA:243,2
DA:246,2
DA:253,6
DA:254,4
DA:256,2
LF:65
LH:63
BRDA:61,0,0,4
BRDA:61,0,1,9
BRDA:77,1,0,9
BRDA:77,1,1,4
BRDA:82,2,0,0
BRDA:82,2,1,4
BRDA:82,3,0,4
BRDA:82,3,1,4
BRDA:87,4,0,5
BRDA:87,4,1,1
BRDA:88,5,0,5
BRDA:88,5,1,2
BRDA:97,6,0,4
BRDA:97,6,1,1
BRDA:98,7,0,4
BRDA:98,7,1,0
BRDA:127,8,0,9
BRDA:127,8,1,6
BRDA:131,9,0,3
BRDA:131,9,1,6
BRDA:133,10,0,1
BRDA:133,10,1,2
BRDA:145,11,0,5
BRDA:145,11,1,4
BRDA:169,12,0,9
BRDA:169,12,1,1
BRDA:208,13,0,2
BRDA:208,13,1,1
BRDA:221,14,0,0
BRDA:221,14,1,1
BRDA:221,15,0,1
BRDA:221,15,1,1
BRDA:221,16,0,0
BRDA:221,16,1,1
BRDA:221,17,0,1
BRDA:221,17,1,1
BRDA:222,18,0,0
BRDA:222,18,1,1
BRDA:222,19,0,1
BRDA:222,19,1,1
BRDA:222,20,0,0
BRDA:222,20,1,1
BRDA:222,21,0,1
BRDA:222,21,1,1
BRDA:234,22,0,1
BRDA:234,22,1,5
BRDA:238,23,0,1
BRDA:238,23,1,4
BRDA:238,24,0,5
BRDA:238,24,1,2
BRDA:242,25,0,2
BRDA:242,25,1,2
BRDA:242,26,0,4
BRDA:242,26,1,3
BRDA:253,27,0,4
BRDA:253,27,1,2
BRDA:256,28,0,1
BRDA:256,28,1,1
BRF:58
BRH:52
end_of_record
TN:
SF:src/submissions/dto/submissions.dto.ts
FNF:0
FNH:0
DA:1,1
DA:4,1
DA:5,1
DA:7,1
DA:11,1
DA:15,1
DA:19,1
DA:22,1
DA:26,1
DA:30,1
DA:35,1
DA:38,1
DA:42,1
DA:46,1
DA:50,1
DA:54,1
DA:56,1
DA:60,1
DA:64,1
LF:19
LH:19
BRF:0
BRH:0
end_of_record
TN:
SF:src/subscriptions/access-control.service.ts
FN:17,(anonymous_2)
FN:23,(anonymous_3)
FN:33,(anonymous_4)
FN:51,(anonymous_5)
FN:79,(anonymous_6)
FN:88,(anonymous_7)
FN:125,(anonymous_8)
FN:152,(anonymous_9)
FN:196,(anonymous_10)
FN:210,(anonymous_11)
FN:230,(anonymous_12)
FNF:11
FNH:11
FNDA:39,(anonymous_2)
FNDA:49,(anonymous_3)
FNDA:27,(anonymous_4)
FNDA:20,(anonymous_5)
FNDA:3,(anonymous_6)
FNDA:7,(anonymous_7)
FNDA:4,(anonymous_8)
FNDA:3,(anonymous_9)
FNDA:2,(anonymous_10)
FNDA:5,(anonymous_11)
FNDA:4,(anonymous_12)
DA:1,7
DA:2,7
DA:6,7
DA:7,7
DA:11,7
DA:14,7
DA:15,39
DA:17,39
DA:24,49
DA:25,49
DA:26,49
DA:34,27
DA:36,27
DA:44,27
DA:53,20
DA:54,7
DA:57,13
DA:60,13
DA:72,13
DA:80,3
DA:81,3
DA:90,7
DA:101,7
DA:102,2
DA:105,5
DA:108,5
DA:109,2
DA:113,3
DA:118,3
DA:126,4
DA:137,4
DA:138,1
DA:141,3
DA:142,3
DA:153,3
DA:164,3
DA:165,1
DA:175,2
DA:176,2
DA:177,2
DA:181,2
DA:183,2
DA:197,2
DA:199,2
DA:211,5
DA:213,5
DA:234,4
DA:235,4
DA:238,4
DA:250,4
DA:253,4
DA:254,1
DA:259,4
LF:53
LH:53
BRDA:53,0,0,7
BRDA:53,0,1,13
BRDA:81,1,0,2
BRDA:81,1,1,1
BRDA:101,2,0,2
BRDA:101,2,1,5
BRDA:101,3,0,1
BRDA:101,3,1,6
BRDA:101,4,0,7
BRDA:101,4,1,6
BRDA:108,5,0,2
BRDA:108,5,1,3
BRDA:118,6,0,0
BRDA:118,6,1,3
BRDA:118,7,0,3
BRDA:118,7,1,3
BRDA:137,8,0,1
BRDA:137,8,1,3
BRDA:137,9,0,1
BRDA:137,9,1,3
BRDA:137,10,0,4
BRDA:137,10,1,3
BRDA:164,11,0,1
BRDA:164,11,1,2
BRDA:164,12,0,1
BRDA:164,12,1,2
BRDA:164,13,0,3
BRDA:164,13,1,2
BRDA:181,14,0,2
BRDA:181,14,1,0
BRDA:187,15,0,2
BRDA:187,15,1,2
BRDA:189,16,0,1
BRDA:189,16,1,1
BRDA:201,17,0,1
BRDA:201,17,1,1
BRDA:253,18,0,1
BRDA:253,18,1,3
BRDA:261,19,0,3
BRDA:261,19,1,1
BRF:40
BRH:38
end_of_record
TN:
SF:src/subscriptions/subscriptions.controller.ts
FN:24,(anonymous_4)
FN:36,(anonymous_5)
FN:44,(anonymous_6)
FN:53,(anonymous_7)
FN:62,(anonymous_8)
FN:74,(anonymous_9)
FN:88,(anonymous_10)
FN:102,(anonymous_11)
FN:127,(anonymous_12)
FNF:9
FNH:8
FNDA:26,(anonymous_4)
FNDA:4,(anonymous_5)
FNDA:3,(anonymous_6)
FNDA:3,(anonymous_7)
FNDA:4,(anonymous_8)
FNDA:4,(anonymous_9)
FNDA:6,(anonymous_10)
FNDA:0,(anonymous_11)
FNDA:3,(anonymous_12)
DA:1,1
DA:13,1
DA:14,1
DA:15,1
DA:16,1
DA:18,1
DA:21,1
DA:25,26
DA:26,26
DA:27,26
DA:29,26
DA:36,1
DA:37,4
DA:44,1
DA:45,3
DA:53,1
DA:54,3
DA:62,1
DA:66,4
DA:74,1
DA:78,4
DA:88,1
DA:93,6
DA:94,6
DA:102,1
DA:106,0
DA:107,0
DA:113,0
DA:114,0
DA:119,0
DA:127,1
DA:131,3
LF:32
LH:27
BRDA:29,0,0,26
BRDA:29,0,1,0
BRDA:93,1,0,6
BRDA:93,1,1,6
BRDA:106,2,0,0
BRDA:106,2,1,0
BRDA:113,3,0,0
BRDA:113,3,1,0
BRF:8
BRH:3
end_of_record
TN:
SF:src/subscriptions/subscriptions.module.ts
FNF:0
FNH:0
DA:1,0
DA:2,0
DA:3,0
DA:4,0
DA:5,0
DA:13,0
LF:6
LH:0
BRF:0
BRH:0
end_of_record
TN:
SF:src/subscriptions/subscriptions.service.ts
FN:7,(anonymous_2)
FN:12,(anonymous_3)
FN:33,(anonymous_4)
FN:49,(anonymous_5)
FN:65,(anonymous_6)
FN:91,(anonymous_7)
FN:136,(anonymous_8)
FN:161,(anonymous_9)
FN:193,(anonymous_10)
FN:210,(anonymous_11)
FNF:10
FNH:10
FNDA:36,(anonymous_2)
FNDA:4,(anonymous_3)
FNDA:10,(anonymous_4)
FNDA:2,(anonymous_5)
FNDA:4,(anonymous_6)
FNDA:7,(anonymous_7)
FNDA:4,(anonymous_8)
FNDA:3,(anonymous_9)
FNDA:4,(anonymous_10)
FNDA:4,(anonymous_11)
DA:1,2
DA:2,2
DA:6,2
DA:7,36
DA:13,4
DA:34,10
DA:39,10
DA:40,2
DA:43,8
DA:50,2
DA:55,2
DA:56,1
DA:59,1
DA:66,4
DA:92,7
DA:97,6
DA:98,6
DA:99,6
DA:102,6
DA:103,0
DA:109,6
DA:130,6
DA:137,4
DA:144,4
DA:145,2
DA:148,2
DA:162,3
DA:166,3
DA:167,1
DA:171,2
DA:172,2
DA:173,2
DA:174,2
DA:176,2
DA:177,0
DA:180,2
DA:194,4
DA:196,4
DA:211,4
DA:212,4
DA:213,4
DA:215,4
LF:42
LH:40
BRDA:39,0,0,2
BRDA:39,0,1,8
BRDA:55,1,0,1
BRDA:55,1,1,1
BRDA:102,2,0,0
BRDA:102,2,1,6
BRDA:119,3,0,1
BRDA:119,3,1,5
BRDA:119,4,0,6
BRDA:119,4,1,6
BRDA:125,5,0,1
BRDA:125,5,1,5
BRDA:125,6,0,6
BRDA:125,6,1,6
BRDA:144,7,0,2
BRDA:144,7,1,2
BRDA:166,8,0,1
BRDA:166,8,1,2
BRDA:176,9,0,0
BRDA:176,9,1,2
BRF:20
BRH:18
end_of_record
TN:
SF:src/subscriptions/dto/subscription.dto.ts
FNF:0
FNH:0
DA:1,0
DA:3,0
DA:5,0
DA:9,0
DA:12,0
DA:24,0
DA:35,0
DA:44,0
LF:8
LH:0
BRF:0
BRH:0
end_of_record
TN:
SF:src/tasks/tasks.controller.ts
FN:10,(anonymous_4)
FN:14,(anonymous_5)
FN:21,(anonymous_6)
FNF:3
FNH:3
FNDA:20,(anonymous_4)
FNDA:9,(anonymous_5)
FNDA:10,(anonymous_6)
DA:1,1
DA:2,1
DA:3,1
DA:5,1
DA:9,1
DA:10,20
DA:14,1
DA:16,9
DA:21,1
DA:22,10
LF:10
LH:10
BRDA:16,0,0,7
BRDA:16,0,1,2
BRDA:16,1,0,9
BRDA:16,1,1,3
BRDA:22,2,0,7
BRDA:22,2,1,3
BRDA:22,3,0,10
BRDA:22,3,1,3
BRF:8
BRH:8
end_of_record
TN:
SF:src/tasks/tasks.module.ts
FNF:0
FNH:0
DA:1,0
DA:2,0
DA:3,0
DA:10,0
LF:4
LH:0
BRF:0
BRH:0
end_of_record
TN:
SF:src/tasks/tasks.service.ts
FN:6,(anonymous_2)
FN:11,(anonymous_3)
FN:27,(anonymous_4)
FN:42,(anonymous_5)
FN:45,(anonymous_6)
FN:56,(anonymous_7)
FNF:6
FNH:6
FNDA:6,(anonymous_2)
FNDA:2,(anonymous_3)
FNDA:2,(anonymous_4)
FNDA:1,(anonymous_5)
FNDA:2,(anonymous_6)
FNDA:3,(anonymous_7)
DA:1,2
DA:2,2
DA:5,2
DA:6,6
DA:12,2
DA:26,2
DA:27,2
DA:31,1
DA:42,1
DA:45,2
DA:50,1
DA:57,3
DA:61,3
DA:62,1
DA:65,2
DA:67,2
DA:68,1
DA:75,1
DA:78,2
LF:19
LH:19
BRDA:26,0,0,1
BRDA:26,0,1,1
BRDA:47,1,0,1
BRDA:47,1,1,1
BRDA:61,2,0,1
BRDA:61,2,1,2
BRDA:67,3,0,1
BRDA:67,3,1,1
BRDA:75,4,0,1
BRDA:75,4,1,0
BRF:10
BRH:9
end_of_record
TN:
SF:src/user-courses/index.ts
FNF:0
FNH:0
DA:1,0
DA:2,0
DA:3,0
DA:4,0
LF:4
LH:0
BRF:0
BRH:0
end_of_record
TN:
SF:src/user-courses/user-courses.controller.ts
FN:20,(anonymous_4)
FN:27,(anonymous_5)
FN:37,(anonymous_6)
FN:47,(anonymous_7)
FN:65,(anonymous_8)
FNF:5
FNH:4
FNDA:14,(anonymous_4)
FNDA:4,(anonymous_5)
FNDA:4,(anonymous_6)
FNDA:5,(anonymous_7)
FNDA:0,(anonymous_8)
DA:1,1
DA:13,1
DA:14,1
DA:15,1
DA:19,1
DA:20,14
DA:27,1
DA:28,4
DA:37,1
DA:38,4
DA:47,1
DA:52,5
DA:65,1
DA:69,0
LF:14
LH:13
BRF:0
BRH:0
end_of_record
TN:
SF:src/user-courses/user-courses.module.ts
FNF:0
FNH:0
DA:1,0
DA:2,0
DA:3,0
DA:4,0
DA:12,0
LF:5
LH:0
BRF:0
BRH:0
end_of_record
TN:
SF:src/user-courses/user-courses.service.ts
FN:11,(anonymous_2)
FN:16,(anonymous_3)
FN:25,(anonymous_4)
FN:41,(anonymous_5)
FN:58,(anonymous_6)
FN:72,(anonymous_7)
FN:94,(anonymous_8)
FN:120,(anonymous_9)
FN:122,(anonymous_10)
FN:123,(anonymous_11)
FN:163,(anonymous_12)
FN:176,(anonymous_13)
FN:186,(anonymous_14)
FN:224,(anonymous_15)
FN:284,(anonymous_16)
FN:345,(anonymous_17)
FNF:16
FNH:16
FNDA:29,(anonymous_2)
FNDA:17,(anonymous_3)
FNDA:11,(anonymous_4)
FNDA:6,(anonymous_5)
FNDA:6,(anonymous_6)
FNDA:11,(anonymous_7)
FNDA:8,(anonymous_8)
FNDA:7,(anonymous_9)
FNDA:7,(anonymous_10)
FNDA:14,(anonymous_11)
FNDA:4,(anonymous_12)
FNDA:8,(anonymous_13)
FNDA:4,(anonymous_14)
FNDA:5,(anonymous_15)
FNDA:8,(anonymous_16)
FNDA:4,(anonymous_17)
DA:1,2
DA:2,2
DA:5,2
DA:8,2
DA:9,29
DA:11,29
DA:17,17
DA:18,17
DA:19,17
DA:26,11
DA:27,11
DA:35,11
DA:42,6
DA:45,6
DA:57,6
DA:58,6
DA:59,6
DA:60,3
DA:64,6
DA:73,11
DA:75,11
DA:78,11
DA:83,11
DA:88,9
DA:89,2
DA:90,2
DA:94,8
DA:95,7
DA:119,7
DA:121,7
DA:122,7
DA:123,14
DA:125,7
DA:130,7
DA:162,7
DA:163,7
DA:164,4
DA:165,4
DA:166,1
DA:168,4
DA:171,7
DA:175,7
DA:177,8
DA:180,7
DA:183,5
DA:184,5
DA:187,4
DA:188,4
DA:190,4
DA:194,4
DA:210,7
DA:212,2
DA:216,2
DA:225,5
DA:227,5
DA:231,3
DA:232,1
DA:236,2
DA:255,2
DA:257,2
DA:272,3
DA:276,3
DA:285,8
DA:287,8
DA:288,2
DA:292,6
DA:301,4
DA:302,1
DA:308,3
DA:322,3
DA:326,3
DA:333,5
DA:337,5
DA:346,4
DA:348,4
DA:367,2
DA:371,2
DA:376,2
DA:380,2
LF:79
LH:79
BRDA:59,0,0,3
BRDA:59,0,1,3
BRDA:78,1,0,5
BRDA:78,1,1,6
BRDA:88,2,0,2
BRDA:88,2,1,7
BRDA:165,3,0,1
BRDA:165,3,1,3
BRDA:177,4,0,1
BRDA:177,4,1,7
BRDA:180,5,0,2
BRDA:180,5,1,5
BRDA:188,6,0,4
BRDA:188,6,1,3
BRDA:188,7,0,3
BRDA:188,7,1,1
BRDA:188,8,0,4
BRDA:188,8,1,4
BRDA:190,9,0,0
BRDA:190,9,1,4
BRDA:206,10,0,0
BRDA:206,10,1,4
BRDA:214,11,0,1
BRDA:214,11,1,1
BRDA:231,12,0,1
BRDA:231,12,1,2
BRDA:274,13,0,2
BRDA:274,13,1,1
BRDA:287,14,0,2
BRDA:287,14,1,6
BRDA:287,15,0,8
BRDA:287,15,1,7
BRDA:301,16,0,1
BRDA:301,16,1,3
BRDA:318,17,0,1
BRDA:318,17,1,2
BRDA:335,18,0,4
BRDA:335,18,1,1
BRDA:378,19,0,1
BRDA:378,19,1,1
BRF:40
BRH:38
end_of_record
TN:
SF:src/user-courses/dto/user-courses.dto.ts
FNF:0
FNH:0
DA:1,1
DA:3,1
DA:7,1
LF:3
LH:3
BRF:0
BRH:0
end_of_record
TN:
SF:src/users/users.controller.ts
FN:10,(anonymous_5)
FN:14,(anonymous_6)
FN:30,(anonymous_7)
FN:40,(anonymous_8)
FN:55,(anonymous_9)
FN:61,(anonymous_10)
FN:77,(anonymous_11)
FN:92,(anonymous_12)
FNF:8
FNH:8
FNDA:21,(anonymous_5)
FNDA:5,(anonymous_6)
FNDA:2,(anonymous_7)
FNDA:4,(anonymous_8)
FNDA:2,(anonymous_9)
FNDA:5,(anonymous_10)
FNDA:4,(anonymous_11)
FNDA:12,(anonymous_12)
DA:2,1
DA:3,1
DA:4,1
DA:5,1
DA:9,1
DA:10,21
DA:14,1
DA:15,5
DA:18,3
DA:19,3
DA:21,3
DA:30,1
DA:31,2
DA:40,1
DA:45,4
DA:46,4
DA:47,4
DA:55,1
DA:56,2
DA:61,1
DA:62,5
DA:65,5
DA:66,5
DA:68,5
DA:77,1
DA:78,4
DA:81,4
DA:82,4
DA:84,4
DA:94,12
DA:97,12
DA:98,12
DA:100,12
DA:101,12
DA:104,12
LF:35
LH:35
BRDA:45,0,0,4
BRDA:45,0,1,1
BRDA:46,1,0,4
BRDA:46,1,1,2
BRDA:97,2,0,12
BRDA:97,2,1,0
BRDA:100,3,0,12
BRDA:100,3,1,0
BRF:8
BRH:6
end_of_record
TN:
SF:src/users/users.module.ts
FNF:0
FNH:0
DA:1,0
DA:2,0
DA:3,0
DA:10,0
LF:4
LH:0
BRF:0
BRH:0
end_of_record
TN:
SF:src/users/users.service.ts
FN:27,(anonymous_2)
FN:33,(anonymous_3)
FN:43,(anonymous_4)
FN:71,(anonymous_5)
FN:95,(anonymous_6)
FN:101,(anonymous_7)
FN:117,(anonymous_8)
FN:127,(anonymous_9)
FN:142,(anonymous_10)
FN:165,(anonymous_11)
FN:199,(anonymous_12)
FN:229,(anonymous_13)
FN:234,(anonymous_14)
FN:252,(anonymous_15)
FN:268,(anonymous_16)
FN:276,(anonymous_17)
FN:287,(anonymous_18)
FN:303,(anonymous_19)
FN:325,(anonymous_20)
FN:335,(anonymous_21)
FNF:20
FNH:19
FNDA:34,(anonymous_2)
FNDA:2,(anonymous_3)
FNDA:2,(anonymous_4)
FNDA:2,(anonymous_5)
FNDA:1,(anonymous_6)
FNDA:1,(anonymous_7)
FNDA:2,(anonymous_8)
FNDA:4,(anonymous_9)
FNDA:13,(anonymous_10)
FNDA:13,(anonymous_11)
FNDA:3,(anonymous_12)
FNDA:7,(anonymous_13)
FNDA:0,(anonymous_14)
FNDA:2,(anonymous_15)
FNDA:6,(anonymous_16)
FNDA:3,(anonymous_17)
FNDA:3,(anonymous_18)
FNDA:2,(anonymous_19)
FNDA:9,(anonymous_20)
FNDA:23,(anonymous_21)
DA:2,8
DA:3,8
DA:26,8
DA:27,34
DA:34,2
DA:44,2
DA:72,2
DA:96,1
DA:102,1
DA:118,2
DA:129,4
DA:135,4
DA:141,4
DA:142,4
DA:143,13
DA:144,12
DA:147,4
DA:150,4
DA:153,4
DA:156,4
DA:157,4
DA:160,4
DA:161,4
DA:162,4
DA:164,4
DA:165,4
DA:166,13
DA:167,12
DA:172,4
DA:177,4
DA:179,4
DA:181,4
DA:200,3
DA:201,3
DA:204,3
DA:205,3
DA:206,3
DA:208,3
DA:209,3
DA:210,3
DA:212,3
DA:223,3
DA:224,28
DA:225,28
DA:226,28
DA:228,28
DA:229,28
DA:230,7
DA:233,28
DA:234,28
DA:235,0
DA:238,28
DA:246,3
DA:253,2
DA:254,2
DA:255,2
DA:257,2
DA:267,2
DA:268,2
DA:269,6
DA:270,6
DA:271,3
DA:273,6
DA:276,3
DA:288,3
DA:295,3
DA:304,2
DA:314,2
DA:316,1
DA:329,9
DA:330,1
DA:334,8
DA:335,8
DA:336,23
DA:337,20
DA:341,8
DA:342,1
DA:346,7
DA:349,7
DA:350,7
DA:352,7
DA:353,11
DA:354,11
DA:355,11
DA:357,11
DA:358,10
DA:359,10
DA:361,1
DA:366,7
DA:367,7
DA:369,7
DA:372,7
DA:373,5
DA:374,5
DA:376,5
DA:377,8
DA:378,8
DA:382,7
LF:98
LH:97
BRDA:143,0,0,12
BRDA:143,0,1,1
BRDA:153,1,0,4
BRDA:153,1,1,4
BRDA:153,2,0,4
BRDA:153,2,1,0
BRDA:153,3,0,4
BRDA:153,3,1,0
BRDA:156,4,0,4
BRDA:156,4,1,4
BRDA:156,5,0,4
BRDA:156,5,1,0
BRDA:156,6,0,4
BRDA:156,6,1,0
BRDA:157,7,0,4
BRDA:157,7,1,4
BRDA:157,8,0,4
BRDA:157,8,1,0
BRDA:157,9,0,4
BRDA:157,9,1,0
BRDA:166,10,0,12
BRDA:166,10,1,1
BRDA:166,11,0,13
BRDA:166,11,1,12
BRDA:173,12,0,4
BRDA:173,12,1,4
BRDA:173,13,0,4
BRDA:173,13,1,0
BRDA:173,14,0,4
BRDA:173,14,1,0
BRDA:179,15,0,1
BRDA:179,15,1,3
BRDA:199,16,0,1
BRDA:199,17,0,2
BRDA:235,18,0,0
BRDA:235,18,1,0
BRDA:270,19,0,3
BRDA:270,19,1,3
BRDA:314,20,0,1
BRDA:314,20,1,1
BRDA:329,21,0,1
BRDA:329,21,1,8
BRDA:336,22,0,20
BRDA:336,22,1,3
BRDA:341,23,0,1
BRDA:341,23,1,7
BRDA:357,24,0,10
BRDA:357,24,1,1
BRDA:372,25,0,5
BRDA:372,25,1,2
BRDA:372,26,0,7
BRDA:372,26,1,3
BRDA:373,27,0,4
BRDA:373,27,1,1
BRF:54
BRH:44
end_of_record
TN:
SF:src/users/dto/users.dto.ts
FN:37,(anonymous_2)
FNF:1
FNH:0
FNDA:0,(anonymous_2)
DA:1,1
DA:2,1
DA:7,1
DA:11,1
DA:14,1
DA:17,1
DA:21,1
DA:25,1
DA:29,1
DA:33,1
DA:37,0
DA:39,1
DA:42,1
DA:44,1
DA:47,1
LF:15
LH:14
BRF:0
BRH:0
end_of_record
