{"/Users/isyahex/Desktop/prjct/kodla-starter/src/contexts/LanguageContext.tsx": {"path":"/Users/isyahex/Desktop/prjct/kodla-starter/src/contexts/LanguageContext.tsx","statementMap":{"0":{"start":{"line":24,"column":6},"end":{"line":24,"column":null}},"1":{"start":{"line":32,"column":2},"end":{"line":34,"column":null}},"2":{"start":{"line":33,"column":4},"end":{"line":33,"column":null}},"3":{"start":{"line":36,"column":23},"end":{"line":36,"column":null}},"4":{"start":{"line":37,"column":2},"end":{"line":39,"column":null}},"5":{"start":{"line":38,"column":4},"end":{"line":38,"column":null}},"6":{"start":{"line":42,"column":2},"end":{"line":42,"column":null}},"7":{"start":{"line":46,"column":28},"end":{"line":54,"column":null}},"8":{"start":{"line":57,"column":35},"end":{"line":65,"column":null}},"9":{"start":{"line":58,"column":4},"end":{"line":63,"column":null}},"10":{"start":{"line":59,"column":20},"end":{"line":59,"column":null}},"11":{"start":{"line":60,"column":6},"end":{"line":62,"column":null}},"12":{"start":{"line":61,"column":8},"end":{"line":61,"column":null}},"13":{"start":{"line":64,"column":4},"end":{"line":64,"column":null}},"14":{"start":{"line":67,"column":8},"end":{"line":70,"column":null}},"15":{"start":{"line":68,"column":4},"end":{"line":68,"column":null}},"16":{"start":{"line":69,"column":4},"end":{"line":69,"column":null}},"17":{"start":{"line":73,"column":8},"end":{"line":97,"column":null}},"18":{"start":{"line":74,"column":4},"end":{"line":76,"column":null}},"19":{"start":{"line":75,"column":6},"end":{"line":75,"column":null}},"20":{"start":{"line":79,"column":4},"end":{"line":81,"column":null}},"21":{"start":{"line":80,"column":6},"end":{"line":80,"column":null}},"22":{"start":{"line":84,"column":23},"end":{"line":84,"column":null}},"23":{"start":{"line":86,"column":4},"end":{"line":94,"column":null}},"24":{"start":{"line":87,"column":6},"end":{"line":93,"column":null}},"25":{"start":{"line":88,"column":9},"end":{"line":92,"column":null}},"26":{"start":{"line":96,"column":4},"end":{"line":96,"column":null}},"27":{"start":{"line":99,"column":2},"end":{"line":102,"column":null}},"28":{"start":{"line":107,"column":8},"end":{"line":107,"column":null}},"29":{"start":{"line":108,"column":2},"end":{"line":110,"column":null}},"30":{"start":{"line":109,"column":4},"end":{"line":109,"column":null}},"31":{"start":{"line":111,"column":2},"end":{"line":111,"column":null}},"32":{"start":{"line":115,"column":66},"end":{"line":1838,"column":null}},"33":{"start":{"line":1842,"column":74},"end":{"line":1846,"column":null}},"34":{"start":{"line":1849,"column":2},"end":{"line":1849,"column":null}},"35":{"start":{"line":1849,"column":13},"end":{"line":1849,"column":null}},"36":{"start":{"line":1851,"column":16},"end":{"line":1851,"column":null}},"37":{"start":{"line":1854,"column":2},"end":{"line":1857,"column":null}},"38":{"start":{"line":1868,"column":68},"end":{"line":1890,"column":null}},"39":{"start":{"line":1893,"column":2},"end":{"line":1896,"column":null}},"40":{"start":{"line":1895,"column":4},"end":{"line":1895,"column":null}},"41":{"start":{"line":1898,"column":2},"end":{"line":1900,"column":null}},"42":{"start":{"line":1899,"column":4},"end":{"line":1899,"column":null}},"43":{"start":{"line":1903,"column":19},"end":{"line":1903,"column":null}},"44":{"start":{"line":1904,"column":18},"end":{"line":1904,"column":null}},"45":{"start":{"line":1905,"column":18},"end":{"line":1905,"column":null}},"46":{"start":{"line":1907,"column":2},"end":{"line":1909,"column":null}},"47":{"start":{"line":1908,"column":4},"end":{"line":1908,"column":null}},"48":{"start":{"line":1910,"column":2},"end":{"line":1912,"column":null}},"49":{"start":{"line":1911,"column":4},"end":{"line":1911,"column":null}},"50":{"start":{"line":1913,"column":2},"end":{"line":1915,"column":null}},"51":{"start":{"line":1914,"column":4},"end":{"line":1914,"column":null}},"52":{"start":{"line":1916,"column":2},"end":{"line":1916,"column":null}},"53":{"start":{"line":1920,"column":16},"end":{"line":1920,"column":null}},"54":{"start":{"line":1921,"column":2},"end":{"line":1921,"column":null}},"55":{"start":{"line":1921,"column":14},"end":{"line":1921,"column":null}},"56":{"start":{"line":1923,"column":15},"end":{"line":1923,"column":null}},"57":{"start":{"line":1924,"column":2},"end":{"line":1924,"column":null}},"58":{"start":{"line":1928,"column":68},"end":{"line":1932,"column":null}},"59":{"start":{"line":1936,"column":23},"end":{"line":1936,"column":null}},"60":{"start":{"line":1938,"column":8},"end":{"line":1940,"column":null}},"61":{"start":{"line":1939,"column":4},"end":{"line":1939,"column":null}},"62":{"start":{"line":1943,"column":8},"end":{"line":1945,"column":null}},"63":{"start":{"line":1944,"column":4},"end":{"line":1944,"column":null}},"64":{"start":{"line":1948,"column":8},"end":{"line":1950,"column":null}},"65":{"start":{"line":1949,"column":4},"end":{"line":1949,"column":null}},"66":{"start":{"line":1953,"column":8},"end":{"line":1955,"column":null}},"67":{"start":{"line":1954,"column":4},"end":{"line":1954,"column":null}},"68":{"start":{"line":1957,"column":2},"end":{"line":1957,"column":null}}},"fnMap":{"0":{"name":"getTranslatedField","decl":{"start":{"line":27,"column":9},"end":{"line":27,"column":null}},"loc":{"start":{"line":31,"column":5},"end":{"line":43,"column":null}},"line":31},"1":{"name":"LanguageProvider","decl":{"start":{"line":56,"column":16},"end":{"line":56,"column":33}},"loc":{"start":{"line":56,"column":72},"end":{"line":104,"column":null}},"line":56},"2":{"name":"(anonymous_2)","decl":{"start":{"line":57,"column":58},"end":{"line":57,"column":64}},"loc":{"start":{"line":57,"column":64},"end":{"line":65,"column":3}},"line":57},"3":{"name":"(anonymous_3)","decl":{"start":{"line":67,"column":34},"end":{"line":67,"column":35}},"loc":{"start":{"line":67,"column":54},"end":{"line":70,"column":5}},"line":67},"4":{"name":"(anonymous_4)","decl":{"start":{"line":73,"column":24},"end":{"line":73,"column":55}},"loc":{"start":{"line":73,"column":109},"end":{"line":97,"column":5}},"line":73},"5":{"name":"useLanguage","decl":{"start":{"line":106,"column":16},"end":{"line":106,"column":30}},"loc":{"start":{"line":106,"column":30},"end":{"line":112,"column":null}},"line":106},"6":{"name":"formatTime","decl":{"start":{"line":1848,"column":9},"end":{"line":1848,"column":20}},"loc":{"start":{"line":1848,"column":62},"end":{"line":1858,"column":null}},"line":1848},"7":{"name":"getPluralForm","decl":{"start":{"line":1892,"column":9},"end":{"line":1892,"column":23}},"loc":{"start":{"line":1892,"column":82},"end":{"line":1917,"column":null}},"line":1892},"8":{"name":"pluralize","decl":{"start":{"line":1919,"column":9},"end":{"line":1919,"column":19}},"loc":{"start":{"line":1919,"column":76},"end":{"line":1925,"column":null}},"line":1919},"9":{"name":"useUITranslation","decl":{"start":{"line":1935,"column":16},"end":{"line":1935,"column":35}},"loc":{"start":{"line":1935,"column":35},"end":{"line":1958,"column":null}},"line":1935},"10":{"name":"(anonymous_10)","decl":{"start":{"line":1938,"column":26},"end":{"line":1938,"column":27}},"loc":{"start":{"line":1938,"column":51},"end":{"line":1940,"column":5}},"line":1938},"11":{"name":"(anonymous_11)","decl":{"start":{"line":1943,"column":42},"end":{"line":1943,"column":43}},"loc":{"start":{"line":1943,"column":68},"end":{"line":1945,"column":5}},"line":1943},"12":{"name":"(anonymous_12)","decl":{"start":{"line":1948,"column":29},"end":{"line":1948,"column":30}},"loc":{"start":{"line":1948,"column":70},"end":{"line":1950,"column":5}},"line":1948},"13":{"name":"(anonymous_13)","decl":{"start":{"line":1953,"column":33},"end":{"line":1953,"column":34}},"loc":{"start":{"line":1953,"column":60},"end":{"line":1955,"column":5}},"line":1953}},"branchMap":{"0":{"loc":{"start":{"line":32,"column":2},"end":{"line":34,"column":null}},"type":"if","locations":[{"start":{"line":32,"column":2},"end":{"line":34,"column":null}},{"start":{},"end":{}}],"line":32},"1":{"loc":{"start":{"line":37,"column":2},"end":{"line":39,"column":null}},"type":"if","locations":[{"start":{"line":37,"column":2},"end":{"line":39,"column":null}},{"start":{},"end":{}}],"line":37},"2":{"loc":{"start":{"line":37,"column":6},"end":{"line":37,"column":93}},"type":"binary-expr","locations":[{"start":{"line":37,"column":6},"end":{"line":37,"column":22}},{"start":{"line":37,"column":22},"end":{"line":37,"column":48}},{"start":{"line":37,"column":48},"end":{"line":37,"column":93}}],"line":37},"3":{"loc":{"start":{"line":58,"column":4},"end":{"line":63,"column":null}},"type":"if","locations":[{"start":{"line":58,"column":4},"end":{"line":63,"column":null}},{"start":{},"end":{}}],"line":58},"4":{"loc":{"start":{"line":60,"column":6},"end":{"line":62,"column":null}},"type":"if","locations":[{"start":{"line":60,"column":6},"end":{"line":62,"column":null}},{"start":{},"end":{}}],"line":60},"5":{"loc":{"start":{"line":60,"column":10},"end":{"line":60,"column":55}},"type":"binary-expr","locations":[{"start":{"line":60,"column":10},"end":{"line":60,"column":19}},{"start":{"line":60,"column":19},"end":{"line":60,"column":55}}],"line":60},"6":{"loc":{"start":{"line":74,"column":4},"end":{"line":76,"column":null}},"type":"if","locations":[{"start":{"line":74,"column":4},"end":{"line":76,"column":null}},{"start":{},"end":{}}],"line":74},"7":{"loc":{"start":{"line":79,"column":4},"end":{"line":81,"column":null}},"type":"if","locations":[{"start":{"line":79,"column":4},"end":{"line":81,"column":null}},{"start":{},"end":{}}],"line":79},"8":{"loc":{"start":{"line":87,"column":6},"end":{"line":93,"column":null}},"type":"if","locations":[{"start":{"line":87,"column":6},"end":{"line":93,"column":null}},{"start":{},"end":{}}],"line":87},"9":{"loc":{"start":{"line":108,"column":2},"end":{"line":110,"column":null}},"type":"if","locations":[{"start":{"line":108,"column":2},"end":{"line":110,"column":null}},{"start":{},"end":{}}],"line":108},"10":{"loc":{"start":{"line":1849,"column":2},"end":{"line":1849,"column":null}},"type":"if","locations":[{"start":{"line":1849,"column":2},"end":{"line":1849,"column":null}},{"start":{},"end":{}}],"line":1849},"11":{"loc":{"start":{"line":1893,"column":2},"end":{"line":1896,"column":null}},"type":"if","locations":[{"start":{"line":1893,"column":2},"end":{"line":1896,"column":null}},{"start":{},"end":{}}],"line":1893},"12":{"loc":{"start":{"line":1898,"column":2},"end":{"line":1900,"column":null}},"type":"if","locations":[{"start":{"line":1898,"column":2},"end":{"line":1900,"column":null}},{"start":{},"end":{}}],"line":1898},"13":{"loc":{"start":{"line":1899,"column":11},"end":{"line":1899,"column":null}},"type":"cond-expr","locations":[{"start":{"line":1899,"column":25},"end":{"line":1899,"column":33}},{"start":{"line":1899,"column":33},"end":{"line":1899,"column":null}}],"line":1899},"14":{"loc":{"start":{"line":1907,"column":2},"end":{"line":1909,"column":null}},"type":"if","locations":[{"start":{"line":1907,"column":2},"end":{"line":1909,"column":null}},{"start":{},"end":{}}],"line":1907},"15":{"loc":{"start":{"line":1907,"column":6},"end":{"line":1907,"column":38}},"type":"binary-expr","locations":[{"start":{"line":1907,"column":6},"end":{"line":1907,"column":23}},{"start":{"line":1907,"column":23},"end":{"line":1907,"column":38}}],"line":1907},"16":{"loc":{"start":{"line":1910,"column":2},"end":{"line":1912,"column":null}},"type":"if","locations":[{"start":{"line":1910,"column":2},"end":{"line":1912,"column":null}},{"start":{},"end":{}}],"line":1910},"17":{"loc":{"start":{"line":1913,"column":2},"end":{"line":1915,"column":null}},"type":"if","locations":[{"start":{"line":1913,"column":2},"end":{"line":1915,"column":null}},{"start":{},"end":{}}],"line":1913},"18":{"loc":{"start":{"line":1913,"column":6},"end":{"line":1913,"column":36}},"type":"binary-expr","locations":[{"start":{"line":1913,"column":6},"end":{"line":1913,"column":22}},{"start":{"line":1913,"column":22},"end":{"line":1913,"column":36}}],"line":1913},"19":{"loc":{"start":{"line":1920,"column":16},"end":{"line":1920,"column":null}},"type":"binary-expr","locations":[{"start":{"line":1920,"column":16},"end":{"line":1920,"column":50}},{"start":{"line":1920,"column":50},"end":{"line":1920,"column":null}}],"line":1920},"20":{"loc":{"start":{"line":1921,"column":2},"end":{"line":1921,"column":null}},"type":"if","locations":[{"start":{"line":1921,"column":2},"end":{"line":1921,"column":null}},{"start":{},"end":{}}],"line":1921},"21":{"loc":{"start":{"line":1939,"column":11},"end":{"line":1939,"column":null}},"type":"binary-expr","locations":[{"start":{"line":1939,"column":11},"end":{"line":1939,"column":45}},{"start":{"line":1939,"column":45},"end":{"line":1939,"column":72}},{"start":{"line":1939,"column":72},"end":{"line":1939,"column":null}}],"line":1939},"22":{"loc":{"start":{"line":1954,"column":11},"end":{"line":1954,"column":null}},"type":"binary-expr","locations":[{"start":{"line":1954,"column":11},"end":{"line":1954,"column":51}},{"start":{"line":1954,"column":51},"end":{"line":1954,"column":82}},{"start":{"line":1954,"column":82},"end":{"line":1954,"column":null}}],"line":1954}},"s":{"0":1,"1":17,"2":0,"3":17,"4":17,"5":14,"6":3,"7":1,"8":57,"9":43,"10":43,"11":43,"12":15,"13":28,"14":57,"15":15,"16":15,"17":57,"18":12,"19":2,"20":10,"21":1,"22":9,"23":9,"24":63,"25":17,"26":9,"27":57,"28":59,"29":59,"30":2,"31":57,"32":1,"33":1,"34":9,"35":1,"36":8,"37":8,"38":1,"39":19,"40":2,"41":17,"42":8,"43":9,"44":9,"45":9,"46":9,"47":1,"48":8,"49":3,"50":5,"51":3,"52":2,"53":20,"54":20,"55":1,"56":19,"57":19,"58":1,"59":23,"60":23,"61":10,"62":23,"63":9,"64":23,"65":20,"66":23,"67":10,"68":23},"f":{"0":17,"1":57,"2":43,"3":15,"4":12,"5":59,"6":9,"7":19,"8":20,"9":23,"10":10,"11":9,"12":20,"13":10},"b":{"0":[0,17],"1":[14,3],"2":[17,15,15],"3":[43,0],"4":[15,28],"5":[43,16],"6":[2,10],"7":[1,9],"8":[17,46],"9":[2,57],"10":[1,8],"11":[2,17],"12":[8,9],"13":[3,5],"14":[1,8],"15":[9,3],"16":[3,5],"17":[3,2],"18":[5,5],"19":[20,1],"20":[1,19],"21":[10,1,1],"22":[10,1,1]},"meta":{"lastBranch":23,"lastFunction":14,"lastStatement":69,"seen":{"s:24:6:24:Infinity":0,"f:27:9:27:Infinity":0,"b:32:2:34:Infinity:undefined:undefined:undefined:undefined":0,"s:32:2:34:Infinity":1,"s:33:4:33:Infinity":2,"s:36:23:36:Infinity":3,"b:37:2:39:Infinity:undefined:undefined:undefined:undefined":1,"s:37:2:39:Infinity":4,"b:37:6:37:22:37:22:37:48:37:48:37:93":2,"s:38:4:38:Infinity":5,"s:42:2:42:Infinity":6,"s:46:28:54:Infinity":7,"f:56:16:56:33":1,"s:57:35:65:Infinity":8,"f:57:58:57:64":2,"b:58:4:63:Infinity:undefined:undefined:undefined:undefined":3,"s:58:4:63:Infinity":9,"s:59:20:59:Infinity":10,"b:60:6:62:Infinity:undefined:undefined:undefined:undefined":4,"s:60:6:62:Infinity":11,"b:60:10:60:19:60:19:60:55":5,"s:61:8:61:Infinity":12,"s:64:4:64:Infinity":13,"s:67:8:70:Infinity":14,"f:67:34:67:35":3,"s:68:4:68:Infinity":15,"s:69:4:69:Infinity":16,"s:73:8:97:Infinity":17,"f:73:24:73:55":4,"b:74:4:76:Infinity:undefined:undefined:undefined:undefined":6,"s:74:4:76:Infinity":18,"s:75:6:75:Infinity":19,"b:79:4:81:Infinity:undefined:undefined:undefined:undefined":7,"s:79:4:81:Infinity":20,"s:80:6:80:Infinity":21,"s:84:23:84:Infinity":22,"s:86:4:94:Infinity":23,"b:87:6:93:Infinity:undefined:undefined:undefined:undefined":8,"s:87:6:93:Infinity":24,"s:88:9:92:Infinity":25,"s:96:4:96:Infinity":26,"s:99:2:102:Infinity":27,"f:106:16:106:30":5,"s:107:8:107:Infinity":28,"b:108:2:110:Infinity:undefined:undefined:undefined:undefined":9,"s:108:2:110:Infinity":29,"s:109:4:109:Infinity":30,"s:111:2:111:Infinity":31,"s:115:66:1838:Infinity":32,"s:1842:74:1846:Infinity":33,"f:1848:9:1848:20":6,"b:1849:2:1849:Infinity:undefined:undefined:undefined:undefined":10,"s:1849:2:1849:Infinity":34,"s:1849:13:1849:Infinity":35,"s:1851:16:1851:Infinity":36,"s:1854:2:1857:Infinity":37,"s:1868:68:1890:Infinity":38,"f:1892:9:1892:23":7,"b:1893:2:1896:Infinity:undefined:undefined:undefined:undefined":11,"s:1893:2:1896:Infinity":39,"s:1895:4:1895:Infinity":40,"b:1898:2:1900:Infinity:undefined:undefined:undefined:undefined":12,"s:1898:2:1900:Infinity":41,"s:1899:4:1899:Infinity":42,"b:1899:25:1899:33:1899:33:1899:Infinity":13,"s:1903:19:1903:Infinity":43,"s:1904:18:1904:Infinity":44,"s:1905:18:1905:Infinity":45,"b:1907:2:1909:Infinity:undefined:undefined:undefined:undefined":14,"s:1907:2:1909:Infinity":46,"b:1907:6:1907:23:1907:23:1907:38":15,"s:1908:4:1908:Infinity":47,"b:1910:2:1912:Infinity:undefined:undefined:undefined:undefined":16,"s:1910:2:1912:Infinity":48,"s:1911:4:1911:Infinity":49,"b:1913:2:1915:Infinity:undefined:undefined:undefined:undefined":17,"s:1913:2:1915:Infinity":50,"b:1913:6:1913:22:1913:22:1913:36":18,"s:1914:4:1914:Infinity":51,"s:1916:2:1916:Infinity":52,"f:1919:9:1919:19":8,"s:1920:16:1920:Infinity":53,"b:1920:16:1920:50:1920:50:1920:Infinity":19,"b:1921:2:1921:Infinity:undefined:undefined:undefined:undefined":20,"s:1921:2:1921:Infinity":54,"s:1921:14:1921:Infinity":55,"s:1923:15:1923:Infinity":56,"s:1924:2:1924:Infinity":57,"s:1928:68:1932:Infinity":58,"f:1935:16:1935:35":9,"s:1936:23:1936:Infinity":59,"s:1938:8:1940:Infinity":60,"f:1938:26:1938:27":10,"s:1939:4:1939:Infinity":61,"b:1939:11:1939:45:1939:45:1939:72:1939:72:1939:Infinity":21,"s:1943:8:1945:Infinity":62,"f:1943:42:1943:43":11,"s:1944:4:1944:Infinity":63,"s:1948:8:1950:Infinity":64,"f:1948:29:1948:30":12,"s:1949:4:1949:Infinity":65,"s:1953:8:1955:Infinity":66,"f:1953:33:1953:34":13,"s:1954:4:1954:Infinity":67,"b:1954:11:1954:51:1954:51:1954:82:1954:82:1954:Infinity":22,"s:1957:2:1957:Infinity":68}}}
}
